

Starting up. 04:22.09
---------------------
Adding game mode blob (blob) to configuration.
Adding game mode changeling (changeling) to configuration.
Adding game mode traitor+changeling (traitorchan) to configuration.
Adding game mode double agents (double_agents) to configuration.
Adding game mode traitor (traitor) to configuration.
Adding game mode cult (cult) to configuration.
Adding game mode extended (extended) to configuration.
Adding game mode AI malfunction (malfunction) to configuration.
Adding game mode meteor (meteor) to configuration.
Adding game mode necron (necron) to configuration.
Adding game mode Chaos Assault (nuclear) to configuration.
Adding game mode Memestealer Cult (Meme) to configuration.
Adding game mode sandbox (sandbox) to configuration.
Adding game mode wizard (wizard) to configuration.
Unknown game mode probability configuration definition: revolution.
Saved mode is 'extended'
[04:22:09]ADMIN: Loading Banlistjob
[04:22:09]ADMIN: Loading jobban_rank
[04:22:09]ADMIN: Loading appearance_rank
[04:22:09]ADMIN: appearance_keylist was empty
[04:22:09]ADMIN: Updating jobbanfile!
[04:22:09]ADMIN: Loading Banlist
[04:22:09]ADMIN: Loading RTD lists
[04:23:02]ACCESS: Login: Bobrossnibba/(Bobrossnibba) from 73.178.13.81-1508471533 || BYOND v513
[04:23:15]OOC: Bobrossnibba/Bobrossnibba : reee
[04:23:17]ADMIN: Bobrossnibba has started the game.
[04:23:19]ACCESS: Logout: *no key*/(Bobrossnibba)
[04:23:19]ACCESS: Login: Bobrossnibba/(Sage Ali) from 73.178.13.81-1508471533 || BYOND v513
[04:23:22]SAY: grey baby slime (757)/ : Rawr...
[04:23:24]SAY: Sage Ali/Bobrossnibba : cum
[04:23:31]SAY: Sage Ali/Bobrossnibba : CUM
[04:23:33]SAY: Sage Ali/Bobrossnibba : <i>ree</i>
[04:23:37]SAY: Sage Ali/Bobrossnibba : <i>ree</i>
[04:23:38]SAY: Sage Ali/Bobrossnibba : F
[04:23:39]SAY: Sage Ali/Bobrossnibba : F
[04:23:42]SAY: Sage Ali/Bobrossnibba : <i>OMG</i>
[04:23:43]SAY: Sage Ali/Bobrossnibba : <i>FUCK</i>
[04:23:45]SAY: Sage Ali/Bobrossnibba : <i>FUCK</i>
[04:26:41]ADMIN: Bobrossnibba/(Sage Ali) initiated a reboot.
[04:26:46]ACCESS: Logout: Bobrossnibba[DC]/(Sage Ali)


Starting up. 04:26.58
---------------------
Adding game mode blob (blob) to configuration.
Adding game mode changeling (changeling) to configuration.
Adding game mode traitor+changeling (traitorchan) to configuration.
Adding game mode double agents (double_agents) to configuration.
Adding game mode traitor (traitor) to configuration.
Adding game mode cult (cult) to configuration.
Adding game mode extended (extended) to configuration.
Adding game mode AI malfunction (malfunction) to configuration.
Adding game mode meteor (meteor) to configuration.
Adding game mode necron (necron) to configuration.
Adding game mode Chaos Assault (nuclear) to configuration.
Adding game mode Memestealer Cult (Meme) to configuration.
Adding game mode sandbox (sandbox) to configuration.
Adding game mode wizard (wizard) to configuration.
Unknown game mode probability configuration definition: revolution.
Saved mode is 'extended'
[04:26:58]ADMIN: Loading Banlistjob
[04:26:58]ADMIN: Loading jobban_rank
[04:26:58]ADMIN: Loading appearance_rank
[04:26:58]ADMIN: appearance_keylist was empty
[04:26:58]ADMIN: Updating jobbanfile!
[04:26:58]ADMIN: Loading Banlist
[04:26:58]ADMIN: Loading RTD lists
[04:27:52]ACCESS: Login: Bobrossnibba/(Bobrossnibba) from 73.178.13.81-1508471533 || BYOND v513
[04:28:12]ADMIN: Bobrossnibba has started the game.
[04:28:14]ACCESS: Logout: *no key*/(Bobrossnibba)
[04:28:14]ACCESS: Login: Bobrossnibba/(Sage Ali) from 73.178.13.81-1508471533 || BYOND v513
[04:28:20]SAY: Sage Ali/Bobrossnibba : test
[04:28:35]SAY: Sage Ali/Bobrossnibba : FIhwkehjfbkwjhebfkjwefkjhwen
[04:28:49]EMOTE: monkey (440)/ : <B>The monkey (440)</B> jumps!
[04:29:35]EMOTE: monkey (243)/ : <B>The monkey (243)</B> jumps!
[04:30:15]ACCESS: Logout: Bobrossnibba[DC]/(Sage Ali)


Starting up. 04:34.12
---------------------
Adding game mode blob (blob) to configuration.
Adding game mode changeling (changeling) to configuration.
Adding game mode traitor+changeling (traitorchan) to configuration.
Adding game mode double agents (double_agents) to configuration.
Adding game mode traitor (traitor) to configuration.
Adding game mode cult (cult) to configuration.
Adding game mode extended (extended) to configuration.
Adding game mode AI malfunction (malfunction) to configuration.
Adding game mode meteor (meteor) to configuration.
Adding game mode necron (necron) to configuration.
Adding game mode Chaos Assault (nuclear) to configuration.
Adding game mode Memestealer Cult (Meme) to configuration.
Adding game mode sandbox (sandbox) to configuration.
Adding game mode wizard (wizard) to configuration.
Unknown game mode probability configuration definition: revolution.
Saved mode is 'extended'
[04:34:12]ADMIN: Loading Banlistjob
[04:34:12]ADMIN: Loading jobban_rank
[04:34:12]ADMIN: Loading appearance_rank
[04:34:12]ADMIN: appearance_keylist was empty
[04:34:12]ADMIN: Updating jobbanfile!
[04:34:12]ADMIN: Loading Banlist
[04:34:12]ADMIN: Loading RTD lists
[04:35:50]ACCESS: Login: Bobrossnibba/(Bobrossnibba) from 73.178.13.81-1508471533 || BYOND v513
[04:35:57]ADMIN: Bobrossnibba has started the game.
[04:35:59]ACCESS: Logout: *no key*/(Bobrossnibba)
[04:35:59]ACCESS: Login: Bobrossnibba/(Sage Ali) from 73.178.13.81-1508471533 || BYOND v513
[04:36:05]SAY: Sage Ali/Bobrossnibba : lads
[04:36:07]SAY: Sage Ali/Bobrossnibba : wew
[04:36:08]SAY: Sage Ali/Bobrossnibba : f
[04:36:10]SAY: Sage Ali/Bobrossnibba : <i>coom</i>
[04:36:50]EMOTE: monkey (392)/ : <B>The monkey (392)</B> jumps!
[04:37:39]EMOTE: monkey (192)/ : <B>The monkey (192)</B> jumps!
[04:38:35]EMOTE: monkey (392)/ : <B>The monkey (392)</B> jumps!
[04:42:46]SAY: Sage Ali/Bobrossnibba : aF
[04:42:46]EMOTE: monkey (442)/ : <B>The monkey (442)</B> jumps!
[04:42:52]EMOTE: monkey (152)/ : <B>The monkey (152)</B> jumps!
[04:42:57]SAY: Sage Ali/Bobrossnibba : 555
[04:46:17]ADMIN: Bobrossnibba/(Sage Ali) initiated a reboot.
[04:46:22]ACCESS: Logout: Bobrossnibba[DC]/(Sage Ali)


Starting up. 04:46.33
---------------------
Adding game mode blob (blob) to configuration.
Adding game mode changeling (changeling) to configuration.
Adding game mode traitor+changeling (traitorchan) to configuration.
Adding game mode double agents (double_agents) to configuration.
Adding game mode traitor (traitor) to configuration.
Adding game mode cult (cult) to configuration.
Adding game mode extended (extended) to configuration.
Adding game mode AI malfunction (malfunction) to configuration.
Adding game mode meteor (meteor) to configuration.
Adding game mode necron (necron) to configuration.
Adding game mode Chaos Assault (nuclear) to configuration.
Adding game mode Memestealer Cult (Meme) to configuration.
Adding game mode sandbox (sandbox) to configuration.
Adding game mode wizard (wizard) to configuration.
Unknown game mode probability configuration definition: revolution.
Saved mode is 'extended'
[04:46:33]ADMIN: Loading Banlistjob
[04:46:33]ADMIN: Loading jobban_rank
[04:46:33]ADMIN: Loading appearance_rank
[04:46:33]ADMIN: appearance_keylist was empty
[04:46:33]ADMIN: Updating jobbanfile!
[04:46:33]ADMIN: Loading Banlist
[04:46:33]ADMIN: Loading RTD lists
[04:47:27]ACCESS: Login: Bobrossnibba/(Bobrossnibba) from 73.178.13.81-1508471533 || BYOND v513
[04:47:56]ADMIN: Bobrossnibba has started the game.
[04:47:58]ACCESS: Logout: *no key*/(Bobrossnibba)
[04:47:58]ACCESS: Login: Bobrossnibba/(Sage Ali) from 73.178.13.81-1508471533 || BYOND v513
[04:48:04]SAY: Sage Ali/Bobrossnibba : lad
[04:48:11]SAY: Sage Ali/Bobrossnibba : <i>wew</i>
[04:48:13]EMOTE: monkey (805)/ : <B>The monkey (805)</B> jumps!
[04:48:26]SAY: Sage Ali/Bobrossnibba : <i>wew</i>
[04:50:40]SAY: grey baby slime (987)/ : Blorble...
[04:50:48]EMOTE: monkey (240)/ : <B>The monkey (240)</B> jumps!
[04:52:26]ACCESS: Logout: Bobrossnibba[DC]/(Sage Ali)


Starting up. 13:29.00
---------------------
Adding game mode blob (blob) to configuration.
Adding game mode changeling (changeling) to configuration.
Adding game mode traitor+changeling (traitorchan) to configuration.
Adding game mode double agents (double_agents) to configuration.
Adding game mode traitor (traitor) to configuration.
Adding game mode cult (cult) to configuration.
Adding game mode extended (extended) to configuration.
Adding game mode AI malfunction (malfunction) to configuration.
Adding game mode meteor (meteor) to configuration.
Adding game mode necron (necron) to configuration.
Adding game mode Chaos Assault (nuclear) to configuration.
Adding game mode Memestealer Cult (Meme) to configuration.
Adding game mode sandbox (sandbox) to configuration.
Adding game mode wizard (wizard) to configuration.
Unknown game mode probability configuration definition: revolution.
Saved mode is 'extended'
[13:29:01]ADMIN: Loading Banlistjob
[13:29:01]ADMIN: Loading jobban_rank
[13:29:01]ADMIN: Loading appearance_rank
[13:29:01]ADMIN: appearance_keylist was empty
[13:29:01]ADMIN: Updating jobbanfile!
[13:29:01]ADMIN: Loading Banlist
[13:29:01]ADMIN: Loading RTD lists
[13:30:57]ACCESS: Login: Bobrossnibba/(Bobrossnibba) from 73.178.13.81-1508471533 || BYOND v513
[13:31:06]ADMIN: Bobrossnibba has started the game.
[13:31:07]ACCESS: Logout: *no key*/(Bobrossnibba)
[13:31:07]ACCESS: Login: Bobrossnibba/(Sage Ali) from 73.178.13.81-1508471533 || BYOND v513
[13:31:12]SAY: Sage Ali/Bobrossnibba : gay
[13:31:14]SAY: Sage Ali/Bobrossnibba : <i>gay</i>
[13:31:21]ADMIN: Bobrossnibba/(Sage Ali) has alienized Bobrossnibba.
[13:31:21]ADMIN: Bobrossnibba/(Sage Ali) made Bobrossnibba/(Sage Ali) into an alien.
[13:31:22]ACCESS: Logout: *no key*/(Sage Ali)
[13:31:22]ACCESS: Login: Bobrossnibba/(alien hunter (86)) from 73.178.13.81-1508471533 || BYOND v513
[13:31:25]SAY: alien hunter (86)/Bobrossnibba : test
[13:31:49]SAY: alien hunter (86)/Bobrossnibba : aaaaaaaaa
[13:33:44]EMOTE: monkey (117)/ : <B>The monkey (117)</B> jumps!
[13:35:32]EMOTE: monkey (839)/ : <B>The monkey (839)</B> jumps!
[13:35:52]EMOTE: monkey (792)/ : <B>The monkey (792)</B> jumps!
[13:36:39]EMOTE: monkey (792)/ : <B>The monkey (792)</B> jumps!
[13:38:07]EMOTE: monkey (823)/ : <B>The monkey (823)</B> jumps!
[13:38:09]EMOTE: monkey (429)/ : <B>The monkey (429)</B> jumps!
[13:38:35]EMOTE: monkey (33)/ : <B>The monkey (33)</B> jumps!
[13:38:39]SAY: grey baby slime (373)/ : Blorble...
[13:44:10]SAY: grey baby slime (701)/ : Blop...
[13:46:21]EMOTE: monkey (929)/ : <B>The monkey (929)</B> jumps!
[13:46:48]EMOTE: monkey (117)/ : <B>The monkey (117)</B> jumps!
[13:47:34]SAY: grey baby slime (373)/ : Rawr...
[13:48:09]SAY: grey baby slime (701)/ : Rawr...
[13:49:38]EMOTE: monkey (117)/ : <B>The monkey (117)</B> jumps!
[13:50:58]ADMIN: Bobrossnibba/(alien hunter (86)) toggled respawn to On.
[13:51:01]ADMIN: Bobrossnibba/(alien hunter (86)) used gibself.
[13:51:03]ACCESS: Logout: *no key*/(alien hunter (86))
[13:51:03]ACCESS: Login: Bobrossnibba/(alien hunter (86)) from 73.178.13.81-1508471533 || BYOND v513
[13:51:10]GAME: alien hunter (86)/Bobrossnibba used abandon mob.
[13:51:10]ACCESS: Logout: *no key*/(alien hunter (86))
[13:51:10]ACCESS: Login: Bobrossnibba/(new player) from 73.178.13.81-1508471533 || BYOND v513
[13:51:13]ACCESS: Logout: *no key*/(new player)
[13:51:13]ACCESS: Login: Bobrossnibba/(Sage Ali) from 73.178.13.81-1508471533 || BYOND v513
[13:51:16]SAY: Sage Ali/Bobrossnibba : k
[13:51:18]SAY: Sage Ali/Bobrossnibba : <i>eh</i>
[13:51:40]EMOTE: monkey (33)/ : <B>The monkey (33)</B> jumps!
[13:52:29]EMOTE: monkey (792)/ : <B>The monkey (792)</B> jumps!
[13:53:18]SAY: grey baby slime (701)/ : Blorble...
[13:54:09]EMOTE: monkey (264)/ : <B>The monkey (264)</B> jumps!
[13:54:13]SAY: grey baby slime (373)/ : Lonely...
[13:55:03]ADMIN: Bobrossnibba/(Sage Ali) initiated a reboot.
[13:55:08]ACCESS: Logout: Bobrossnibba[DC]/(Sage Ali)


Starting up. 13:55.20
---------------------
Adding game mode blob (blob) to configuration.
Adding game mode changeling (changeling) to configuration.
Adding game mode traitor+changeling (traitorchan) to configuration.
Adding game mode double agents (double_agents) to configuration.
Adding game mode traitor (traitor) to configuration.
Adding game mode cult (cult) to configuration.
Adding game mode extended (extended) to configuration.
Adding game mode AI malfunction (malfunction) to configuration.
Adding game mode meteor (meteor) to configuration.
Adding game mode necron (necron) to configuration.
Adding game mode Chaos Assault (nuclear) to configuration.
Adding game mode Memestealer Cult (Meme) to configuration.
Adding game mode sandbox (sandbox) to configuration.
Adding game mode wizard (wizard) to configuration.
Unknown game mode probability configuration definition: revolution.
Saved mode is 'extended'
[13:55:20]ADMIN: Loading Banlistjob
[13:55:20]ADMIN: Loading jobban_rank
[13:55:20]ADMIN: Loading appearance_rank
[13:55:20]ADMIN: appearance_keylist was empty
[13:55:20]ADMIN: Updating jobbanfile!
[13:55:20]ADMIN: Loading Banlist
[13:55:20]ADMIN: Loading RTD lists
[13:56:13]ACCESS: Login: Bobrossnibba/(Bobrossnibba) from 73.178.13.81-1508471533 || BYOND v513
[13:57:21]ADMIN: Bobrossnibba has started the game.
[13:57:22]ACCESS: Logout: *no key*/(Bobrossnibba)
[13:57:22]ACCESS: Login: Bobrossnibba/(Sage Ali) from 73.178.13.81-1508471533 || BYOND v513
[13:57:30]SAY: Sage Ali/Bobrossnibba : lad
[13:57:40]SAY: grey baby slime (918)/ : Blop...
[13:58:15]SAY: Sage Ali/Bobrossnibba : test
[13:58:21]EMOTE: monkey (53)/ : <B>The monkey (53)</B> jumps!
[13:59:03]EMOTE: monkey (100)/ : <B>The monkey (100)</B> jumps!
[13:59:16]EMOTE: monkey (497)/ : <B>The monkey (497)</B> jumps!
[13:59:45]ADMIN: Bobrossnibba/(Sage Ali) initiated a reboot.
[13:59:50]ACCESS: Logout: Bobrossnibba[DC]/(Sage Ali)


Starting up. 14:00.01
---------------------
Adding game mode blob (blob) to configuration.
Adding game mode changeling (changeling) to configuration.
Adding game mode traitor+changeling (traitorchan) to configuration.
Adding game mode double agents (double_agents) to configuration.
Adding game mode traitor (traitor) to configuration.
Adding game mode cult (cult) to configuration.
Adding game mode extended (extended) to configuration.
Adding game mode AI malfunction (malfunction) to configuration.
Adding game mode meteor (meteor) to configuration.
Adding game mode necron (necron) to configuration.
Adding game mode Chaos Assault (nuclear) to configuration.
Adding game mode Memestealer Cult (Meme) to configuration.
Adding game mode sandbox (sandbox) to configuration.
Adding game mode wizard (wizard) to configuration.
Unknown game mode probability configuration definition: revolution.
Saved mode is 'extended'
[14:00:01]ADMIN: Loading Banlistjob
[14:00:01]ADMIN: Loading jobban_rank
[14:00:01]ADMIN: Loading appearance_rank
[14:00:01]ADMIN: appearance_keylist was empty
[14:00:01]ADMIN: Updating jobbanfile!
[14:00:01]ADMIN: Loading Banlist
[14:00:01]ADMIN: Loading RTD lists
[14:00:53]ACCESS: Login: Bobrossnibba/(Bobrossnibba) from 73.178.13.81-1508471533 || BYOND v513
[14:01:08]ADMIN: Bobrossnibba has started the game.
[14:01:10]ACCESS: Logout: *no key*/(Bobrossnibba)
[14:01:10]ACCESS: Login: Bobrossnibba/(Sage Ali) from 73.178.13.81-1508471533 || BYOND v513
[14:01:15]SAY: Sage Ali/Bobrossnibba : OWO
[14:01:16]SAY: Sage Ali/Bobrossnibba : UWU
[14:01:25]SAY: Sage Ali/Bobrossnibba : <i>REEEEEEEEE</i>
[14:01:42]SAY: Sage Ali/Bobrossnibba : <i>reeeeeeeee</i>
[14:01:44]SAY: Sage Ali/Bobrossnibba : reeeeeee
[14:01:53]SAY: Sage Ali/Bobrossnibba : ree
[14:02:10]EMOTE: monkey (721)/ : <B>The monkey (721)</B> jumps!
[14:02:19]SAY: Sage Ali/Bobrossnibba : cum blast me
[14:02:20]SAY: Sage Ali/Bobrossnibba : and make it
[14:02:21]SAY: Sage Ali/Bobrossnibba : snappy
[14:02:27]SAY: Sage Ali/Bobrossnibba : wew
[14:03:13]EMOTE: monkey (868)/ : <B>The monkey (868)</B> jumps!
[14:04:11]ADMIN: Bobrossnibba/(Sage Ali) initiated a reboot.
[14:04:16]ACCESS: Logout: Bobrossnibba[DC]/(Sage Ali)


Starting up. 14:04.28
---------------------
Adding game mode blob (blob) to configuration.
Adding game mode changeling (changeling) to configuration.
Adding game mode traitor+changeling (traitorchan) to configuration.
Adding game mode double agents (double_agents) to configuration.
Adding game mode traitor (traitor) to configuration.
Adding game mode cult (cult) to configuration.
Adding game mode extended (extended) to configuration.
Adding game mode AI malfunction (malfunction) to configuration.
Adding game mode meteor (meteor) to configuration.
Adding game mode necron (necron) to configuration.
Adding game mode Chaos Assault (nuclear) to configuration.
Adding game mode Memestealer Cult (Meme) to configuration.
Adding game mode sandbox (sandbox) to configuration.
Adding game mode wizard (wizard) to configuration.
Unknown game mode probability configuration definition: revolution.
Saved mode is 'extended'
[14:04:28]ADMIN: Loading Banlistjob
[14:04:28]ADMIN: Loading jobban_rank
[14:04:28]ADMIN: Loading appearance_rank
[14:04:28]ADMIN: appearance_keylist was empty
[14:04:28]ADMIN: Updating jobbanfile!
[14:04:28]ADMIN: Loading Banlist
[14:04:28]ADMIN: Loading RTD lists
[14:05:23]ACCESS: Login: Bobrossnibba/(Bobrossnibba) from 73.178.13.81-1508471533 || BYOND v513
[14:05:31]ADMIN: Bobrossnibba has started the game.
[14:05:32]ACCESS: Logout: *no key*/(Bobrossnibba)
[14:05:32]ACCESS: Login: Bobrossnibba/(Sage Ali) from 73.178.13.81-1508471533 || BYOND v513
[14:05:37]SAY: Sage Ali/Bobrossnibba : cum
[14:05:45]SAY: Sage Ali/Bobrossnibba : blast me
[14:06:28]EMOTE: monkey (180)/ : <B>The monkey (180)</B> jumps!
[14:06:30]EMOTE: monkey (433)/ : <B>The monkey (433)</B> jumps!
[14:06:33]ACCESS: Logout: Bobrossnibba[DC]/(Sage Ali)


Starting up. 14:08.07
---------------------
Adding game mode blob (blob) to configuration.
Adding game mode changeling (changeling) to configuration.
Adding game mode traitor+changeling (traitorchan) to configuration.
Adding game mode double agents (double_agents) to configuration.
Adding game mode traitor (traitor) to configuration.
Adding game mode cult (cult) to configuration.
Adding game mode extended (extended) to configuration.
Adding game mode AI malfunction (malfunction) to configuration.
Adding game mode meteor (meteor) to configuration.
Adding game mode necron (necron) to configuration.
Adding game mode Chaos Assault (nuclear) to configuration.
Adding game mode Memestealer Cult (Meme) to configuration.
Adding game mode sandbox (sandbox) to configuration.
Adding game mode wizard (wizard) to configuration.
Unknown game mode probability configuration definition: revolution.
Saved mode is 'extended'
[14:08:07]ADMIN: Loading Banlistjob
[14:08:07]ADMIN: Loading jobban_rank
[14:08:07]ADMIN: Loading appearance_rank
[14:08:07]ADMIN: appearance_keylist was empty
[14:08:07]ADMIN: Updating jobbanfile!
[14:08:07]ADMIN: Loading Banlist
[14:08:07]ADMIN: Loading RTD lists
[14:09:57]ACCESS: Login: Bobrossnibba/(Bobrossnibba) from 73.178.13.81-1508471533 || BYOND v513
[14:10:11]ADMIN: Bobrossnibba has started the game.
[14:10:13]ACCESS: Logout: *no key*/(Bobrossnibba)
[14:10:13]ACCESS: Login: Bobrossnibba/(Sage Ali) from 73.178.13.81-1508471533 || BYOND v513
[14:10:19]SAY: Sage Ali/Bobrossnibba : cum
[14:10:20]SAY: Sage Ali/Bobrossnibba : cum
[14:10:20]SAY: Sage Ali/Bobrossnibba : cum
[14:10:22]SAY: Sage Ali/Bobrossnibba : wew
[14:11:00]ACCESS: Logout: Bobrossnibba[DC]/(Sage Ali)


Starting up. 14:15.49
---------------------
Adding game mode blob (blob) to configuration.
Adding game mode changeling (changeling) to configuration.
Adding game mode traitor+changeling (traitorchan) to configuration.
Adding game mode double agents (double_agents) to configuration.
Adding game mode traitor (traitor) to configuration.
Adding game mode cult (cult) to configuration.
Adding game mode extended (extended) to configuration.
Adding game mode AI malfunction (malfunction) to configuration.
Adding game mode meteor (meteor) to configuration.
Adding game mode necron (necron) to configuration.
Adding game mode Chaos Assault (nuclear) to configuration.
Adding game mode Memestealer Cult (Meme) to configuration.
Adding game mode sandbox (sandbox) to configuration.
Adding game mode wizard (wizard) to configuration.
Unknown game mode probability configuration definition: revolution.
Saved mode is 'extended'
[14:15:49]ADMIN: Loading Banlistjob
[14:15:49]ADMIN: Loading jobban_rank
[14:15:49]ADMIN: Loading appearance_rank
[14:15:49]ADMIN: appearance_keylist was empty
[14:15:49]ADMIN: Updating jobbanfile!
[14:15:49]ADMIN: Loading Banlist
[14:15:49]ADMIN: Loading RTD lists
[14:19:55]ACCESS: Login: Bobrossnibba/(Bobrossnibba) from 73.178.13.81-1508471533 || BYOND v513
[14:20:30]ADMIN: Bobrossnibba has started the game.
[14:20:33]ACCESS: Logout: *no key*/(Bobrossnibba)
[14:20:33]ACCESS: Login: Bobrossnibba/(Sage Ali) from 73.178.13.81-1508471533 || BYOND v513
[14:22:57]SAY: grey baby slime (834)/ : Rawr...
[14:24:14]EMOTE: monkey (297)/ : <B>The monkey (297)</B> jumps!
[14:25:20]ACCESS: Logout: Bobrossnibba[DC]/(Sage Ali)
[15:02:33]ACCESS: Login: Bobrossnibba/(Sage Ali) from 73.178.13.81-1508471533 || BYOND v513
[15:02:38]EMOTE: monkey (864)/ : <B>The monkey (864)</B> jumps!
[15:02:58]ADMIN: Bobrossnibba/(Sage Ali) removed suriyel from Salamanders.
[15:03:03]ADMIN: Bobrossnibba/(Sage Ali) added suriyel to PM.
[15:03:54]ADMIN: Bobrossnibba/(Sage Ali) added obearos to SOB.
[15:04:32]EMOTE: monkey (297)/ : <B>The monkey (297)</B> jumps!
[15:04:43]ADMIN: Bobrossnibba/(Sage Ali) added eonoc to Stormtroopers.
[15:05:02]EMOTE: monkey (118)/ : <B>The monkey (118)</B> jumps!
[15:05:11]ADMIN: Bobrossnibba/(Sage Ali) added mneme to OH.
[15:06:51]ADMIN: Bobrossnibba/(Sage Ali) added kriegsman to Salamanders.
[15:07:11]EMOTE: monkey (455)/ : <B>The monkey (455)</B> jumps!
[15:07:23]EMOTE: monkey (118)/ : <B>The monkey (118)</B> jumps!
[15:07:25]ACCESS: Logout: Bobrossnibba[DC]/(Sage Ali)


Starting up. 17:15.19
---------------------
Adding game mode blob (blob) to configuration.
Adding game mode changeling (changeling) to configuration.
Adding game mode traitor+changeling (traitorchan) to configuration.
Adding game mode double agents (double_agents) to configuration.
Adding game mode traitor (traitor) to configuration.
Adding game mode cult (cult) to configuration.
Adding game mode extended (extended) to configuration.
Adding game mode AI malfunction (malfunction) to configuration.
Adding game mode meteor (meteor) to configuration.
Adding game mode necron (necron) to configuration.
Adding game mode Chaos Assault (nuclear) to configuration.
Adding game mode Memestealer Cult (Meme) to configuration.
Adding game mode sandbox (sandbox) to configuration.
Adding game mode wizard (wizard) to configuration.
Unknown game mode probability configuration definition: revolution.
Saved mode is 'extended'
[17:15:19]ADMIN: Loading Banlistjob
[17:15:19]ADMIN: Loading jobban_rank
[17:15:19]ADMIN: Loading appearance_rank
[17:15:19]ADMIN: appearance_keylist was empty
[17:15:19]ADMIN: Updating jobbanfile!
[17:15:19]ADMIN: Loading Banlist
[17:15:19]ADMIN: Loading RTD lists
[17:16:58]ACCESS: Login: Bobrossnibba/(Bobrossnibba) from 73.178.13.81-1508471533 || BYOND v513
[17:17:05]ADMIN: Bobrossnibba has started the game.
[17:17:07]ACCESS: Logout: *no key*/(Bobrossnibba)
[17:17:07]ACCESS: Login: Bobrossnibba/(Sage Ali) from 73.178.13.81-1508471533 || BYOND v513
[17:17:22]EMOTE: monkey (968)/ : <B>The monkey (968)</B> jumps!
[17:17:59]ADMIN: Bobrossnibba/(Sage Ali) added frane2003 to Ultramarines.
[17:18:26]ADMIN: Bobrossnibba/(Sage Ali) added vampire132978123 to Tau.
[17:18:40]ADMIN: Bobrossnibba/(Sage Ali) removed vampire132978123 from PM.
[17:18:50]ACCESS: Logout: Bobrossnibba[DC]/(Sage Ali)


Starting up. 22:16.48
---------------------
Adding game mode blob (blob) to configuration.
Adding game mode changeling (changeling) to configuration.
Adding game mode traitor+changeling (traitorchan) to configuration.
Adding game mode double agents (double_agents) to configuration.
Adding game mode traitor (traitor) to configuration.
Adding game mode cult (cult) to configuration.
Adding game mode extended (extended) to configuration.
Adding game mode AI malfunction (malfunction) to configuration.
Adding game mode meteor (meteor) to configuration.
Adding game mode necron (necron) to configuration.
Adding game mode Chaos Assault (nuclear) to configuration.
Adding game mode Memestealer Cult (Meme) to configuration.
Adding game mode sandbox (sandbox) to configuration.
Adding game mode wizard (wizard) to configuration.
Unknown game mode probability configuration definition: revolution.
Saved mode is 'extended'
[22:16:48]ADMIN: Loading Banlistjob
[22:16:48]ADMIN: Loading jobban_rank
[22:16:48]ADMIN: Loading appearance_rank
[22:16:48]ADMIN: appearance_keylist was empty
[22:16:48]ADMIN: Updating jobbanfile!
[22:16:48]ADMIN: Loading Banlist
[22:16:48]ADMIN: Loading RTD lists
[22:22:53]ACCESS: Login: Bobrossnibba/(Bobrossnibba) from 73.178.13.81-1508471533 || BYOND v513
[22:23:44]ACCESS: Logout: Bobrossnibba[DC]/(Bobrossnibba)


Starting up. 22:29.29
---------------------
Adding game mode blob (blob) to configuration.
Adding game mode changeling (changeling) to configuration.
Adding game mode traitor+changeling (traitorchan) to configuration.
Adding game mode double agents (double_agents) to configuration.
Adding game mode traitor (traitor) to configuration.
Adding game mode cult (cult) to configuration.
Adding game mode extended (extended) to configuration.
Adding game mode AI malfunction (malfunction) to configuration.
Adding game mode meteor (meteor) to configuration.
Adding game mode necron (necron) to configuration.
Adding game mode Chaos Assault (nuclear) to configuration.
Adding game mode Memestealer Cult (Meme) to configuration.
Adding game mode sandbox (sandbox) to configuration.
Adding game mode wizard (wizard) to configuration.
Unknown game mode probability configuration definition: revolution.
Saved mode is 'extended'
[22:29:29]ADMIN: Loading Banlistjob
[22:29:29]ADMIN: Loading jobban_rank
[22:29:29]ADMIN: Loading appearance_rank
[22:29:29]ADMIN: appearance_keylist was empty
[22:29:29]ADMIN: Updating jobbanfile!
[22:29:29]ADMIN: Loading Banlist
[22:29:29]ADMIN: Loading RTD lists
[22:31:18]ACCESS: Login: Bobrossnibba/(Bobrossnibba) from 73.178.13.81-1508471533 || BYOND v513
[22:31:46]ADMIN: Bobrossnibba has started the game.
[22:31:48]ACCESS: Logout: *no key*/(Bobrossnibba)
[22:31:48]ACCESS: Login: Bobrossnibba/(Sage Ali) from 73.178.13.81-1508471533 || BYOND v513
[22:34:36]ADMIN: Bobrossnibba/(Sage Ali) initiated a reboot.
[22:34:41]ACCESS: Logout: Bobrossnibba[DC]/(Sage Ali)


Starting up. 22:34.55
---------------------
Adding game mode blob (blob) to configuration.
Adding game mode changeling (changeling) to configuration.
Adding game mode traitor+changeling (traitorchan) to configuration.
Adding game mode double agents (double_agents) to configuration.
Adding game mode traitor (traitor) to configuration.
Adding game mode cult (cult) to configuration.
Adding game mode extended (extended) to configuration.
Adding game mode AI malfunction (malfunction) to configuration.
Adding game mode meteor (meteor) to configuration.
Adding game mode necron (necron) to configuration.
Adding game mode Chaos Assault (nuclear) to configuration.
Adding game mode Memestealer Cult (Meme) to configuration.
Adding game mode sandbox (sandbox) to configuration.
Adding game mode wizard (wizard) to configuration.
Unknown game mode probability configuration definition: revolution.
Saved mode is 'extended'
[22:34:55]ADMIN: Loading Banlistjob
[22:34:55]ADMIN: Loading jobban_rank
[22:34:55]ADMIN: Loading appearance_rank
[22:34:55]ADMIN: appearance_keylist was empty
[22:34:55]ADMIN: Updating jobbanfile!
[22:34:55]ADMIN: Loading Banlist
[22:34:55]ADMIN: Loading RTD lists
[22:35:53]ACCESS: Login: Bobrossnibba/(Bobrossnibba) from 73.178.13.81-1508471533 || BYOND v513
[22:36:07]ADMIN: Bobrossnibba has started the game.
[22:36:08]ACCESS: Logout: *no key*/(Bobrossnibba)
[22:36:08]ACCESS: Login: Bobrossnibba/(Sage Ali) from 73.178.13.81-1508471533 || BYOND v513
[22:39:16]EMOTE: monkey (205)/ : <B>The monkey (205)</B> jumps!
[22:40:10]EMOTE: monkey (205)/ : <B>The monkey (205)</B> jumps!
[22:41:09]ACCESS: Logout: Bobrossnibba[DC]/(Sage Ali)


Starting up. 23:00.01
---------------------
Adding game mode blob (blob) to configuration.
Adding game mode changeling (changeling) to configuration.
Adding game mode traitor+changeling (traitorchan) to configuration.
Adding game mode double agents (double_agents) to configuration.
Adding game mode traitor (traitor) to configuration.
Adding game mode cult (cult) to configuration.
Adding game mode extended (extended) to configuration.
Adding game mode AI malfunction (malfunction) to configuration.
Adding game mode meteor (meteor) to configuration.
Adding game mode necron (necron) to configuration.
Adding game mode Chaos Assault (nuclear) to configuration.
Adding game mode Memestealer Cult (Meme) to configuration.
Adding game mode sandbox (sandbox) to configuration.
Adding game mode wizard (wizard) to configuration.
Unknown game mode probability configuration definition: revolution.
Saved mode is 'extended'
[23:00:01]ADMIN: Loading Banlistjob
[23:00:01]ADMIN: Loading jobban_rank
[23:00:01]ADMIN: Loading appearance_rank
[23:00:01]ADMIN: appearance_keylist was empty
[23:00:01]ADMIN: Updating jobbanfile!
[23:00:01]ADMIN: Loading Banlist
[23:00:01]ADMIN: Loading RTD lists
[23:01:41]ACCESS: Login: Bobrossnibba/(Bobrossnibba) from 73.178.13.81-1508471533 || BYOND v513
[23:01:53]ADMIN: Bobrossnibba has started the game.
[23:01:56]ACCESS: Logout: *no key*/(Bobrossnibba)
[23:01:56]ACCESS: Login: Bobrossnibba/(Sage Ali) from 73.178.13.81-1508471533 || BYOND v513
[23:02:01]EMOTE: Sage Ali/Bobrossnibba : <B>Sage Ali</B> screams!
[23:02:03]EMOTE: Sage Ali/Bobrossnibba : <B>Sage Ali</B> screams!
[23:02:05]EMOTE: Sage Ali/Bobrossnibba : <B>Sage Ali</B> screams!
[23:02:18]EMOTE: Sage Ali/Bobrossnibba : <B>Sage Ali</B> screams!
[23:02:40]SAY: grey baby slime (563)/ : Blop...
[23:03:05]ADMIN: Bobrossnibba/(Sage Ali) initiated a reboot.
[23:03:10]ACCESS: Logout: Bobrossnibba[DC]/(Sage Ali)


Starting up. 23:03.23
---------------------
Adding game mode blob (blob) to configuration.
Adding game mode changeling (changeling) to configuration.
Adding game mode traitor+changeling (traitorchan) to configuration.
Adding game mode double agents (double_agents) to configuration.
Adding game mode traitor (traitor) to configuration.
Adding game mode cult (cult) to configuration.
Adding game mode extended (extended) to configuration.
Adding game mode AI malfunction (malfunction) to configuration.
Adding game mode meteor (meteor) to configuration.
Adding game mode necron (necron) to configuration.
Adding game mode Chaos Assault (nuclear) to configuration.
Adding game mode Memestealer Cult (Meme) to configuration.
Adding game mode sandbox (sandbox) to configuration.
Adding game mode wizard (wizard) to configuration.
Unknown game mode probability configuration definition: revolution.
Saved mode is 'extended'
[23:03:23]ADMIN: Loading Banlistjob
[23:03:23]ADMIN: Loading jobban_rank
[23:03:23]ADMIN: Loading appearance_rank
[23:03:23]ADMIN: appearance_keylist was empty
[23:03:23]ADMIN: Updating jobbanfile!
[23:03:23]ADMIN: Loading Banlist
[23:03:23]ADMIN: Loading RTD lists
[23:04:24]ACCESS: Login: Bobrossnibba/(Bobrossnibba) from 73.178.13.81-1508471533 || BYOND v513
[23:04:40]ADMIN: Bobrossnibba has started the game.
[23:04:42]ACCESS: Logout: *no key*/(Bobrossnibba)
[23:04:42]ACCESS: Login: Bobrossnibba/(Sage Ali) from 73.178.13.81-1508471533 || BYOND v513
[23:04:48]EMOTE: Sage Ali/Bobrossnibba : <B>Sage Ali</B> screams!
[23:04:50]EMOTE: Sage Ali/Bobrossnibba : <B>Sage Ali</B> screams!
[23:04:53]EMOTE: Sage Ali/Bobrossnibba : <B>Sage Ali</B> screams!
[23:04:57]EMOTE: Sage Ali/Bobrossnibba : <B>Sage Ali</B> screams!
[23:05:00]EMOTE: Sage Ali/Bobrossnibba : <B>Sage Ali</B> screams!
[23:05:02]EMOTE: Sage Ali/Bobrossnibba : <B>Sage Ali</B> screams!
[23:06:10]EMOTE: Sage Ali/Bobrossnibba : <B>Sage Ali</B> screams!
[23:06:13]EMOTE: Sage Ali/Bobrossnibba : <B>Sage Ali</B> screams!
[23:06:50]SAY: grey baby slime (863)/ : Blorble...
[23:07:49]EMOTE: Sage Ali/Bobrossnibba : <B>Sage Ali</B> screams!
[23:07:52]EMOTE: Sage Ali/Bobrossnibba : <B>Sage Ali</B> screams!
[23:07:54]EMOTE: Sage Ali/Bobrossnibba : <B>Sage Ali</B> screams!
[23:07:59]EMOTE: Sage Ali/Bobrossnibba : <B>Sage Ali</B> screams!
[23:08:28]EMOTE: Sage Ali/Bobrossnibba : <B>Sage Ali</B> screams!
[23:08:35]EMOTE: Sage Ali/Bobrossnibba : <B>Sage Ali</B> screams!
[23:09:06]SAY: grey baby slime (956)/ : Bored...
[23:09:18]EMOTE: monkey (696)/ : <B>The monkey (696)</B> jumps!
[23:10:58]EMOTE: monkey (696)/ : <B>The monkey (696)</B> jumps!
[23:12:03]EMOTE: monkey (810)/ : <B>The monkey (810)</B> jumps!
[23:12:41]ACCESS: Login: Conzie/(Conzie) from 216.36.149.51-959448058 || BYOND v513
[23:12:56]ACCESS: Logout: *no key*/(Conzie)
[23:12:56]ACCESS: Login: Conzie/(C Man) from 216.36.149.51-959448058 || BYOND v513
[23:13:10]ADMIN: Conzie/(C Man) jumped to the Bar
[23:13:16]EMOTE: Sage Ali/Bobrossnibba : <B>Sage Ali</B> screams!
[23:13:27]ADMIN: Conzie/(C Man) deleted Bar Acces at (138,130,1)
[23:13:29]EMOTE: Sage Ali/Bobrossnibba : <B>Sage Ali</B> screams!
[23:13:31]EMOTE: Sage Ali/Bobrossnibba : <B>Sage Ali</B> screams!
[23:13:34]EMOTE: Sage Ali/Bobrossnibba : <B>Sage Ali</B> screams!
[23:13:38]EMOTE: Sage Ali/Bobrossnibba : <B>Sage Ali</B> screams!
[23:13:40]EMOTE: monkey (696)/ : <B>The monkey (696)</B> jumps!
[23:13:41]EMOTE: Sage Ali/Bobrossnibba : <B>Sage Ali</B> screams!
[23:13:44]EMOTE: Sage Ali/Bobrossnibba : <B>Sage Ali</B> screams!
[23:13:46]EMOTE: Sage Ali/Bobrossnibba : <B>Sage Ali</B> screams!
[23:13:49]EMOTE: Sage Ali/Bobrossnibba : <B>Sage Ali</B> screams!
[23:13:52]EMOTE: Sage Ali/Bobrossnibba : <B>Sage Ali</B> screams!
[23:13:58]EMOTE: monkey (696)/ : <B>The monkey (696)</B> jumps!
[23:14:13]EMOTE: C Man/Conzie : <B>C Man</B> screams!
[23:15:03]EMOTE: monkey (900)/ : <B>The monkey (900)</B> jumps!
[23:15:25]EMOTE: Sage Ali/Bobrossnibba : <B>Sage Ali</B> laughs.
[23:15:28]EMOTE: Sage Ali/Bobrossnibba : <B>Sage Ali</B> waves.
[23:15:44]EMOTE: monkey (696)/ : <B>The monkey (696)</B> jumps!
[23:15:49]EMOTE: Sage Ali/Bobrossnibba : <B>Sage Ali</B> seizes up and falls limp, her eyes dead and lifeless...
[23:15:56]EMOTE: Sage Ali/Bobrossnibba : <B>Sage Ali</B> seizes up and falls limp, her eyes dead and lifeless...
[23:17:31]EMOTE: monkey (805)/ : <B>The monkey (805)</B> jumps!
[23:17:39]ACCESS: Logout: Bobrossnibba[DC]/(Sage Ali)
[23:17:39]ACCESS: Logout: Conzie[DC]/(C Man)


Starting up. 23:55.45
---------------------
Adding game mode blob (blob) to configuration.
Adding game mode changeling (changeling) to configuration.
Adding game mode traitor+changeling (traitorchan) to configuration.
Adding game mode double agents (double_agents) to configuration.
Adding game mode traitor (traitor) to configuration.
Adding game mode cult (cult) to configuration.
Adding game mode extended (extended) to configuration.
Adding game mode AI malfunction (malfunction) to configuration.
Adding game mode meteor (meteor) to configuration.
Adding game mode necron (necron) to configuration.
Adding game mode Chaos Assault (nuclear) to configuration.
Adding game mode Memestealer Cult (Meme) to configuration.
Adding game mode sandbox (sandbox) to configuration.
Adding game mode wizard (wizard) to configuration.
Unknown game mode probability configuration definition: revolution.
Saved mode is 'extended'
[23:55:45]ADMIN: Loading Banlistjob
[23:55:45]ADMIN: Loading jobban_rank
[23:55:45]ADMIN: Loading appearance_rank
[23:55:45]ADMIN: appearance_keylist was empty
[23:55:45]ADMIN: Updating jobbanfile!
[23:55:45]ADMIN: Loading Banlist
[23:55:45]ADMIN: Loading RTD lists
[23:57:17]ACCESS: Login: Conzie/(Conzie) from 216.36.149.51-959448058 || BYOND v513
[23:58:07]ACCESS: Login: Bobrossnibba/(Bobrossnibba) from 73.178.13.81-1508471533 || BYOND v513
[23:58:17]ADMIN: Bobrossnibba has started the game.
[23:58:19]ACCESS: Logout: *no key*/(Bobrossnibba)
[23:58:19]ACCESS: Login: Bobrossnibba/(Sage Ali) from 73.178.13.81-1508471533 || BYOND v513
[23:58:24]ACCESS: Logout: *no key*/(Conzie)
[23:58:24]ACCESS: Login: Conzie/(C Man) from 216.36.149.51-959448058 || BYOND v513
[23:59:31]SAY: grey baby slime (971)/ : Blop...
[23:59:42]SAY: C Man/Conzie : The Emperor protects.
[23:59:45]SAY: Sage Ali/Bobrossnibba : The Emperor protects.
[23:59:48]EMOTE: C Man/Conzie : <B>C Man</B> cries.
[23:59:51]EMOTE: Sage Ali/Bobrossnibba : <B>Sage Ali</B> cries.
[23:59:54]SAY: C Man/Conzie : The Emperor protects.
[23:59:59]EMOTE: Sage Ali/Bobrossnibba : <B>Sage Ali</B> screams!
[23:59:59]SAY: C Man/Conzie : The Emperor protects.
[00:00:04]EMOTE: Sage Ali/Bobrossnibba : <B>Sage Ali</B> yawns.
[00:00:09]EMOTE: Sage Ali/Bobrossnibba : <B>Sage Ali</B> laughs.
[00:00:13]EMOTE: C Man/Conzie : <B>C Man</B> laughs.
[00:00:18]ADMIN: Bobrossnibba/(Sage Ali) created a /mob/living/carbon/human/whitelisted/um
[00:00:24]ADMIN: Bobrossnibba/(Sage Ali) created a /mob/living/carbon/human/whitelisted/um/leader
[00:00:31]ADMIN: Bobrossnibba/(Sage Ali) assumed direct control of Brother Cephas.
[00:00:31]ACCESS: Logout: *no key*/(Sage Ali)
[00:00:31]ACCESS: Login: bobrossnibba/(Brother Cephas) from 73.178.13.81-1508471533 || BYOND v513
[00:00:36]SAY: Brother Cephas/bobrossnibba : For the Emperor!!!
[00:00:46]SAY: Brother Cephas/bobrossnibba : For the Emperor!!!
[00:00:55]SAY: Brother Cephas/bobrossnibba : The Emperor protects.
[00:00:56]SAY: grey baby slime (971)/ : Rawr...
[00:01:02]SAY: Brother Cephas/bobrossnibba : For the Emperor!!!
[00:02:58]SAY: Brother Cephas/bobrossnibba : For the Emperor!!!
[00:03:23]SAY: C Man/Conzie : The Emperor protects.
[00:03:24]SAY: Brother Cephas/bobrossnibba : For the Emperor!!!
[00:03:28]EMOTE: C Man/Conzie : <B>C Man</B> screams!
[00:03:44]ADMIN: bobrossnibba/(Brother Cephas) assumed direct control of Brother Achilles.
[00:03:44]ACCESS: Logout: *no key*/(Brother Cephas)
[00:03:44]ACCESS: Login: bobrossnibba/(Brother Achilles) from 73.178.13.81-1508471533 || BYOND v513
[00:03:46]SAY: Brother Achilles/bobrossnibba : For the Emperor!!!
[00:03:47]EMOTE: monkey (671)/ : <B>The monkey (671)</B> jumps!
[00:05:24]ADMIN: Conzie/(C Man) created a /mob/living/simple_animal/hostile/retaliate/daemon/bloodletter
[00:05:26]SAY: Brother Achilles/bobrossnibba : For the Emperor!!!
[00:05:32]ADMIN: Conzie/(C Man) created a /mob/living/simple_animal/hostile/retaliate/daemon/poltergeist/nurgle
[00:05:39]ADMIN: bobrossnibba/(Brother Achilles) created a /mob/living/carbon/human/whitelisted/rg
[00:05:44]ADMIN: bobrossnibba/(Brother Achilles) assumed direct control of Brother Crasius.
[00:05:44]ACCESS: Logout: *no key*/(Brother Achilles)
[00:05:44]ACCESS: Login: bobrossnibba/(Brother Crasius) from 73.178.13.81-1508471533 || BYOND v513
[00:05:46]EMOTE: C Man/Conzie : <B>C Man</B> gasps!
[00:05:49]SAY: Brother Crasius/bobrossnibba : For the Emperor!!!
[00:05:51]EMOTE: C Man/Conzie : <B>C Man</B> seizes up and falls limp, his eyes dead and lifeless...
[00:05:51]ACCESS: Logout: *no key*/(C Man)
[00:05:51]ACCESS: Login: Conzie/(C Man) from 216.36.149.51-959448058 || BYOND v513
[00:06:03]ADMIN: Conzie/(C Man) deleted the unclean spirit at (111,114,1)
[00:06:06]ADMIN: Conzie/(C Man) assumed direct control of Bloodletter.
[00:06:06]ACCESS: Logout: *no key*/(C Man)
[00:06:06]ACCESS: Login: conzie/(Bloodletter) from 216.36.149.51-959448058 || BYOND v513
[00:06:16]SAY: Brother Crasius/bobrossnibba : For the Emperor!!!
[00:06:16]ACCESS: Logout: *no key*/(Bloodletter)
[00:06:16]ACCESS: Login: conzie/(Bloodletter) from 216.36.149.51-959448058 || BYOND v513
[00:06:31]ADMIN: conzie/(Bloodletter) assumed direct control of Bloodletter.
[00:06:31]ACCESS: Logout: *no key*/(Bloodletter)
[00:06:31]ACCESS: Login: conzie/(Bloodletter) from 216.36.149.51-959448058 || BYOND v513
[00:06:37]EMOTE: monkey (525)/ : <B>The monkey (525)</B> jumps!
[00:06:40]ACCESS: Logout: *no key*/(Bloodletter)
[00:06:40]ACCESS: Login: conzie/(Bloodletter) from 216.36.149.51-959448058 || BYOND v513
[00:06:43]EMOTE: monkey (525)/ : <B>The monkey (525)</B> jumps!
[00:06:44]ADMIN: conzie/(Bloodletter) teleported *no key*/(Bloodletter)
[00:06:49]ADMIN: conzie/(Bloodletter) deleted Bloodletter at (114,115,1)
[00:07:04]ADMIN: conzie/(Bloodletter) created a /mob/living/simple_animal/hostile/retaliate/daemon/tzeenchhorror/blue
[00:07:11]ADMIN: conzie/(Bloodletter) teleported *no key*/(Horror of Tzeench)
[00:07:17]ADMIN: conzie/(Bloodletter) deleted Horror of Tzeench at (110,117,1)
[00:07:22]ADMIN: conzie/(Bloodletter) created a /mob/living/simple_animal/hostile/retaliate/daemon/lesser/predator
[00:07:26]ADMIN: conzie/(Bloodletter) deleted the ebon geist at (110,113,1)
[00:07:28]ADMIN: conzie/(Bloodletter) created a /mob/living/simple_animal/hostile/retaliate/daemon/hulk
[00:07:34]ADMIN: conzie/(Bloodletter) deleted the neverborn at (110,113,1)
[00:07:38]ADMIN: conzie/(Bloodletter) created a /mob/living/simple_animal/hostile/retaliate/daemon/plaguebearer
[00:07:48]ADMIN: conzie/(Bloodletter) assumed direct control of Plaguebearer.
[00:07:48]ACCESS: Logout: *no key*/(Bloodletter)
[00:07:48]ACCESS: Login: conzie/(Plaguebearer) from 216.36.149.51-959448058 || BYOND v513
[00:08:01]ACCESS: Logout: *no key*/(Plaguebearer)
[00:08:01]ACCESS: Login: conzie/(Plaguebearer) from 216.36.149.51-959448058 || BYOND v513
[00:08:04]ADMIN: conzie/(Plaguebearer) deleted Plaguebearer at (110,114,1)
[00:09:35]EMOTE: monkey (897)/ : <B>The monkey (897)</B> jumps!
[00:09:47]EMOTE: monkey (475)/ : <B>The monkey (475)</B> jumps!
[00:09:51]SAY: grey baby slime (804)/ : Lonely...
[00:10:28]EMOTE: monkey (475)/ : <B>The monkey (475)</B> jumps!
[00:10:58]ADMIN: conzie/(Plaguebearer) healed / Revived *no key*/(C Man)
[00:11:07]ADMIN: conzie/(Plaguebearer) assumed direct control of C Man.
[00:11:07]ACCESS: Logout: *no key*/(Plaguebearer)
[00:11:07]ACCESS: Login: conzie/(C Man) from 216.36.149.51-959448058 || BYOND v513
[00:13:24]EMOTE: Brother Crasius/bobrossnibba : <B>Brother Crasius</B> cries.
[00:14:29]EMOTE: monkey (671)/ : <B>The monkey (671)</B> jumps!
[00:15:49]EMOTE: monkey (525)/ : <B>The monkey (525)</B> jumps!
[00:15:55]EMOTE: monkey (475)/ : <B>The monkey (475)</B> jumps!
[00:16:15]EMOTE: monkey (755)/ : <B>The monkey (755)</B> jumps!
[00:16:23]EMOTE: monkey (671)/ : <B>The monkey (671)</B> jumps!
[00:19:04]SAY: grey baby slime (804)/ : Blorble...
[00:19:19]EMOTE: monkey (525)/ : <B>The monkey (525)</B> jumps!
[00:19:46]ACCESS: Logout: conzie[DC]/(C Man)
[00:19:46]ACCESS: Logout: bobrossnibba[DC]/(Brother Crasius)
