

Starting up. 04:22.09
---------------------


Starting up. 04:26.58
---------------------


Starting up. 04:34.12
---------------------


Starting up. 04:46.33
---------------------


Starting up. 13:29.00
---------------------


Starting up. 13:55.20
---------------------


Starting up. 14:00.01
---------------------


Starting up. 14:04.28
---------------------


Starting up. 14:08.07
---------------------


Starting up. 14:15.49
---------------------


Starting up. 17:15.19
---------------------


Starting up. 22:16.48
---------------------


Starting up. 22:29.29
---------------------


Starting up. 22:34.55
---------------------


Starting up. 23:00.01
---------------------


Starting up. 23:03.23
---------------------
[23:16:14]ATTACK: <font color='red'>NON-EXISTANT SUBJECT shot Sage Ali(bobrossnibba) with The flayer ray</font>
[23:16:20]ATTACK: <font color='red'>NON-EXISTANT SUBJECT shot Sage Ali(bobrossnibba) with The flayer ray</font>


Starting up. 23:55.45
---------------------
[00:00:31]ATTACK: <font color='red'>C Man(conzie) fed Sage Ali(bobrossnibba) with nutriment(1 units); </font>
[00:01:17]ATTACK: <font color='red'>C Man(conzie) hit Sage Ali with Poop</font>
[00:01:28]ATTACK: <font color='red'>C Man(conzie) fed Sage Ali with nutriment(1 units); </font>
[00:01:36]ATTACK: <font color='red'>C Man(conzie) fed Sage Ali with nutriment(1 units); </font>
[00:01:48]ATTACK: <font color='red'>C Man(conzie) fed Sage Ali with nutriment(1 units); </font>
[00:01:53]ATTACK: <font color='red'>C Man(conzie) fed Sage Ali with nutriment(1 units); </font>
[00:02:06]ATTACK: <font color='red'>C Man(conzie) attacked Brother Achilles with bottle</font>
[00:04:43]ATTACK: <font color='red'>C Man(conzie) attacked C Man(conzie) with smoking pipe(INTENT: HARM) (DAMTYE: BRUTE)</font>
[00:11:45]ATTACK: <font color='red'>C Man(conzie) fed Sage Ali with nutriment(1 units); </font>
[00:11:51]ATTACK: <font color='red'>C Man(conzie) fed Brother Cephas with nutriment(1 units); </font>
[00:11:54]ATTACK: <font color='red'>Brother Crasius(bobrossnibba) fed Brother Cephas with nutriment(1 units); </font>
[00:12:09]ATTACK: <font color='red'>C Man(conzie) fed Brother Achilles with nutriment(1 units); </font>
[00:12:46]ATTACK: <font color='red'>C Man(conzie) fed Sage Ali with nutriment(1 units); </font>
[00:16:49]ATTACK: <font color='red'>C Man(conzie) fed Sage Ali with nutriment(1 units); </font>
[00:17:04]ATTACK: <font color='red'>C Man(conzie) fed Brother Achilles with nutriment(1 units); </font>
