

Starting up. 00:21.05
---------------------
[00:24:55]ATTACK: <font color='red'>Sage Ali(bobrossnibba) shot Sister Sitrina with The laser</font>
[00:24:56]ATTACK: <font color='red'>Sage Ali(bobrossnibba) shot Sister Sitrina with The laser</font>
[00:24:56]ATTACK: <font color='red'>Sage Ali(bobrossnibba) shot Sister Sitrina with The laser</font>
[00:24:57]ATTACK: <font color='red'>Sage Ali(bobrossnibba) shot Sister Sitrina with The laser</font>
[00:24:59]ATTACK: <font color='red'>Sage Ali(bobrossnibba) shot Sister Debra(conzie) with The laser</font>
[00:25:27]ATTACK: <font color='red'>Sage Ali(bobrossnibba) shot Sister Sitrina with The laser</font>
[00:25:27]ATTACK: <font color='red'>Sage Ali(bobrossnibba) shot Sister Sitrina with The laser</font>
[00:25:28]ATTACK: <font color='red'>Sage Ali(bobrossnibba) shot Sister Sitrina with The laser</font>
[00:25:29]ATTACK: <font color='red'>Sage Ali(bobrossnibba) shot Sister Sitrina with The laser</font>
[00:25:29]ATTACK: <font color='red'>Sage Ali(bobrossnibba) shot Sister Sitrina with The laser</font>
[00:25:30]ATTACK: <font color='red'>Sage Ali(bobrossnibba) shot Sister Sitrina with The laser</font>
[00:25:41]ATTACK: <font color='red'>Sage Ali(bobrossnibba) shot Sister Debra(conzie) with The laser</font>
[00:25:42]ATTACK: <font color='red'>Sage Ali(bobrossnibba) shot Sister Debra(conzie) with The laser</font>
[00:25:42]ATTACK: <font color='red'>Sage Ali(bobrossnibba) shot Sister Debra(conzie) with The laser</font>
[00:25:43]ATTACK: <font color='red'>Sage Ali(bobrossnibba) shot Sister Debra(conzie) with The laser</font>
[00:25:43]ATTACK: <font color='red'>Sage Ali(bobrossnibba) shot Sister Debra(conzie) with The laser</font>
[00:25:44]ATTACK: <font color='red'>Sage Ali(bobrossnibba) shot Sister Debra(conzie) with The laser</font>
[00:26:13]ATTACK: <font color='red'>Sage Ali(bobrossnibba) shot Sister Debra(conzie) with The laser</font>
[00:26:14]ATTACK: <font color='red'>Sage Ali(bobrossnibba) shot Sister Debra(conzie) with The laser</font>
[00:26:15]ATTACK: <font color='red'>Sage Ali(bobrossnibba) shot Sister Debra(conzie) with The laser</font>
[00:26:16]ATTACK: <font color='red'>Sage Ali(bobrossnibba) shot Sister Debra(conzie) with The laser</font>
[00:26:16]ATTACK: <font color='red'>Sage Ali(bobrossnibba) shot Sister Debra(conzie) with The laser</font>
[00:26:17]ATTACK: <font color='red'>Sage Ali(bobrossnibba) shot Sister Debra(conzie) with The laser</font>
[00:26:17]ATTACK: <font color='red'>Sage Ali(bobrossnibba) shot Sister Debra(conzie) with The laser</font>
[00:26:18]ATTACK: <font color='red'>Sage Ali(bobrossnibba) shot Sister Debra(conzie) with The laser</font>
[00:26:20]ATTACK: <font color='red'>Sage Ali(bobrossnibba) shot Sister Debra(conzie) with Bolt</font>
[00:26:20]ATTACK: <font color='red'>Sage Ali(bobrossnibba) shot Sister Debra(conzie) with Bolt</font>
[00:26:21]ATTACK: <font color='red'>Sage Ali(bobrossnibba) shot Sister Debra(conzie) with Bolt</font>
[00:26:21]ATTACK: <font color='red'>Sage Ali(bobrossnibba) shot Sister Debra(conzie) with Bolt</font>
[00:26:22]ATTACK: <font color='red'>Sage Ali(bobrossnibba) shot Sister Debra(conzie) with Bolt</font>
[00:27:05]ATTACK: <font color='red'>Sage Ali(bobrossnibba) shot Sister Debra(conzie) with Bolt</font>
[00:27:07]ATTACK: <font color='red'>Sage Ali(bobrossnibba) shot Sister Debra(conzie) with Bolt</font>
[00:27:07]ATTACK: <font color='red'>Sage Ali(bobrossnibba) shot Sister Debra(conzie) with Bolt</font>
[00:27:08]ATTACK: <font color='red'>Sage Ali(bobrossnibba) shot Sister Debra(conzie) with Bolt</font>
[00:27:08]ATTACK: <font color='red'>Sage Ali(bobrossnibba) shot Sister Debra(conzie) with Bolt</font>
[00:27:09]ATTACK: <font color='red'>Sage Ali(bobrossnibba) shot Sister Debra(conzie) with Bolt</font>
[00:27:09]ATTACK: <font color='red'>Sage Ali(bobrossnibba) shot Sister Debra(conzie) with Bolt</font>
[00:27:10]ATTACK: <font color='red'>Sage Ali(bobrossnibba) shot Sister Debra(conzie) with Bolt</font>
[00:27:10]ATTACK: <font color='red'>Sage Ali(bobrossnibba) shot Sister Debra with Bolt</font>
[00:27:11]ATTACK: <font color='red'>Sage Ali(bobrossnibba) shot Sister Debra with Bolt</font>
[00:27:11]ATTACK: <font color='red'>Sage Ali(bobrossnibba) shot Sister Debra with Bolt</font>
[00:27:12]ATTACK: <font color='red'>Sage Ali(bobrossnibba) shot Sister Debra with Bolt</font>
[00:27:12]ATTACK: <font color='red'>Sage Ali(bobrossnibba) shot Sister Debra with Bolt</font>
[00:27:13]ATTACK: <font color='red'>Sage Ali(bobrossnibba) shot Sister Debra with Bolt</font>
[00:27:13]ATTACK: <font color='red'>Sage Ali(bobrossnibba) shot Sister Debra with Bolt</font>
[00:27:14]ATTACK: <font color='red'>Sage Ali(bobrossnibba) shot Sister Debra with Bolt</font>
[00:27:14]ATTACK: <font color='red'>Sage Ali(bobrossnibba) shot Sister Debra with Bolt</font>
[00:27:15]ATTACK: <font color='red'>Sage Ali(bobrossnibba) shot Sister Debra with Bolt</font>
[00:27:15]ATTACK: <font color='red'>Sage Ali(bobrossnibba) shot Sister Debra with Bolt</font>
[00:27:16]ATTACK: <font color='red'>Sage Ali(bobrossnibba) shot Sister Debra with Bolt</font>
[00:27:16]ATTACK: <font color='red'>Sage Ali(bobrossnibba) shot Sister Debra with Bolt</font>
[00:27:17]ATTACK: <font color='red'>Sage Ali(bobrossnibba) shot Sister Debra with Bolt</font>
[00:27:17]ATTACK: <font color='red'>Sage Ali(bobrossnibba) shot Sister Debra with Bolt</font>
[00:27:18]ATTACK: <font color='red'>Sage Ali(bobrossnibba) shot Sister Debra with Bolt</font>
[00:27:18]ATTACK: <font color='red'>Sage Ali(bobrossnibba) shot Sister Debra with Bolt</font>
[00:27:23]ATTACK: <font color='red'>Sage Ali(bobrossnibba) shot Sister Sitrina(conzie) with Bolt</font>
[00:27:24]ATTACK: <font color='red'>Sage Ali(bobrossnibba) shot Sister Sitrina(conzie) with Bolt</font>
[00:27:24]ATTACK: <font color='red'>Sage Ali(bobrossnibba) shot Sister Sitrina(conzie) with Bolt</font>
[00:27:26]ATTACK: <font color='red'>Sage Ali(bobrossnibba) shot Sister Sitrina(conzie) with Bolt</font>
[00:27:27]ATTACK: <font color='red'>Sage Ali(bobrossnibba) shot Sister Sitrina(conzie) with Bolt</font>
[00:27:27]ATTACK: <font color='red'>Sage Ali(bobrossnibba) shot Sister Sitrina(conzie) with Bolt</font>


Starting up. 01:05.44
---------------------


Starting up. 17:16.19
---------------------


Starting up. 17:27.52
---------------------


Starting up. 17:39.26
---------------------


Starting up. 17:51.47
---------------------


Starting up. 18:05.11
---------------------


Starting up. 18:19.11
---------------------
