

Starting up. 02:09.35
---------------------
[02:14:10]ATTACK: <font color='red'>Heretic attacked Abel Lewis(bobrossnibba) with Lasgun(INTENT: HARM) (DAMTYE: BRUTE)</font>
[02:14:11]ATTACK: <font color='red'>Heretic attacked Abel Lewis(bobrossnibba) with Lasgun(INTENT: HARM) (DAMTYE: BRUTE)</font>
[02:14:13]ATTACK: <font color='red'>Heretic shot Abel Lewis(bobrossnibba) with The laser</font>
[02:14:13]ATTACK: <font color='red'>Heretic shot Abel Lewis(bobrossnibba) with The laser</font>
[02:14:14]ATTACK: <font color='red'>Heretic attacked Abel Lewis(bobrossnibba) with Lasgun(INTENT: HARM) (DAMTYE: BRUTE)</font>
[02:14:14]ATTACK: <font color='red'>Heretic attacked Abel Lewis(bobrossnibba) with Lasgun(INTENT: HARM) (DAMTYE: BRUTE)</font>
[02:14:15]ATTACK: <font color='red'>Heretic attacked Abel Lewis(bobrossnibba) with Lasgun(INTENT: HARM) (DAMTYE: BRUTE)</font>
[02:14:15]ATTACK: <font color='red'>Heretic shot Heretic with The laser</font>
[02:14:16]ATTACK: <font color='red'>Heretic attacked Abel Lewis(bobrossnibba) with Lasgun(INTENT: HARM) (DAMTYE: BRUTE)</font>
[02:14:16]ATTACK: <font color='red'>Heretic attacked Abel Lewis(bobrossnibba) with Lasgun(INTENT: HARM) (DAMTYE: BRUTE)</font>
[02:14:17]ATTACK: <font color='red'>Heretic attacked Abel Lewis(bobrossnibba) with Lasgun(INTENT: HARM) (DAMTYE: BRUTE)</font>
[02:14:18]ATTACK: <font color='red'>Heretic shot Heretic with The laser</font>
[02:14:19]ATTACK: <font color='red'>Heretic shot Abel Lewis(bobrossnibba) with The laser</font>
[02:14:20]ATTACK: <font color='red'>Heretic shot Abel Lewis(bobrossnibba) with The laser</font>
[02:14:21]ATTACK: <font color='red'>Heretic shot Abel Lewis(bobrossnibba) with The laser</font>
[02:14:22]ATTACK: <font color='red'>Heretic shot Abel Lewis(bobrossnibba) with The laser</font>
[02:14:23]ATTACK: <font color='red'>Heretic shot Abel Lewis(bobrossnibba) with The laser</font>
[02:14:24]ATTACK: <font color='red'>Heretic shot Abel Lewis(bobrossnibba) with The laser</font>
[02:14:25]ATTACK: <font color='red'>Heretic shot Abel Lewis(bobrossnibba) with The laser</font>


Starting up. 14:47.18
---------------------


Starting up. 17:41.38
---------------------


Starting up. 17:51.03
---------------------
