

Starting up. 02:09.35
---------------------
Adding game mode blob (blob) to configuration.
Adding game mode changeling (changeling) to configuration.
Adding game mode traitor+changeling (traitorchan) to configuration.
Adding game mode double agents (double_agents) to configuration.
Adding game mode traitor (traitor) to configuration.
Adding game mode cult (cult) to configuration.
Adding game mode extended (extended) to configuration.
Adding game mode AI malfunction (malfunction) to configuration.
Adding game mode meteor (meteor) to configuration.
Adding game mode necron (necron) to configuration.
Adding game mode Chaos Assault (nuclear) to configuration.
Adding game mode Memestealer Cult (Meme) to configuration.
Adding game mode sandbox (sandbox) to configuration.
Adding game mode wizard (wizard) to configuration.
Unknown game mode probability configuration definition: revolution.
Saved mode is 'extended'
[02:09:35]ADMIN: Loading Banlistjob
[02:09:35]ADMIN: Loading jobban_rank
[02:09:35]ADMIN: Loading appearance_rank
[02:09:35]ADMIN: appearance_keylist was empty
[02:09:35]ADMIN: Updating jobbanfile!
[02:09:35]ADMIN: Loading Banlist
[02:09:35]ADMIN: Loading RTD lists
[02:11:38]ACCESS: Login: Bobrossnibba/(Bobrossnibba) from 73.178.13.81-1508471533 || BYOND v513
[02:11:47]ADMIN: Bobrossnibba has started the game.
[02:11:48]ACCESS: Logout: *no key*/(Bobrossnibba)
[02:11:49]ACCESS: Login: Bobrossnibba/(Abel Lewis) from 73.178.13.81-1508471533 || BYOND v513
[02:11:52]ACCESS: Logout: *no key*/(Abel Lewis)
[02:11:52]ACCESS: Login: Bobrossnibba/(Abel Lewis) from 73.178.13.81-1508471533 || BYOND v513
[02:12:13]SAY: grey baby slime (746)/ : Lonely...
[02:13:51]EMOTE: monkey (746)/ : <B>The monkey (746)</B> jumps!
[02:13:58]ADMIN: Bobrossnibba/(Abel Lewis) teleported @Bobrossnibba[DC]/(Abel Lewis)
[02:14:00]ACCESS: Logout: *no key*/(Abel Lewis)
[02:14:00]ACCESS: Login: Bobrossnibba/(Abel Lewis) from 73.178.13.81-1508471533 || BYOND v513
[02:14:18]EMOTE: monkey (764)/ : <B>The monkey (764)</B> jumps!
[02:14:24]EMOTE: Abel Lewis/Bobrossnibba : <B>Abel Lewis</B> gasps!
[02:14:25]ACCESS: Logout: Bobrossnibba[DC]/(Abel Lewis)


Starting up. 14:47.18
---------------------
Adding game mode blob (blob) to configuration.
Adding game mode changeling (changeling) to configuration.
Adding game mode traitor+changeling (traitorchan) to configuration.
Adding game mode double agents (double_agents) to configuration.
Adding game mode traitor (traitor) to configuration.
Adding game mode cult (cult) to configuration.
Adding game mode extended (extended) to configuration.
Adding game mode AI malfunction (malfunction) to configuration.
Adding game mode meteor (meteor) to configuration.
Adding game mode necron (necron) to configuration.
Adding game mode Chaos Assault (nuclear) to configuration.
Adding game mode Memestealer Cult (Meme) to configuration.
Adding game mode sandbox (sandbox) to configuration.
Adding game mode wizard (wizard) to configuration.
Unknown game mode probability configuration definition: revolution.
Saved mode is 'extended'
[14:47:18]ADMIN: Loading Banlistjob
[14:47:18]ADMIN: Loading jobban_rank
[14:47:18]ADMIN: Loading appearance_rank
[14:47:18]ADMIN: appearance_keylist was empty
[14:47:18]ADMIN: Updating jobbanfile!
[14:47:18]ADMIN: Loading Banlist
[14:47:18]ADMIN: Loading RTD lists
[14:48:56]ACCESS: Login: Bobrossnibba/(Bobrossnibba) from 73.178.13.81-1508471533 || BYOND v513
[14:49:07]ADMIN: Bobrossnibba has started the game.
[14:49:09]ACCESS: Logout: *no key*/(Bobrossnibba)
[14:49:09]ACCESS: Login: Bobrossnibba/(Abel Lewis) from 73.178.13.81-1508471533 || BYOND v513
[14:49:26]ADMIN: Bobrossnibba/(Abel Lewis) unbanned thexdkidoflol
[14:49:46]ACCESS: Logout: Bobrossnibba[DC]/(Abel Lewis)


Starting up. 17:41.38
---------------------
Adding game mode blob (blob) to configuration.
Adding game mode changeling (changeling) to configuration.
Adding game mode traitor+changeling (traitorchan) to configuration.
Adding game mode double agents (double_agents) to configuration.
Adding game mode traitor (traitor) to configuration.
Adding game mode cult (cult) to configuration.
Adding game mode extended (extended) to configuration.
Adding game mode AI malfunction (malfunction) to configuration.
Adding game mode meteor (meteor) to configuration.
Adding game mode necron (necron) to configuration.
Adding game mode Chaos Assault (nuclear) to configuration.
Adding game mode Memestealer Cult (Meme) to configuration.
Adding game mode sandbox (sandbox) to configuration.
Adding game mode wizard (wizard) to configuration.
Unknown game mode probability configuration definition: revolution.
Saved mode is 'extended'
[17:41:38]ADMIN: Loading Banlistjob
[17:41:38]ADMIN: Loading jobban_rank
[17:41:38]ADMIN: Loading appearance_rank
[17:41:38]ADMIN: appearance_keylist was empty
[17:41:38]ADMIN: Updating jobbanfile!
[17:41:38]ADMIN: Loading Banlist
[17:41:38]ADMIN: Loading RTD lists


Starting up. 17:51.03
---------------------
Adding game mode blob (blob) to configuration.
Adding game mode changeling (changeling) to configuration.
Adding game mode traitor+changeling (traitorchan) to configuration.
Adding game mode double agents (double_agents) to configuration.
Adding game mode traitor (traitor) to configuration.
Adding game mode cult (cult) to configuration.
Adding game mode extended (extended) to configuration.
Adding game mode AI malfunction (malfunction) to configuration.
Adding game mode meteor (meteor) to configuration.
Adding game mode necron (necron) to configuration.
Adding game mode Chaos Assault (nuclear) to configuration.
Adding game mode Memestealer Cult (Meme) to configuration.
Adding game mode sandbox (sandbox) to configuration.
Adding game mode wizard (wizard) to configuration.
Unknown game mode probability configuration definition: revolution.
Saved mode is 'extended'
[17:51:03]ADMIN: Loading Banlistjob
[17:51:03]ADMIN: Loading jobban_rank
[17:51:03]ADMIN: Loading appearance_rank
[17:51:03]ADMIN: appearance_keylist was empty
[17:51:03]ADMIN: Updating jobbanfile!
[17:51:03]ADMIN: Loading Banlist
[17:51:03]ADMIN: Loading RTD lists
[17:56:01]ACCESS: Login: Bobrossnibba/(Bobrossnibba) from 73.178.13.81-1508471533 || BYOND v513
[17:56:25]ADMIN: Bobrossnibba has started the game.
[17:56:27]ACCESS: Logout: *no key*/(Bobrossnibba)
[17:56:27]ACCESS: Login: Bobrossnibba/(Abel Lewis) from 73.178.13.81-1508471533 || BYOND v513
[17:56:33]ADMIN: Bobrossnibba/(Abel Lewis) used gibself.
[17:56:34]ACCESS: Logout: *no key*/(Abel Lewis)
[17:56:34]ACCESS: Login: Bobrossnibba/(Abel Lewis) from 73.178.13.81-1508471533 || BYOND v513
[17:56:37]ADMIN: Bobrossnibba/(Abel Lewis) set RTD Timer to 1.
[17:58:22]ACCESS: Logout: *no key*/(Abel Lewis)
[17:58:22]ACCESS: Login: Bobrossnibba/(alien larva (921)) from 73.178.13.81-1508471533 || BYOND v513
[17:58:30]ADMIN: Bobrossnibba/(alien larva (921)) modified alien larva (921)'s amount_grown to 200
[17:58:33]ACCESS: Logout: *no key*/(alien larva (921))
[17:58:33]ACCESS: Login: Bobrossnibba/(hormagaunt (842)) from 73.178.13.81-1508471533 || BYOND v513
[17:58:53]EMOTE: monkey (239)/ : <B>The monkey (239)</B> jumps!
[17:59:26]SAY: grey baby slime (862)/ : Rawr...
[18:00:23]SAY: grey baby slime (862)/ : Lonely...
[18:02:41]EMOTE: monkey (652)/ : <B>The monkey (652)</B> jumps!
[18:03:46]ADMIN: Bobrossnibba/(hormagaunt (842)) created a /mob/living/carbon/human/krieg
[18:04:00]EMOTE: monkey (652)/ : <B>The monkey (652)</B> jumps!
[18:04:31]SAY: grey baby slime (862)/ : Blorble...
[18:05:47]ACCESS: Logout: Bobrossnibba[DC]/(hormagaunt (842))
