

Starting up. 00:22.24
---------------------
Adding game mode blob (blob) to configuration.
Adding game mode changeling (changeling) to configuration.
Adding game mode traitor+changeling (traitorchan) to configuration.
Adding game mode double agents (double_agents) to configuration.
Adding game mode traitor (traitor) to configuration.
Adding game mode cult (cult) to configuration.
Adding game mode extended (extended) to configuration.
Adding game mode AI malfunction (malfunction) to configuration.
Adding game mode meteor (meteor) to configuration.
Adding game mode necron (necron) to configuration.
Adding game mode Chaos Assault (nuclear) to configuration.
Adding game mode revolution (revolution) to configuration.
Adding game mode sandbox (sandbox) to configuration.
Adding game mode wizard (wizard) to configuration.
Saved mode is 'extended'
[00:22:24]ADMIN: Loading Banlistjob
[00:22:24]ADMIN: Loading jobban_rank
[00:22:24]ADMIN: Loading appearance_rank
[00:22:24]ADMIN: appearance_keylist was empty
[00:22:24]ADMIN: Updating jobbanfile!
[00:22:24]ADMIN: Loading Banlist
[00:22:24]ADMIN: Loading RTD lists
[00:24:12]ACCESS: Login: Bobrossnibba/(Bobrossnibba) from 73.178.13.81-1508471533 || BYOND v513
[00:24:21]ADMIN: Bobrossnibba has started the game.
[00:24:23]ACCESS: Logout: *no key*/(Bobrossnibba)
[00:24:23]ACCESS: Login: Bobrossnibba/(Abel Lewis) from 73.178.13.81-1508471533 || BYOND v513
[00:26:05]ACCESS: Logout: Bobrossnibba[DC]/(Abel Lewis)


Starting up. 00:29.03
---------------------
Adding game mode blob (blob) to configuration.
Adding game mode changeling (changeling) to configuration.
Adding game mode traitor+changeling (traitorchan) to configuration.
Adding game mode double agents (double_agents) to configuration.
Adding game mode traitor (traitor) to configuration.
Adding game mode cult (cult) to configuration.
Adding game mode extended (extended) to configuration.
Adding game mode AI malfunction (malfunction) to configuration.
Adding game mode meteor (meteor) to configuration.
Adding game mode necron (necron) to configuration.
Adding game mode Chaos Assault (nuclear) to configuration.
Adding game mode revolution (revolution) to configuration.
Adding game mode sandbox (sandbox) to configuration.
Adding game mode wizard (wizard) to configuration.
Saved mode is 'extended'
[00:29:03]ADMIN: Loading Banlistjob
[00:29:03]ADMIN: Loading jobban_rank
[00:29:03]ADMIN: Loading appearance_rank
[00:29:03]ADMIN: appearance_keylist was empty
[00:29:03]ADMIN: Updating jobbanfile!
[00:29:03]ADMIN: Loading Banlist
[00:29:03]ADMIN: Loading RTD lists
[00:30:56]ACCESS: Login: Bobrossnibba/(Bobrossnibba) from 73.178.13.81-1508471533 || BYOND v513
[00:31:15]ADMIN: Bobrossnibba has started the game.
[00:31:18]ACCESS: Logout: *no key*/(Bobrossnibba)
[00:31:18]ACCESS: Login: Bobrossnibba/(Abel Lewis) from 73.178.13.81-1508471533 || BYOND v513
[00:33:15]ACCESS: Logout: Bobrossnibba[DC]/(Abel Lewis)


Starting up. 00:43.40
---------------------
Adding game mode blob (blob) to configuration.
Adding game mode changeling (changeling) to configuration.
Adding game mode traitor+changeling (traitorchan) to configuration.
Adding game mode double agents (double_agents) to configuration.
Adding game mode traitor (traitor) to configuration.
Adding game mode cult (cult) to configuration.
Adding game mode extended (extended) to configuration.
Adding game mode AI malfunction (malfunction) to configuration.
Adding game mode meteor (meteor) to configuration.
Adding game mode necron (necron) to configuration.
Adding game mode Chaos Assault (nuclear) to configuration.
Adding game mode revolution (revolution) to configuration.
Adding game mode sandbox (sandbox) to configuration.
Adding game mode wizard (wizard) to configuration.
Saved mode is 'extended'
[00:43:40]ADMIN: Loading Banlistjob
[00:43:40]ADMIN: Loading jobban_rank
[00:43:40]ADMIN: Loading appearance_rank
[00:43:40]ADMIN: appearance_keylist was empty
[00:43:40]ADMIN: Updating jobbanfile!
[00:43:40]ADMIN: Loading Banlist
[00:43:40]ADMIN: Loading RTD lists
[00:45:22]ACCESS: Login: Bobrossnibba/(Bobrossnibba) from 73.178.13.81-1508471533 || BYOND v513
[00:45:30]ADMIN: Bobrossnibba has started the game.
[00:45:32]EMOTE: monkey (215)/ : <B>The monkey (215)</B> jumps!
[00:45:33]ACCESS: Logout: *no key*/(Bobrossnibba)
[00:45:33]ACCESS: Login: Bobrossnibba/(Abel Lewis) from 73.178.13.81-1508471533 || BYOND v513
[00:46:15]EMOTE: monkey (530)/ : <B>The monkey (530)</B> jumps!
[00:47:37]EMOTE: monkey (215)/ : <B>The monkey (215)</B> jumps!
[00:47:46]ACCESS: Logout: Bobrossnibba[DC]/(Abel Lewis)
