

Starting up. 17:12.17
---------------------
Adding game mode blob (blob) to configuration.
Adding game mode changeling (changeling) to configuration.
Adding game mode traitor+changeling (traitorchan) to configuration.
Adding game mode double agents (double_agents) to configuration.
Adding game mode traitor (traitor) to configuration.
Adding game mode cult (cult) to configuration.
Adding game mode extended (extended) to configuration.
Adding game mode AI malfunction (malfunction) to configuration.
Adding game mode meteor (meteor) to configuration.
Adding game mode necron (necron) to configuration.
Adding game mode Chaos Assault (nuclear) to configuration.
Adding game mode Memestealer Cult (Meme) to configuration.
Adding game mode sandbox (sandbox) to configuration.
Adding game mode wizard (wizard) to configuration.
Unknown game mode probability configuration definition: revolution.
Saved mode is 'extended'
[17:12:17]ADMIN: Loading Banlistjob
[17:12:17]ADMIN: Loading jobban_rank
[17:12:17]ADMIN: Loading appearance_rank
[17:12:17]ADMIN: appearance_keylist was empty
[17:12:17]ADMIN: Updating jobbanfile!
[17:12:17]ADMIN: Loading Banlist
[17:12:17]ADMIN: Loading RTD lists
[17:13:43]ACCESS: Login: Zanden/(Zanden) from 50.53.162.208-920873542 || BYOND v513
[17:13:53]ACCESS: Logout: Zanden[DC]/(Zanden)
[17:14:57]ACCESS: Login: Bobrossnibba/(Bobrossnibba) from 73.178.13.81-1010201418 || BYOND v513
[17:15:14]ADMIN: Bobrossnibba has started the game.
[17:15:16]ACCESS: Logout: *no key*/(Bobrossnibba)
[17:15:16]ACCESS: Login: Bobrossnibba/(Abel Lewis) from 73.178.13.81-1010201418 || BYOND v513
[17:15:42]ADMIN: Bobrossnibba/(Abel Lewis) used gibself.
[17:15:44]ACCESS: Logout: *no key*/(Abel Lewis)
[17:15:44]ACCESS: Login: Bobrossnibba/(Abel Lewis) from 73.178.13.81-1010201418 || BYOND v513
[17:15:47]EMOTE: monkey (422)/ : <B>The monkey (422)</B> jumps!
[17:16:18]ADMIN: Bobrossnibba/(Abel Lewis) jumped to Snow
[17:16:44]EMOTE: monkey (2)/ : <B>The monkey (2)</B> jumps!
[17:16:54]SAY: grey baby slime (181)/ : Lonely...
[17:17:22]EMOTE: monkey (16)/ : <B>The monkey (16)</B> jumps!
[17:17:30]EMOTE: monkey (500)/ : <B>The monkey (500)</B> jumps!
[17:17:48]EMOTE: monkey (16)/ : <B>The monkey (16)</B> jumps!
[17:17:52]SAY: grey baby slime (927)/ : Blorble...
[17:18:03]ACCESS: Logout: Bobrossnibba[DC]/(Abel Lewis)


Starting up. 17:18.51
---------------------
Adding game mode blob (blob) to configuration.
Adding game mode changeling (changeling) to configuration.
Adding game mode traitor+changeling (traitorchan) to configuration.
Adding game mode double agents (double_agents) to configuration.
Adding game mode traitor (traitor) to configuration.
Adding game mode cult (cult) to configuration.
Adding game mode extended (extended) to configuration.
Adding game mode AI malfunction (malfunction) to configuration.
Adding game mode meteor (meteor) to configuration.
Adding game mode necron (necron) to configuration.
Adding game mode Chaos Assault (nuclear) to configuration.
Adding game mode Memestealer Cult (Meme) to configuration.
Adding game mode sandbox (sandbox) to configuration.
Adding game mode wizard (wizard) to configuration.
Unknown game mode probability configuration definition: revolution.
Saved mode is 'extended'
[17:18:51]ADMIN: Loading Banlistjob
[17:18:51]ADMIN: Loading jobban_rank
[17:18:51]ADMIN: Loading appearance_rank
[17:18:51]ADMIN: appearance_keylist was empty
[17:18:51]ADMIN: Updating jobbanfile!
[17:18:51]ADMIN: Loading Banlist
[17:18:51]ADMIN: Loading RTD lists
[17:20:22]ACCESS: Login: Bobrossnibba/(Bobrossnibba) from 73.178.13.81-1010201418 || BYOND v513
[17:20:28]ADMIN: Bobrossnibba has started the game.
[17:20:30]ACCESS: Logout: *no key*/(Bobrossnibba)
[17:20:30]ACCESS: Login: Bobrossnibba/(Abel Lewis) from 73.178.13.81-1010201418 || BYOND v513
[17:20:35]ADMIN: Bobrossnibba/(Abel Lewis) used gibself.
[17:20:37]ACCESS: Logout: *no key*/(Abel Lewis)
[17:20:37]ACCESS: Login: Bobrossnibba/(Abel Lewis) from 73.178.13.81-1010201418 || BYOND v513
[17:20:43]EMOTE: monkey (649)/ : <B>The monkey (649)</B> jumps!
[17:20:43]EMOTE: monkey (446)/ : <B>The monkey (446)</B> jumps!
[17:20:45]ACCESS: Logout: *no key*/(Abel Lewis)
[17:20:45]ACCESS: Login: Bobrossnibba/(Plaguebearer Soras) from 73.178.13.81-1010201418 || BYOND v513
[17:21:41]ACCESS: Logout: *no key*/(Plaguebearer Soras)
[17:21:41]ACCESS: Login: Bobrossnibba/(Plaguebearer Soras) from 73.178.13.81-1010201418 || BYOND v513
[17:21:44]ACCESS: Logout: *no key*/(Plaguebearer Soras)
[17:21:44]ACCESS: Login: Bobrossnibba/(Plaguebearer Soras) from 73.178.13.81-1010201418 || BYOND v513
[17:22:43]EMOTE: monkey (446)/ : <B>The monkey (446)</B> jumps!
[17:23:04]ACCESS: Logout: Bobrossnibba[DC]/(Plaguebearer Soras)


Starting up. 17:34.23
---------------------
Adding game mode blob (blob) to configuration.
Adding game mode changeling (changeling) to configuration.
Adding game mode traitor+changeling (traitorchan) to configuration.
Adding game mode double agents (double_agents) to configuration.
Adding game mode traitor (traitor) to configuration.
Adding game mode cult (cult) to configuration.
Adding game mode extended (extended) to configuration.
Adding game mode AI malfunction (malfunction) to configuration.
Adding game mode meteor (meteor) to configuration.
Adding game mode necron (necron) to configuration.
Adding game mode Chaos Assault (nuclear) to configuration.
Adding game mode Memestealer Cult (Meme) to configuration.
Adding game mode sandbox (sandbox) to configuration.
Adding game mode wizard (wizard) to configuration.
Unknown game mode probability configuration definition: revolution.
Saved mode is 'extended'
[17:34:23]ADMIN: Loading Banlistjob
[17:34:23]ADMIN: Loading jobban_rank
[17:34:23]ADMIN: Loading appearance_rank
[17:34:23]ADMIN: appearance_keylist was empty
[17:34:23]ADMIN: Updating jobbanfile!
[17:34:23]ADMIN: Loading Banlist
[17:34:23]ADMIN: Loading RTD lists
[17:35:59]ACCESS: Login: Bobrossnibba/(Bobrossnibba) from 73.178.13.81-1010201418 || BYOND v513
[17:36:22]ADMIN: Bobrossnibba has started the game.
[17:36:24]ACCESS: Logout: *no key*/(Bobrossnibba)
[17:36:24]ACCESS: Login: Bobrossnibba/(Carson Anderson) from 73.178.13.81-1010201418 || BYOND v513
[17:36:28]ADMIN: Bobrossnibba/(Carson Anderson) used gibself.
[17:36:30]ACCESS: Logout: *no key*/(Carson Anderson)
[17:36:30]ACCESS: Login: Bobrossnibba/(Carson Anderson) from 73.178.13.81-1010201418 || BYOND v513
[17:36:43]EMOTE: monkey (620)/ : <B>The monkey (620)</B> jumps!
[17:36:52]EMOTE: monkey (541)/ : <B>The monkey (541)</B> jumps!
[17:37:00]EMOTE: monkey (879)/ : <B>The monkey (879)</B> jumps!
[17:37:43]EMOTE: monkey (320)/ : <B>The monkey (320)</B> jumps!
[17:37:58]ADMIN: Bobrossnibba/(Carson Anderson) created a /mob/living/carbon/human/whitelisted/pmleader
[17:38:04]ADMIN: Bobrossnibba/(Carson Anderson) assumed direct control of Kornus The Maledictor.
[17:38:04]ACCESS: Logout: *no key*/(Carson Anderson)
[17:38:04]ACCESS: Login: bobrossnibba/(Kornus The Maledictor) from 73.178.13.81-1010201418 || BYOND v513
[17:38:09]EMOTE: monkey (848)/ : <B>The monkey (848)</B> jumps!
[17:38:15]EMOTE: monkey (132)/ : <B>The monkey (132)</B> jumps!
[17:38:39]ADMIN: bobrossnibba/(Kornus The Maledictor) used gibself.
[17:38:41]ACCESS: Logout: *no key*/(Kornus The Maledictor)
[17:38:41]ACCESS: Login: bobrossnibba/(Kornus The Maledictor) from 73.178.13.81-1010201418 || BYOND v513
[17:38:50]EMOTE: monkey (377)/ : <B>The monkey (377)</B> jumps!
[17:38:50]EMOTE: monkey (320)/ : <B>The monkey (320)</B> jumps!
[17:39:32]ADMIN: Bobrossnibba/(Kornus The Maledictor) has modified world.tick_lag to 0.6
[17:39:38]EMOTE: monkey (879)/ : <B>The monkey (879)</B> jumps!
[17:39:42]EMOTE: monkey (874)/ : <B>The monkey (874)</B> jumps!
[17:39:56]ADMIN: bobrossnibba/(Kornus The Maledictor) created a /mob/living/carbon/human
[17:40:02]ADMIN: bobrossnibba/(Kornus The Maledictor) assumed direct control of Unknown.
[17:40:02]ACCESS: Logout: *no key*/(Kornus The Maledictor)
[17:40:02]ACCESS: Login: bobrossnibba/(Unknown) from 73.178.13.81-1010201418 || BYOND v513
[17:40:21]ACCESS: Logout: bobrossnibba[DC]/(Unknown)
