

Starting up. 18:54.24
---------------------
Adding game mode blob (blob) to configuration.
Adding game mode changeling (changeling) to configuration.
Adding game mode traitor+changeling (traitorchan) to configuration.
Adding game mode double agents (double_agents) to configuration.
Adding game mode traitor (traitor) to configuration.
Adding game mode cult (cult) to configuration.
Adding game mode extended (extended) to configuration.
Adding game mode AI malfunction (malfunction) to configuration.
Adding game mode meteor (meteor) to configuration.
Adding game mode necron (necron) to configuration.
Adding game mode Chaos Assault (nuclear) to configuration.
Adding game mode Memestealer Cult (Meme) to configuration.
Adding game mode sandbox (sandbox) to configuration.
Adding game mode wizard (wizard) to configuration.
Unknown game mode probability configuration definition: revolution.
Saved mode is 'extended'
[18:54:24]ADMIN: Loading Banlistjob
[18:54:24]ADMIN: Loading jobban_rank
[18:54:24]ADMIN: Loading appearance_rank
[18:54:24]ADMIN: appearance_keylist was empty
[18:54:24]ADMIN: Updating jobbanfile!
[18:54:24]ADMIN: Loading Banlist
[18:54:24]ADMIN: Loading RTD lists
[18:55:53]ACCESS: Login: Bobrossnibba/(Bobrossnibba) from 73.178.13.81-1010201418 || BYOND v513
[18:56:02]ADMIN: Bobrossnibba has started the game.
[18:56:04]ACCESS: Logout: *no key*/(Bobrossnibba)
[18:56:04]ACCESS: Login: Bobrossnibba/(Abel Lewis) from 73.178.13.81-1010201418 || BYOND v513
[18:56:07]EMOTE: monkey (804)/ : <B>The monkey (804)</B> jumps!
[18:56:09]ADMIN: Bobrossnibba/(Abel Lewis) used gibself.
[18:56:09]EMOTE: monkey (192)/ : <B>The monkey (192)</B> jumps!
[18:56:10]ACCESS: Logout: *no key*/(Abel Lewis)
[18:56:10]ACCESS: Login: Bobrossnibba/(Abel Lewis) from 73.178.13.81-1010201418 || BYOND v513
[18:56:19]ACCESS: Logout: *no key*/(Abel Lewis)
[18:56:19]ACCESS: Login: Bobrossnibba/(Sister Samantha) from 73.178.13.81-1010201418 || BYOND v513
[18:57:49]ACCESS: Logout: Bobrossnibba[DC]/(Sister Samantha)


Starting up. 20:37.10
---------------------
Adding game mode blob (blob) to configuration.
Adding game mode changeling (changeling) to configuration.
Adding game mode traitor+changeling (traitorchan) to configuration.
Adding game mode double agents (double_agents) to configuration.
Adding game mode traitor (traitor) to configuration.
Adding game mode cult (cult) to configuration.
Adding game mode extended (extended) to configuration.
Adding game mode AI malfunction (malfunction) to configuration.
Adding game mode meteor (meteor) to configuration.
Adding game mode necron (necron) to configuration.
Adding game mode Chaos Assault (nuclear) to configuration.
Adding game mode Memestealer Cult (Meme) to configuration.
Adding game mode sandbox (sandbox) to configuration.
Adding game mode wizard (wizard) to configuration.
Unknown game mode probability configuration definition: revolution.
Saved mode is 'extended'
[20:37:10]ADMIN: Loading Banlistjob
[20:37:10]ADMIN: Loading jobban_rank
[20:37:10]ADMIN: Loading appearance_rank
[20:37:10]ADMIN: appearance_keylist was empty
[20:37:10]ADMIN: Updating jobbanfile!
[20:37:10]ADMIN: Loading Banlist
[20:37:10]ADMIN: Loading RTD lists
[20:39:40]ACCESS: Login: Bobrossnibba/(Bobrossnibba) from 73.178.13.81-1010201418 || BYOND v513
[20:39:46]ADMIN: Bobrossnibba has started the game.
[20:39:47]ACCESS: Logout: *no key*/(Bobrossnibba)
[20:39:47]ACCESS: Login: Bobrossnibba/(Abel Lewis) from 73.178.13.81-1010201418 || BYOND v513
[20:39:52]ADMIN: Bobrossnibba/(Abel Lewis) used gibself.
[20:39:54]ACCESS: Logout: *no key*/(Abel Lewis)
[20:39:54]ACCESS: Login: Bobrossnibba/(Abel Lewis) from 73.178.13.81-1010201418 || BYOND v513
[20:39:57]ACCESS: Logout: *no key*/(Abel Lewis)
[20:39:57]ACCESS: Login: Bobrossnibba/(Brother Tias) from 73.178.13.81-1010201418 || BYOND v513
[20:41:00]ACCESS: Logout: Bobrossnibba[DC]/(Brother Tias)


Starting up. 20:49.48
---------------------
Adding game mode blob (blob) to configuration.
Adding game mode changeling (changeling) to configuration.
Adding game mode traitor+changeling (traitorchan) to configuration.
Adding game mode double agents (double_agents) to configuration.
Adding game mode traitor (traitor) to configuration.
Adding game mode cult (cult) to configuration.
Adding game mode extended (extended) to configuration.
Adding game mode AI malfunction (malfunction) to configuration.
Adding game mode meteor (meteor) to configuration.
Adding game mode necron (necron) to configuration.
Adding game mode Chaos Assault (nuclear) to configuration.
Adding game mode Memestealer Cult (Meme) to configuration.
Adding game mode sandbox (sandbox) to configuration.
Adding game mode wizard (wizard) to configuration.
Unknown game mode probability configuration definition: revolution.
Saved mode is 'extended'
[20:49:48]ADMIN: Loading Banlistjob
[20:49:48]ADMIN: Loading jobban_rank
[20:49:48]ADMIN: Loading appearance_rank
[20:49:48]ADMIN: appearance_keylist was empty
[20:49:48]ADMIN: Updating jobbanfile!
[20:49:48]ADMIN: Loading Banlist
[20:49:48]ADMIN: Loading RTD lists
[20:52:18]ACCESS: Login: Bobrossnibba/(Bobrossnibba) from 73.178.13.81-1010201418 || BYOND v513
[20:53:41]ADMIN: Bobrossnibba has started the game.
[20:53:42]ACCESS: Logout: *no key*/(Bobrossnibba)
[20:53:42]ACCESS: Login: Bobrossnibba/(Sage Ali) from 73.178.13.81-1010201418 || BYOND v513
[20:53:54]ADMIN: Bobrossnibba/(Sage Ali) used gibself.
[20:53:55]ACCESS: Logout: *no key*/(Sage Ali)
[20:53:55]ACCESS: Login: Bobrossnibba/(Sage Ali) from 73.178.13.81-1010201418 || BYOND v513
[20:54:00]ACCESS: Logout: *no key*/(Sage Ali)
[20:54:00]ACCESS: Login: Bobrossnibba/(Brother Augustus) from 73.178.13.81-1010201418 || BYOND v513
[20:54:19]EMOTE: monkey (81)/ : <B>The monkey (81)</B> jumps!
[20:54:46]ADMIN: Bobrossnibba/(Cooom) jumped to the Bar
[20:55:02]EMOTE: monkey (789)/ : <B>The monkey (789)</B> jumps!
[20:55:09]ADMIN: Bobrossnibba/(Cooom) modified Night Vision Goggles's darkness_view to 5
[20:55:26]ADMIN: Bobrossnibba/(Cooom) modified Night Vision Goggles's darkness_view to 10
[20:57:44]ACCESS: Logout: Bobrossnibba[DC]/(Cooom)
