

Starting up. 19:03.48
---------------------
Adding game mode blob (blob) to configuration.
Adding game mode changeling (changeling) to configuration.
Adding game mode traitor+changeling (traitorchan) to configuration.
Adding game mode double agents (double_agents) to configuration.
Adding game mode traitor (traitor) to configuration.
Adding game mode cult (cult) to configuration.
Adding game mode extended (extended) to configuration.
Adding game mode AI malfunction (malfunction) to configuration.
Adding game mode meteor (meteor) to configuration.
Adding game mode necron (necron) to configuration.
Adding game mode Chaos Assault (nuclear) to configuration.
Adding game mode Memestealer Cult (Meme) to configuration.
Adding game mode sandbox (sandbox) to configuration.
Adding game mode wizard (wizard) to configuration.
Unknown game mode probability configuration definition: revolution.
Saved mode is 'changeling'
[19:03:49]ADMIN: Loading Banlistjob
[19:03:49]ADMIN: Loading jobban_rank
[19:03:49]ADMIN: Loading appearance_rank
[19:03:49]ADMIN: appearance_keylist was empty
[19:03:49]ADMIN: Updating jobbanfile!
[19:03:49]ADMIN: Loading Banlist
[19:03:49]ADMIN: Loading RTD lists
[19:05:52]ACCESS: Login: Bobrossnibba/(Bobrossnibba) from 73.178.13.81-1508471533 || BYOND v513
[19:06:00]ADMIN: Bobrossnibba has started the game.
[19:06:13]ADMIN: Bobrossnibba/(Bobrossnibba) set the mode as extended.
[19:06:17]ADMIN: Bobrossnibba has started the game.
[19:06:19]ACCESS: Logout: *no key*/(Bobrossnibba)
[19:06:19]ACCESS: Login: Bobrossnibba/(Abel Lewis) from 73.178.13.81-1508471533 || BYOND v513
[19:06:39]EMOTE: monkey (130)/ : <B>The monkey (130)</B> jumps!
[19:06:39]ADMIN: Bobrossnibba/(Abel Lewis) set RTD Timer to 1.
[19:06:49]EMOTE: monkey (130)/ : <B>The monkey (130)</B> jumps!
[19:06:54]ADMIN: Bobrossnibba/(Abel Lewis) used gibself.
[19:06:55]ACCESS: Logout: *no key*/(Abel Lewis)
[19:06:55]ACCESS: Login: Bobrossnibba/(Abel Lewis) from 73.178.13.81-1508471533 || BYOND v513
[19:07:05]EMOTE: monkey (121)/ : <B>The monkey (121)</B> jumps!
[19:07:26]ACCESS: Logout: *no key*/(Abel Lewis)
[19:07:26]ACCESS: Login: Bobrossnibba/(Caorpudaran the Enlightened) from 73.178.13.81-1508471533 || BYOND v513
[19:08:06]ACCESS: Logout: Bobrossnibba[DC]/(Sadfad)


Starting up. 19:42.45
---------------------
Adding game mode blob (blob) to configuration.
Adding game mode changeling (changeling) to configuration.
Adding game mode traitor+changeling (traitorchan) to configuration.
Adding game mode double agents (double_agents) to configuration.
Adding game mode traitor (traitor) to configuration.
Adding game mode cult (cult) to configuration.
Adding game mode extended (extended) to configuration.
Adding game mode AI malfunction (malfunction) to configuration.
Adding game mode meteor (meteor) to configuration.
Adding game mode necron (necron) to configuration.
Adding game mode Chaos Assault (nuclear) to configuration.
Adding game mode Memestealer Cult (Meme) to configuration.
Adding game mode sandbox (sandbox) to configuration.
Adding game mode wizard (wizard) to configuration.
Unknown game mode probability configuration definition: revolution.
Saved mode is 'extended'
[19:42:45]ADMIN: Loading Banlistjob
[19:42:45]ADMIN: Loading jobban_rank
[19:42:45]ADMIN: Loading appearance_rank
[19:42:45]ADMIN: appearance_keylist was empty
[19:42:45]ADMIN: Updating jobbanfile!
[19:42:45]ADMIN: Loading Banlist
[19:42:45]ADMIN: Loading RTD lists
[19:44:35]ACCESS: Login: Bobrossnibba/(Bobrossnibba) from 73.178.13.81-1508471533 || BYOND v513
[19:44:57]ADMIN: Bobrossnibba has started the game.
[19:44:59]ACCESS: Logout: *no key*/(Bobrossnibba)
[19:44:59]ACCESS: Login: Bobrossnibba/(Carson Anderson) from 73.178.13.81-1508471533 || BYOND v513
[19:45:35]EMOTE: monkey (708)/ : <B>The monkey (708)</B> jumps!
[19:46:07]ACCESS: Logout: Bobrossnibba[DC]/(Carson Anderson)


Starting up. 20:22.47
---------------------
Adding game mode blob (blob) to configuration.
Adding game mode changeling (changeling) to configuration.
Adding game mode traitor+changeling (traitorchan) to configuration.
Adding game mode double agents (double_agents) to configuration.
Adding game mode traitor (traitor) to configuration.
Adding game mode cult (cult) to configuration.
Adding game mode extended (extended) to configuration.
Adding game mode AI malfunction (malfunction) to configuration.
Adding game mode meteor (meteor) to configuration.
Adding game mode necron (necron) to configuration.
Adding game mode Chaos Assault (nuclear) to configuration.
Adding game mode Memestealer Cult (Meme) to configuration.
Adding game mode sandbox (sandbox) to configuration.
Adding game mode wizard (wizard) to configuration.
Unknown game mode probability configuration definition: revolution.
Saved mode is 'extended'
[20:22:47]ADMIN: Loading Banlistjob
[20:22:47]ADMIN: Loading jobban_rank
[20:22:47]ADMIN: Loading appearance_rank
[20:22:47]ADMIN: appearance_keylist was empty
[20:22:47]ADMIN: Updating jobbanfile!
[20:22:47]ADMIN: Loading Banlist
[20:22:47]ADMIN: Loading RTD lists


Starting up. 20:31.49
---------------------
Adding game mode blob (blob) to configuration.
Adding game mode changeling (changeling) to configuration.
Adding game mode traitor+changeling (traitorchan) to configuration.
Adding game mode double agents (double_agents) to configuration.
Adding game mode traitor (traitor) to configuration.
Adding game mode cult (cult) to configuration.
Adding game mode extended (extended) to configuration.
Adding game mode AI malfunction (malfunction) to configuration.
Adding game mode meteor (meteor) to configuration.
Adding game mode necron (necron) to configuration.
Adding game mode Chaos Assault (nuclear) to configuration.
Adding game mode Memestealer Cult (Meme) to configuration.
Adding game mode sandbox (sandbox) to configuration.
Adding game mode wizard (wizard) to configuration.
Unknown game mode probability configuration definition: revolution.
Saved mode is 'extended'
[20:31:49]ADMIN: Loading Banlistjob
[20:31:49]ADMIN: Loading jobban_rank
[20:31:49]ADMIN: Loading appearance_rank
[20:31:49]ADMIN: appearance_keylist was empty
[20:31:49]ADMIN: Updating jobbanfile!
[20:31:49]ADMIN: Loading Banlist
[20:31:49]ADMIN: Loading RTD lists
[20:33:20]ACCESS: Login: Bobrossnibba/(Bobrossnibba) from 73.178.13.81-1508471533 || BYOND v513
[20:33:29]ADMIN: Bobrossnibba has started the game.
[20:33:30]ACCESS: Logout: *no key*/(Bobrossnibba)
[20:33:30]ACCESS: Login: Bobrossnibba/(Carson Anderson) from 73.178.13.81-1508471533 || BYOND v513
[20:33:32]EMOTE: monkey (305)/ : <B>The monkey (305)</B> jumps!
[20:33:32]EMOTE: monkey (364)/ : <B>The monkey (364)</B> jumps!
[20:33:36]EMOTE: monkey (872)/ : <B>The monkey (872)</B> jumps!
[20:33:43]EMOTE: monkey (144)/ : <B>The monkey (144)</B> jumps!
[20:33:47]EMOTE: monkey (305)/ : <B>The monkey (305)</B> jumps!
[20:34:08]ACCESS: Logout: Bobrossnibba[DC]/(Carson Anderson)


Starting up. 21:47.06
---------------------
Adding game mode blob (blob) to configuration.
Adding game mode changeling (changeling) to configuration.
Adding game mode traitor+changeling (traitorchan) to configuration.
Adding game mode double agents (double_agents) to configuration.
Adding game mode traitor (traitor) to configuration.
Adding game mode cult (cult) to configuration.
Adding game mode extended (extended) to configuration.
Adding game mode AI malfunction (malfunction) to configuration.
Adding game mode meteor (meteor) to configuration.
Adding game mode necron (necron) to configuration.
Adding game mode Chaos Assault (nuclear) to configuration.
Adding game mode Memestealer Cult (Meme) to configuration.
Adding game mode sandbox (sandbox) to configuration.
Adding game mode wizard (wizard) to configuration.
Unknown game mode probability configuration definition: revolution.
Saved mode is 'extended'
[21:47:06]ADMIN: Loading Banlistjob
[21:47:06]ADMIN: Loading jobban_rank
[21:47:06]ADMIN: Loading appearance_rank
[21:47:06]ADMIN: appearance_keylist was empty
[21:47:06]ADMIN: Updating jobbanfile!
[21:47:06]ADMIN: Loading Banlist
[21:47:06]ADMIN: Loading RTD lists
[21:49:11]ACCESS: Login: Bobrossnibba/(Bobrossnibba) from 73.178.13.81-1508471533 || BYOND v513
[21:49:13]ACCESS: Login: Apple5382/(Apple5382) from 67.164.206.77-2930928390 || BYOND v513
[21:49:20]ACCESS: Logout: *no key*/(Apple5382)
[21:49:20]ACCESS: Login: Apple5382/(Sally Bengum) from 67.164.206.77-2930928390 || BYOND v513
[21:49:24]SAY: Ghost/Apple5382 : hello
[21:49:24]ADMIN: Bobrossnibba has started the game.
[21:49:26]ACCESS: Logout: *no key*/(Bobrossnibba)
[21:49:26]ACCESS: Login: Bobrossnibba/(Carson Anderson) from 73.178.13.81-1508471533 || BYOND v513
[21:49:37]ADMIN: Bobrossnibba/(Carson Anderson) used gibself.
[21:49:38]ACCESS: Logout: *no key*/(Carson Anderson)
[21:49:38]ACCESS: Login: Bobrossnibba/(Carson Anderson) from 73.178.13.81-1508471533 || BYOND v513
[21:49:45]ADMIN: HELP: Apple5382/(Sally Bengum): want to create antag space marines? - heard by 1 non-AFK admins who have +BAN.
[21:49:53]ADMIN: PM: Bobrossnibba/(Carson Anderson)->Apple5382/(Sally Bengum): yeah 1 sec
[21:49:59]ADMIN: Bobrossnibba/(Carson Anderson) set RTD Timer to 1.
[21:50:08]ADMIN: Bobrossnibba/(Carson Anderson) summoned Ultramarines.
[21:50:21]EMOTE: monkey (745)/ : <B>The monkey (745)</B> jumps!
[21:50:27]EMOTE: monkey (265)/ : <B>The monkey (265)</B> jumps!
[21:50:38]ACCESS: Logout: *no key*/(Carson Anderson)
[21:50:38]ACCESS: Login: Bobrossnibba/(Brother Gabriel) from 73.178.13.81-1508471533 || BYOND v513
[21:50:38]ACCESS: Logout: *no key*/(Sally Bengum)
[21:50:38]ACCESS: Login: Apple5382/(Brother Augustus) from 67.164.206.77-2930928390 || BYOND v513
[21:51:00]ADMIN: Bobrossnibba/(Brother Gabriel) used gibself.
[21:51:02]ACCESS: Logout: *no key*/(Brother Gabriel)
[21:51:02]ACCESS: Login: Bobrossnibba/(Brother Gabriel) from 73.178.13.81-1508471533 || BYOND v513
[21:51:06]ACCESS: Logout: *no key*/(Brother Gabriel)
[21:51:06]ACCESS: Login: Bobrossnibba/(Brother Drusus) from 73.178.13.81-1508471533 || BYOND v513
[21:51:13]SAY: Brother Augustus/Apple5382 : nice
[21:51:17]SAY: Brother Augustus/Apple5382 : helmet looks good
[21:51:20]SAY: Brother Augustus/Apple5382 : wait
[21:51:22]SAY: Brother Drusus/Bobrossnibba : Side views off
[21:51:23]SAY: Brother Augustus/Apple5382 : its too low
[21:51:27]SAY: Brother Augustus/Apple5382 : one sec
[21:51:31]SAY: Brother Augustus/Apple5382 : let me count the pixels
[21:51:42]SAY: Brother Drusus/Bobrossnibba : but yeah rest of it good
[21:51:46]SAY: Brother Augustus/Apple5382 : i think 4 pixels
[21:51:52]SAY: Brother Augustus/Apple5382 : its an easy fix
[21:52:10]ADMIN: Bobrossnibba/(Brother Drusus) has gibbed Apple5382/(Brother Augustus)
[21:52:12]ACCESS: Logout: *no key*/(Brother Augustus)
[21:52:12]ACCESS: Login: Apple5382/(Brother Augustus) from 67.164.206.77-2930928390 || BYOND v513
[21:52:17]ACCESS: Logout: *no key*/(Brother Augustus)
[21:52:17]ACCESS: Login: Apple5382/(Brother Gabriel) from 67.164.206.77-2930928390 || BYOND v513
[21:52:31]EMOTE: monkey (841)/ : <B>The monkey (841)</B> jumps!
[21:53:04]EMOTE: monkey (360)/ : <B>The monkey (360)</B> jumps!
[21:55:32]ADMIN: Bobrossnibba/(Brother Drusus) used gibself.
[21:55:34]ACCESS: Logout: *no key*/(Brother Drusus)
[21:55:34]ACCESS: Login: Bobrossnibba/(Brother Drusus) from 73.178.13.81-1508471533 || BYOND v513
[21:55:39]ADMIN: Bobrossnibba/(Brother Drusus) summoned Ultramarines.
[21:56:09]ACCESS: Logout: *no key*/(Brother Drusus)
[21:56:09]ACCESS: Login: Bobrossnibba/(Brother Tias) from 73.178.13.81-1508471533 || BYOND v513
[21:56:48]EMOTE: monkey (360)/ : <B>The monkey (360)</B> jumps!
[22:02:13]ACCESS: Logout: *no key*/(Brother Tias)
[22:02:13]ACCESS: Login: Bobrossnibba/(Brother Tias) from 73.178.13.81-1508471533 || BYOND v513
[22:02:29]ACCESS: Logout: *no key*/(Brother Felix)
[22:02:29]ACCESS: Login: Apple5382/(Brother Felix) from 67.164.206.77-2930928390 || BYOND v513
[22:02:34]EMOTE: monkey (745)/ : <B>The monkey (745)</B> jumps!
[22:02:34]EMOTE: monkey (265)/ : <B>The monkey (265)</B> jumps!
[22:03:27]EMOTE: monkey (154)/ : <B>The monkey (154)</B> jumps!
[22:03:36]ACCESS: Logout: Bobrossnibba[DC]/(Brother Tias)
[22:03:41]ACCESS: Logout: Apple5382[DC]/(Brother Felix)


Starting up. 22:11.33
---------------------
Adding game mode blob (blob) to configuration.
Adding game mode changeling (changeling) to configuration.
Adding game mode traitor+changeling (traitorchan) to configuration.
Adding game mode double agents (double_agents) to configuration.
Adding game mode traitor (traitor) to configuration.
Adding game mode cult (cult) to configuration.
Adding game mode extended (extended) to configuration.
Adding game mode AI malfunction (malfunction) to configuration.
Adding game mode meteor (meteor) to configuration.
Adding game mode necron (necron) to configuration.
Adding game mode Chaos Assault (nuclear) to configuration.
Adding game mode Memestealer Cult (Meme) to configuration.
Adding game mode sandbox (sandbox) to configuration.
Adding game mode wizard (wizard) to configuration.
Unknown game mode probability configuration definition: revolution.
Saved mode is 'extended'
[22:11:33]ADMIN: Loading Banlistjob
[22:11:33]ADMIN: Loading jobban_rank
[22:11:33]ADMIN: Loading appearance_rank
[22:11:33]ADMIN: appearance_keylist was empty
[22:11:33]ADMIN: Updating jobbanfile!
[22:11:33]ADMIN: Loading Banlist
[22:11:33]ADMIN: Loading RTD lists
[22:12:48]ACCESS: Login: Apple5382/(Apple5382) from 67.164.206.77-2930928390 || BYOND v513
[22:12:56]ACCESS: Logout: *no key*/(Apple5382)
[22:12:56]ACCESS: Login: Apple5382/(Sally Bengum) from 67.164.206.77-2930928390 || BYOND v513
[22:13:16]ACCESS: Login: Bobrossnibba/(Bobrossnibba) from 73.178.13.81-1508471533 || BYOND v513
[22:13:25]ADMIN: Bobrossnibba has started the game.
[22:13:26]ACCESS: Logout: *no key*/(Bobrossnibba)
[22:13:26]ACCESS: Login: Bobrossnibba/(Carson Anderson) from 73.178.13.81-1508471533 || BYOND v513
[22:14:37]ADMIN: Bobrossnibba/(Carson Anderson) set RTD Timer to 1.
[22:14:42]ADMIN: Bobrossnibba/(Carson Anderson) used gibself.
[22:14:43]ACCESS: Logout: *no key*/(Carson Anderson)
[22:14:43]ACCESS: Login: Bobrossnibba/(Carson Anderson) from 73.178.13.81-1508471533 || BYOND v513
[22:14:47]ACCESS: Logout: *no key*/(Sally Bengum)
[22:14:47]ACCESS: Login: Apple5382/(Brother Diodorus) from 67.164.206.77-2930928390 || BYOND v513
[22:14:51]ACCESS: Logout: *no key*/(Carson Anderson)
[22:14:51]ACCESS: Login: Bobrossnibba/(Brother Gabriel) from 73.178.13.81-1508471533 || BYOND v513
[22:15:33]SAY: grey baby slime (581)/ : Blorble...
[22:16:09]EMOTE: monkey (307)/ : <B>The monkey (307)</B> jumps!
[22:17:07]ADMIN: Bobrossnibba/(Brother Gabriel) initiated a reboot.
[22:17:12]ACCESS: Logout: Apple5382[DC]/(Brother Felix)
[22:17:12]ACCESS: Logout: Bobrossnibba[DC]/(Brother Gabriel)


Starting up. 22:17.24
---------------------
Adding game mode blob (blob) to configuration.
Adding game mode changeling (changeling) to configuration.
Adding game mode traitor+changeling (traitorchan) to configuration.
Adding game mode double agents (double_agents) to configuration.
Adding game mode traitor (traitor) to configuration.
Adding game mode cult (cult) to configuration.
Adding game mode extended (extended) to configuration.
Adding game mode AI malfunction (malfunction) to configuration.
Adding game mode meteor (meteor) to configuration.
Adding game mode necron (necron) to configuration.
Adding game mode Chaos Assault (nuclear) to configuration.
Adding game mode Memestealer Cult (Meme) to configuration.
Adding game mode sandbox (sandbox) to configuration.
Adding game mode wizard (wizard) to configuration.
Unknown game mode probability configuration definition: revolution.
Saved mode is 'extended'
[22:17:24]ADMIN: Loading Banlistjob
[22:17:24]ADMIN: Loading jobban_rank
[22:17:24]ADMIN: Loading appearance_rank
[22:17:24]ADMIN: appearance_keylist was empty
[22:17:24]ADMIN: Updating jobbanfile!
[22:17:24]ADMIN: Loading Banlist
[22:17:24]ADMIN: Loading RTD lists
[22:18:20]ACCESS: Login: Apple5382/(Apple5382) from 67.164.206.77-2930928390 || BYOND v513
[22:18:20]ACCESS: Login: Bobrossnibba/(Bobrossnibba) from 73.178.13.81-1508471533 || BYOND v513
[22:18:48]ADMIN: Bobrossnibba has started the game.
[22:18:50]ACCESS: Logout: *no key*/(Bobrossnibba)
[22:18:50]ACCESS: Login: Bobrossnibba/(Carson Anderson) from 73.178.13.81-1508471533 || BYOND v513
[22:18:55]ADMIN: Bobrossnibba/(Carson Anderson) used gibself.
[22:18:57]ACCESS: Logout: *no key*/(Carson Anderson)
[22:18:57]ACCESS: Login: Bobrossnibba/(Carson Anderson) from 73.178.13.81-1508471533 || BYOND v513
[22:19:03]ACCESS: Logout: *no key*/(Apple5382)
[22:19:03]ACCESS: Login: Apple5382/(Sally Bengum) from 67.164.206.77-2930928390 || BYOND v513
[22:19:06]ADMIN: Bobrossnibba/(Carson Anderson) set RTD Timer to 1.
[22:19:59]ACCESS: Logout: *no key*/(Carson Anderson)
[22:19:59]ACCESS: Login: Bobrossnibba/(Brother Tiberias) from 73.178.13.81-1508471533 || BYOND v513
[22:20:20]ACCESS: Logout: *no key*/(Sally Bengum)
[22:20:20]ACCESS: Login: Apple5382/(Brother Diodorus) from 67.164.206.77-2930928390 || BYOND v513
[22:21:03]EMOTE: monkey (826)/ : <B>The monkey (826)</B> jumps!
[22:22:37]EMOTE: monkey (239)/ : <B>The monkey (239)</B> jumps!
[22:26:22]EMOTE: monkey (826)/ : <B>The monkey (826)</B> jumps!
[22:26:31]EMOTE: monkey (826)/ : <B>The monkey (826)</B> jumps!
[22:28:23]EMOTE: monkey (937)/ : <B>The monkey (937)</B> jumps!
[22:30:25]EMOTE: monkey (16)/ : <B>The monkey (16)</B> jumps!
[22:32:01]ADMIN: Bobrossnibba/(Brother Tiberias) initiated a reboot.
[22:32:06]ACCESS: Logout: Apple5382[DC]/(Brother Diodorus)
[22:32:06]ACCESS: Logout: Bobrossnibba[DC]/(Brother Tiberias)


Starting up. 22:32.17
---------------------
Adding game mode blob (blob) to configuration.
Adding game mode changeling (changeling) to configuration.
Adding game mode traitor+changeling (traitorchan) to configuration.
Adding game mode double agents (double_agents) to configuration.
Adding game mode traitor (traitor) to configuration.
Adding game mode cult (cult) to configuration.
Adding game mode extended (extended) to configuration.
Adding game mode AI malfunction (malfunction) to configuration.
Adding game mode meteor (meteor) to configuration.
Adding game mode necron (necron) to configuration.
Adding game mode Chaos Assault (nuclear) to configuration.
Adding game mode Memestealer Cult (Meme) to configuration.
Adding game mode sandbox (sandbox) to configuration.
Adding game mode wizard (wizard) to configuration.
Unknown game mode probability configuration definition: revolution.
Saved mode is 'extended'
[22:32:17]ADMIN: Loading Banlistjob
[22:32:17]ADMIN: Loading jobban_rank
[22:32:17]ADMIN: Loading appearance_rank
[22:32:17]ADMIN: appearance_keylist was empty
[22:32:17]ADMIN: Updating jobbanfile!
[22:32:17]ADMIN: Loading Banlist
[22:32:17]ADMIN: Loading RTD lists
[22:33:13]ACCESS: Login: Apple5382/(Apple5382) from 67.164.206.77-2930928390 || BYOND v513
[22:33:13]ACCESS: Login: Bobrossnibba/(Bobrossnibba) from 73.178.13.81-1508471533 || BYOND v513
[22:33:24]ACCESS: Logout: *no key*/(Apple5382)
[22:33:24]ACCESS: Login: Apple5382/(Sally Bengum) from 67.164.206.77-2930928390 || BYOND v513
[22:33:26]ADMIN: Bobrossnibba has started the game.
[22:33:27]ACCESS: Logout: *no key*/(Bobrossnibba)
[22:33:27]ACCESS: Login: Bobrossnibba/(Carson Anderson) from 73.178.13.81-1508471533 || BYOND v513
[22:33:33]ADMIN: Bobrossnibba/(Carson Anderson) set RTD Timer to 1.
[22:33:43]SAY: Telepathy: Bobrossnibba/(Carson Anderson)-> : ayy
[22:34:24]EMOTE: monkey (131)/ : <B>The monkey (131)</B> jumps!
[22:34:41]SAY: grey baby slime (969)/ : Blorble...
[22:34:52]ADMIN: Bobrossnibba/(Carson Anderson) used gibself.
[22:34:53]ACCESS: Logout: *no key*/(Carson Anderson)
[22:34:53]ACCESS: Login: Bobrossnibba/(Carson Anderson) from 73.178.13.81-1508471533 || BYOND v513
[22:34:56]ACCESS: Logout: *no key*/(Sally Bengum)
[22:34:56]ACCESS: Login: Apple5382/(Brother Augustus) from 67.164.206.77-2930928390 || BYOND v513
[22:34:59]ACCESS: Logout: *no key*/(Carson Anderson)
[22:34:59]ACCESS: Login: Bobrossnibba/(Brother Roman) from 73.178.13.81-1508471533 || BYOND v513
[22:35:22]ADMIN: Bobrossnibba/(Brother Roman) used gibself.
[22:35:24]ACCESS: Logout: *no key*/(Brother Roman)
[22:35:24]ACCESS: Login: Bobrossnibba/(Brother Roman) from 73.178.13.81-1508471533 || BYOND v513
[22:35:24]EMOTE: monkey (15)/ : <B>The monkey (15)</B> jumps!
[22:35:26]EMOTE: monkey (15)/ : <B>The monkey (15)</B> jumps!
[22:35:28]ACCESS: Logout: *no key*/(Brother Roman)
[22:35:28]ACCESS: Login: Bobrossnibba/(Brother Sabius) from 73.178.13.81-1508471533 || BYOND v513
[22:36:37]EMOTE: Brother Sabius/Bobrossnibba : <B>Brother Sabius</B> gasps!
[22:36:55]SAY: grey baby slime (552)/ : Lonely...
[22:37:14]ADMIN: Bobrossnibba/(Brother Sabius) used gibself.
[22:37:16]ACCESS: Logout: *no key*/(Brother Sabius)
[22:37:16]ACCESS: Login: Bobrossnibba/(Brother Sabius) from 73.178.13.81-1508471533 || BYOND v513
[22:37:20]ACCESS: Logout: *no key*/(Brother Sabius)
[22:37:20]ACCESS: Login: Bobrossnibba/(Brother Ferox) from 73.178.13.81-1508471533 || BYOND v513
[22:37:57]SAY: Brother Augustus/Apple5382 : the plasma rifle has an RNG factor for accuracy
[22:38:08]SAY: Brother Ferox/Bobrossnibba : wsdddyeah
[22:38:10]SAY: Brother Ferox/Bobrossnibba : they all do
[22:38:12]SAY: Brother Ferox/Bobrossnibba : have deviation
[22:38:16]SAY: Brother Ferox/Bobrossnibba : most guns do
[22:38:19]SAY: Brother Ferox/Bobrossnibba : ok
[22:38:19]SAY: Brother Ferox/Bobrossnibba : uh
[22:38:24]SAY: Brother Augustus/Apple5382 : but the plasma rifle has a lot
[22:38:24]SAY: Brother Ferox/Bobrossnibba : gunna full restart to test this
[22:38:26]ACCESS: Logout: Bobrossnibba[DC]/(Brother Ferox)
[22:38:27]SAY: Brother Augustus/Apple5382 : and okay
[22:38:35]ACCESS: Logout: Apple5382[DC]/(Brother Augustus)


Starting up. 22:41.24
---------------------
Adding game mode blob (blob) to configuration.
Adding game mode changeling (changeling) to configuration.
Adding game mode traitor+changeling (traitorchan) to configuration.
Adding game mode double agents (double_agents) to configuration.
Adding game mode traitor (traitor) to configuration.
Adding game mode cult (cult) to configuration.
Adding game mode extended (extended) to configuration.
Adding game mode AI malfunction (malfunction) to configuration.
Adding game mode meteor (meteor) to configuration.
Adding game mode necron (necron) to configuration.
Adding game mode Chaos Assault (nuclear) to configuration.
Adding game mode Memestealer Cult (Meme) to configuration.
Adding game mode sandbox (sandbox) to configuration.
Adding game mode wizard (wizard) to configuration.
Unknown game mode probability configuration definition: revolution.
Saved mode is 'extended'
[22:41:24]ADMIN: Loading Banlistjob
[22:41:24]ADMIN: Loading jobban_rank
[22:41:24]ADMIN: Loading appearance_rank
[22:41:24]ADMIN: appearance_keylist was empty
[22:41:24]ADMIN: Updating jobbanfile!
[22:41:24]ADMIN: Loading Banlist
[22:41:24]ADMIN: Loading RTD lists
[22:43:29]ACCESS: Login: Bobrossnibba/(Bobrossnibba) from 73.178.13.81-1508471533 || BYOND v513
[22:43:44]ADMIN: Bobrossnibba has started the game.
[22:43:46]ACCESS: Logout: *no key*/(Bobrossnibba)
[22:43:46]ACCESS: Login: Bobrossnibba/(Carson Anderson) from 73.178.13.81-1508471533 || BYOND v513
[22:43:56]ADMIN: Bobrossnibba/(Carson Anderson) set RTD Timer to 1.
[22:44:45]ADMIN: Bobrossnibba/(Carson Anderson) used gibself.
[22:44:46]ACCESS: Logout: *no key*/(Carson Anderson)
[22:44:46]ACCESS: Login: Bobrossnibba/(Carson Anderson) from 73.178.13.81-1508471533 || BYOND v513
[22:44:51]ACCESS: Logout: *no key*/(Carson Anderson)
[22:44:51]ACCESS: Login: Bobrossnibba/(Brother Augustus) from 73.178.13.81-1508471533 || BYOND v513
[22:44:56]EMOTE: monkey (288)/ : <B>The monkey (288)</B> jumps!
[22:45:58]ACCESS: Login: Apple5382/(Apple5382) from 67.164.206.77-2930928390 || BYOND v513
[22:46:01]ACCESS: Logout: *no key*/(Apple5382)
[22:46:01]ACCESS: Login: Apple5382/(Sally Bengum) from 67.164.206.77-2930928390 || BYOND v513
[22:46:06]ACCESS: Logout: *no key*/(Sally Bengum)
[22:46:06]ACCESS: Login: Apple5382/(Brother Achilles) from 67.164.206.77-2930928390 || BYOND v513
[22:46:17]EMOTE: monkey (520)/ : <B>The monkey (520)</B> jumps!
[22:49:43]EMOTE: monkey (301)/ : <B>The monkey (301)</B> jumps!
[22:50:05]EMOTE: monkey (815)/ : <B>The monkey (815)</B> jumps!
[22:51:43]EMOTE: monkey (220)/ : <B>The monkey (220)</B> jumps!
[22:53:51]EMOTE: monkey (606)/ : <B>The monkey (606)</B> jumps!
[22:55:00]GAME: apple5382(Brother Achilles) fired a the SRM-8 missile rack (117,92,2)
[22:57:21]SAY: grey baby slime (695)/ : Blop...
[22:57:54]EMOTE: Brother Augustus/Bobrossnibba : <B>Brother Augustus</B> gasps!
[22:58:01]ACCESS: Logout: *no key*/(Brother Augustus)
[22:58:01]ACCESS: Login: Bobrossnibba/(Brother Augustus) from 73.178.13.81-1508471533 || BYOND v513
[22:58:16]ACCESS: Logout: *no key*/(Brother Augustus)
[22:58:16]ACCESS: Login: Bobrossnibba/(Brother Augustus) from 73.178.13.81-1508471533 || BYOND v513
[22:58:22]ADMIN: Bobrossnibba/(Brother Augustus) healed / Revived Bobrossnibba/(Brother Augustus)
[22:58:25]GAME: apple5382(Brother Achilles) fired a the SRM-8 missile rack (116,92,2)
[22:59:27]EMOTE: monkey (520)/ : <B>The monkey (520)</B> jumps!
[22:59:28]EMOTE: monkey (558)/ : <B>The monkey (558)</B> jumps!
[22:59:42]EMOTE: monkey (345)/ : <B>The monkey (345)</B> jumps!
[23:01:44]EMOTE: monkey (606)/ : <B>The monkey (606)</B> jumps!
[23:01:48]ACCESS: Logout: *no key*/(Brother Augustus)
[23:01:48]ACCESS: Login: Bobrossnibba/(Brother Augustus) from 73.178.13.81-1508471533 || BYOND v513
[23:01:50]ACCESS: Logout: *no key*/(Brother Augustus)
[23:01:50]ACCESS: Login: Bobrossnibba/(Brother Augustus) from 73.178.13.81-1508471533 || BYOND v513
[23:01:53]ADMIN: Bobrossnibba/(Brother Augustus) used gibself.
[23:01:54]ACCESS: Logout: *no key*/(Brother Augustus)
[23:01:54]ACCESS: Login: Bobrossnibba/(Brother Augustus) from 73.178.13.81-1508471533 || BYOND v513
[23:02:25]ADMIN: Bobrossnibba/(Brother Augustus) created a /mob/living/carbon/human/whitelisted/um/leader
[23:02:34]ADMIN: Bobrossnibba/(Brother Augustus) assumed direct control of Brother Erastus.
[23:02:34]ACCESS: Logout: *no key*/(Brother Augustus)
[23:02:34]ACCESS: Login: bobrossnibba/(Brother Erastus) from 73.178.13.81-1508471533 || BYOND v513
[23:02:57]ADMIN: bobrossnibba/(Brother Erastus) edited the admin rank of apple5382 to Inquisitor
[23:03:07]ADMIN: Apple5382/(Brother Achilles) jumped to 126,104,2 in the Centcom Docks
[23:03:33]ACCESS: Logout: *no key*/(Brother Erastus)
[23:03:33]ACCESS: Login: bobrossnibba/(Brother Erastus) from 73.178.13.81-1508471533 || BYOND v513
[23:03:34]SAY: grey baby slime (309)/ : Blop...
[23:03:36]ADMIN: bobrossnibba/(Brother Erastus) deleted Ultra Marine Dreadnought at (126,102,2)
[23:03:54]ACCESS: Logout: *no key*/(Brother Erastus)
[23:03:54]ACCESS: Login: bobrossnibba/(Brother Erastus) from 73.178.13.81-1508471533 || BYOND v513
[23:04:44]ADMIN: Apple5382/(Brother Achilles) spawned /obj/mecha/combat/dreadnought at (126,104,2)
[23:04:50]ACCESS: Logout: *no key*/(Brother Erastus)
[23:04:50]ACCESS: Login: bobrossnibba/(Brother Erastus) from 73.178.13.81-1508471533 || BYOND v513
[23:05:21]ADMIN: Apple5382/(Brother Achilles) deleted Ultra Marine Dreadnought at (127,104,2)
[23:05:46]ADMIN: bobrossnibba/(Brother Erastus) initiated a reboot.
[23:05:52]ACCESS: Logout: bobrossnibba[DC]/(Brother Erastus)
[23:05:52]ACCESS: Logout: Apple5382[DC]/(Brother Achilles)


Starting up. 23:06.03
---------------------
Adding game mode blob (blob) to configuration.
Adding game mode changeling (changeling) to configuration.
Adding game mode traitor+changeling (traitorchan) to configuration.
Adding game mode double agents (double_agents) to configuration.
Adding game mode traitor (traitor) to configuration.
Adding game mode cult (cult) to configuration.
Adding game mode extended (extended) to configuration.
Adding game mode AI malfunction (malfunction) to configuration.
Adding game mode meteor (meteor) to configuration.
Adding game mode necron (necron) to configuration.
Adding game mode Chaos Assault (nuclear) to configuration.
Adding game mode Memestealer Cult (Meme) to configuration.
Adding game mode sandbox (sandbox) to configuration.
Adding game mode wizard (wizard) to configuration.
Unknown game mode probability configuration definition: revolution.
Saved mode is 'extended'
[23:06:03]ADMIN: Loading Banlistjob
[23:06:03]ADMIN: Loading jobban_rank
[23:06:03]ADMIN: Loading appearance_rank
[23:06:03]ADMIN: appearance_keylist was empty
[23:06:03]ADMIN: Updating jobbanfile!
[23:06:03]ADMIN: Loading Banlist
[23:06:03]ADMIN: Loading RTD lists
[23:06:57]ACCESS: Login: Apple5382/(Apple5382) from 67.164.206.77-2930928390 || BYOND v513
[23:06:57]ACCESS: Login: Bobrossnibba/(Bobrossnibba) from 73.178.13.81-1508471533 || BYOND v513
[23:07:05]ADMIN: Bobrossnibba has started the game.
[23:07:06]ACCESS: Logout: *no key*/(Bobrossnibba)
[23:07:06]ACCESS: Login: Bobrossnibba/(Carson Anderson) from 73.178.13.81-1508471533 || BYOND v513
[23:07:07]ACCESS: Logout: *no key*/(Apple5382)
[23:07:07]ACCESS: Login: Apple5382/(Sally Bengum) from 67.164.206.77-2930928390 || BYOND v513
[23:07:12]ADMIN: Bobrossnibba/(Carson Anderson) used gibself.
[23:07:13]ACCESS: Logout: *no key*/(Carson Anderson)
[23:07:13]ACCESS: Login: Bobrossnibba/(Carson Anderson) from 73.178.13.81-1508471533 || BYOND v513
[23:07:18]ADMIN: Bobrossnibba/(Carson Anderson) set RTD Timer to 1.
[23:08:36]EMOTE: monkey (454)/ : <B>The monkey (454)</B> jumps!
[23:08:39]ACCESS: Logout: *no key*/(Carson Anderson)
[23:08:39]ACCESS: Login: Bobrossnibba/(Brother Gabriel) from 73.178.13.81-1508471533 || BYOND v513
[23:09:22]GAME: bobrossnibba(Brother Gabriel) fired a the SRM-8 missile rack (118,89,2)
[23:09:33]ACCESS: Logout: *no key*/(Sally Bengum)
[23:09:33]ACCESS: Login: Apple5382/(Brother Marcus) from 67.164.206.77-2930928390 || BYOND v513
[23:09:40]GAME: bobrossnibba(Brother Gabriel) fired a the SRM-8 missile rack (116,90,2)
[23:10:00]SAY: grey baby slime (543)/ : Lonely...
[23:11:26]EMOTE: monkey (454)/ : <B>The monkey (454)</B> jumps!
[23:12:39]EMOTE: monkey (569)/ : <B>The monkey (569)</B> jumps!
[23:12:47]SAY: grey baby slime (543)/ : Rawr...
[23:15:55]SAY: grey baby slime (179)/ : Lonely...
[23:18:07]EMOTE: monkey (266)/ : <B>The monkey (266)</B> jumps!
[23:18:19]ADMIN: Bobrossnibba/(Brother Gabriel) edited the admin rank of apple538 to Inquisitor
[23:18:34]EMOTE: monkey (266)/ : <B>The monkey (266)</B> jumps!
[23:18:39]ADMIN: Bobrossnibba/(Brother Gabriel) edited the admin rank of apple5382 to Inquisitor
[23:18:43]ADMIN: Apple5382/(Brother Marcus) deleted To Shuttle at (119,104,2)
[23:19:00]ADMIN: Apple5382/(Brother Marcus) spawned /obj/item/weapon/twohanded/required/multimelta at (117,104,2)
[23:19:18]ACCESS: Logout: *no key*/(Brother Gabriel)
[23:19:18]ACCESS: Login: Bobrossnibba/(Brother Gabriel) from 73.178.13.81-1508471533 || BYOND v513
[23:19:44]SAY: grey baby slime (543)/ : Lonely...
[23:20:33]ADMIN: Apple5382/(Brother Marcus) spawned /mob/living/carbon/human/whitelisted/smurfs at (121,95,2)
[23:20:37]ADMIN: Apple5382/(Brother Marcus) deleted Brother Cephas at (121,95,2)
[23:20:46]ADMIN: Apple5382/(Brother Marcus) spawned /mob/living/carbon/human/whitelisted/um at (121,96,2)
[23:21:03]EMOTE: Brother Benedictus/ : <B>Brother Benedictus</B> seizes up and falls limp, his eyes dead and lifeless...
[23:21:28]ADMIN: Apple5382/(Brother Marcus) spawned /mob/living/carbon/human/OHinq at (118,96,2)
[23:21:30]EMOTE: Unknown/ : <B>Unknown</B> seizes up and falls limp, his eyes dead and lifeless...
[23:21:44]ADMIN: Bobrossnibba/(Brother Gabriel) initiated a reboot.
[23:21:49]ACCESS: Logout: Bobrossnibba[DC]/(Brother Gabriel)
[23:21:49]ACCESS: Logout: Apple5382[DC]/(Brother Marcus)


Starting up. 23:22.01
---------------------
Adding game mode blob (blob) to configuration.
Adding game mode changeling (changeling) to configuration.
Adding game mode traitor+changeling (traitorchan) to configuration.
Adding game mode double agents (double_agents) to configuration.
Adding game mode traitor (traitor) to configuration.
Adding game mode cult (cult) to configuration.
Adding game mode extended (extended) to configuration.
Adding game mode AI malfunction (malfunction) to configuration.
Adding game mode meteor (meteor) to configuration.
Adding game mode necron (necron) to configuration.
Adding game mode Chaos Assault (nuclear) to configuration.
Adding game mode Memestealer Cult (Meme) to configuration.
Adding game mode sandbox (sandbox) to configuration.
Adding game mode wizard (wizard) to configuration.
Unknown game mode probability configuration definition: revolution.
Saved mode is 'extended'
[23:22:01]ADMIN: Loading Banlistjob
[23:22:01]ADMIN: Loading jobban_rank
[23:22:01]ADMIN: Loading appearance_rank
[23:22:01]ADMIN: appearance_keylist was empty
[23:22:01]ADMIN: Updating jobbanfile!
[23:22:01]ADMIN: Loading Banlist
[23:22:01]ADMIN: Loading RTD lists
[23:22:57]ACCESS: Login: Apple5382/(Apple5382) from 67.164.206.77-2930928390 || BYOND v513
[23:22:57]ACCESS: Login: Bobrossnibba/(Bobrossnibba) from 73.178.13.81-1508471533 || BYOND v513
[23:23:05]ADMIN: Bobrossnibba has started the game.
[23:23:06]ACCESS: Logout: *no key*/(Bobrossnibba)
[23:23:06]ACCESS: Login: Bobrossnibba/(Carson Anderson) from 73.178.13.81-1508471533 || BYOND v513
[23:23:10]ADMIN: Bobrossnibba/(Carson Anderson) used gibself.
[23:23:12]ACCESS: Logout: *no key*/(Carson Anderson)
[23:23:12]ACCESS: Login: Bobrossnibba/(Carson Anderson) from 73.178.13.81-1508471533 || BYOND v513
[23:23:19]ADMIN: Bobrossnibba/(Carson Anderson) set RTD Timer to 1.
[23:23:39]ACCESS: Logout: *no key*/(Apple5382)
[23:23:39]ACCESS: Login: Apple5382/(Sally Bengum) from 67.164.206.77-2930928390 || BYOND v513
[23:24:04]EMOTE: monkey (538)/ : <B>The monkey (538)</B> jumps!
[23:25:18]ACCESS: Logout: *no key*/(Sally Bengum)
[23:25:18]ACCESS: Login: Apple5382/(Brother Drusus) from 67.164.206.77-2930928390 || BYOND v513
[23:25:20]EMOTE: monkey (85)/ : <B>The monkey (85)</B> jumps!
[23:25:25]EMOTE: monkey (266)/ : <B>The monkey (266)</B> jumps!
[23:26:27]ACCESS: Logout: *no key*/(Carson Anderson)
[23:26:27]ACCESS: Login: Bobrossnibba/(Brother Benedictus) from 73.178.13.81-1508471533 || BYOND v513
[23:26:47]EMOTE: monkey (102)/ : <B>The monkey (102)</B> jumps!
[23:28:29]EMOTE: monkey (601)/ : <B>The monkey (601)</B> jumps!
[23:28:33]EMOTE: monkey (102)/ : <B>The monkey (102)</B> jumps!
[23:29:30]ADMIN: Bobrossnibba/(Brother Benedictus) initiated a reboot.
[23:29:35]ACCESS: Logout: Bobrossnibba[DC]/(Brother Benedictus)
[23:29:35]ACCESS: Logout: Apple5382[DC]/(Brother Drusus)


Starting up. 23:29.47
---------------------
Adding game mode blob (blob) to configuration.
Adding game mode changeling (changeling) to configuration.
Adding game mode traitor+changeling (traitorchan) to configuration.
Adding game mode double agents (double_agents) to configuration.
Adding game mode traitor (traitor) to configuration.
Adding game mode cult (cult) to configuration.
Adding game mode extended (extended) to configuration.
Adding game mode AI malfunction (malfunction) to configuration.
Adding game mode meteor (meteor) to configuration.
Adding game mode necron (necron) to configuration.
Adding game mode Chaos Assault (nuclear) to configuration.
Adding game mode Memestealer Cult (Meme) to configuration.
Adding game mode sandbox (sandbox) to configuration.
Adding game mode wizard (wizard) to configuration.
Unknown game mode probability configuration definition: revolution.
Saved mode is 'extended'
[23:29:47]ADMIN: Loading Banlistjob
[23:29:47]ADMIN: Loading jobban_rank
[23:29:47]ADMIN: Loading appearance_rank
[23:29:47]ADMIN: appearance_keylist was empty
[23:29:47]ADMIN: Updating jobbanfile!
[23:29:47]ADMIN: Loading Banlist
[23:29:47]ADMIN: Loading RTD lists
[23:30:45]ACCESS: Login: Apple5382/(Apple5382) from 67.164.206.77-2930928390 || BYOND v513
[23:30:45]ACCESS: Login: Bobrossnibba/(Bobrossnibba) from 73.178.13.81-1508471533 || BYOND v513
[23:30:54]ACCESS: Logout: *no key*/(Apple5382)
[23:30:54]ACCESS: Login: Apple5382/(Sally Bengum) from 67.164.206.77-2930928390 || BYOND v513
[23:31:14]ADMIN: Bobrossnibba has started the game.
[23:31:15]ACCESS: Logout: *no key*/(Bobrossnibba)
[23:31:15]ACCESS: Login: Bobrossnibba/(Carson Anderson) from 73.178.13.81-1508471533 || BYOND v513
[23:31:26]ADMIN: Bobrossnibba/(Carson Anderson) set RTD Timer to 1.
[23:31:52]EMOTE: monkey (223)/ : <B>The monkey (223)</B> jumps!
[23:33:19]ADMIN: Bobrossnibba/(Carson Anderson) used gibself.
[23:33:20]ACCESS: Logout: *no key*/(Carson Anderson)
[23:33:20]ACCESS: Login: Bobrossnibba/(Carson Anderson) from 73.178.13.81-1508471533 || BYOND v513
[23:33:29]ACCESS: Logout: *no key*/(Carson Anderson)
[23:33:29]ACCESS: Login: Bobrossnibba/(Brother Achilles) from 73.178.13.81-1508471533 || BYOND v513
[23:33:53]ACCESS: Logout: *no key*/(Sally Bengum)
[23:33:53]ACCESS: Login: Apple5382/(Brother Tias) from 67.164.206.77-2930928390 || BYOND v513
[23:34:19]EMOTE: monkey (989)/ : <B>The monkey (989)</B> jumps!
[23:34:23]SAY: grey baby slime (801)/ : Lonely...
[23:35:10]ADMIN: Bobrossnibba/(Brother Achilles) has added 10 units of Blue Supernova to Brother Tias
[23:35:28]EMOTE: monkey (588)/ : <B>The monkey (588)</B> jumps!
[23:36:07]SAY: grey baby slime (328)/ : Blorble...
[23:36:11]ADMIN: Bobrossnibba/(Brother Achilles) added theshroudedlord to PM.
[23:36:46]EMOTE: monkey (806)/ : <B>The monkey (806)</B> jumps!
[23:37:18]EMOTE: monkey (809)/ : <B>The monkey (809)</B> jumps!
[23:37:27]ADMIN: Bobrossnibba/(Brother Achilles) initiated a reboot.
[23:37:32]ACCESS: Logout: Bobrossnibba[DC]/(Brother Achilles)
[23:37:32]ACCESS: Logout: Apple5382[DC]/(Brother Tias)


Starting up. 23:37.44
---------------------
Adding game mode blob (blob) to configuration.
Adding game mode changeling (changeling) to configuration.
Adding game mode traitor+changeling (traitorchan) to configuration.
Adding game mode double agents (double_agents) to configuration.
Adding game mode traitor (traitor) to configuration.
Adding game mode cult (cult) to configuration.
Adding game mode extended (extended) to configuration.
Adding game mode AI malfunction (malfunction) to configuration.
Adding game mode meteor (meteor) to configuration.
Adding game mode necron (necron) to configuration.
Adding game mode Chaos Assault (nuclear) to configuration.
Adding game mode Memestealer Cult (Meme) to configuration.
Adding game mode sandbox (sandbox) to configuration.
Adding game mode wizard (wizard) to configuration.
Unknown game mode probability configuration definition: revolution.
Saved mode is 'extended'
[23:37:44]ADMIN: Loading Banlistjob
[23:37:44]ADMIN: Loading jobban_rank
[23:37:44]ADMIN: Loading appearance_rank
[23:37:44]ADMIN: appearance_keylist was empty
[23:37:44]ADMIN: Updating jobbanfile!
[23:37:44]ADMIN: Loading Banlist
[23:37:44]ADMIN: Loading RTD lists
[23:38:40]ACCESS: Login: Apple5382/(Apple5382) from 67.164.206.77-2930928390 || BYOND v513
[23:38:41]ACCESS: Login: Bobrossnibba/(Bobrossnibba) from 73.178.13.81-1508471533 || BYOND v513
[23:38:50]ACCESS: Logout: *no key*/(Apple5382)
[23:38:50]ACCESS: Login: Apple5382/(Sally Bengum) from 67.164.206.77-2930928390 || BYOND v513
[23:40:05]ADMIN: Bobrossnibba has started the game.
[23:40:07]ACCESS: Logout: *no key*/(Bobrossnibba)
[23:40:07]ACCESS: Login: Bobrossnibba/(Carson Anderson) from 73.178.13.81-1508471533 || BYOND v513
[23:40:23]ADMIN: Bobrossnibba/(Carson Anderson) set RTD Timer to 1.
[23:41:12]ACCESS: Logout: *no key*/(Sally Bengum)
[23:41:12]ACCESS: Login: Apple5382/(Brother Tiberias) from 67.164.206.77-2930928390 || BYOND v513
[23:41:35]EMOTE: monkey (351)/ : <B>The monkey (351)</B> jumps!
[23:41:46]ADMIN: Bobrossnibba/(Carson Anderson) used gibself.
[23:41:47]ACCESS: Logout: *no key*/(Carson Anderson)
[23:41:47]ACCESS: Login: Bobrossnibba/(Carson Anderson) from 73.178.13.81-1508471533 || BYOND v513
[23:41:58]ACCESS: Logout: *no key*/(Carson Anderson)
[23:41:58]ACCESS: Login: Bobrossnibba/(Brother Augustus) from 73.178.13.81-1508471533 || BYOND v513
[23:44:12]EMOTE: monkey (310)/ : <B>The monkey (310)</B> jumps!
[23:45:22]ADMIN: Bobrossnibba/(Brother Augustus) initiated a reboot.
[23:45:27]ACCESS: Logout: Bobrossnibba[DC]/(Brother Augustus)
[23:45:27]ACCESS: Logout: Apple5382[DC]/(Brother Tiberias)


Starting up. 23:45.39
---------------------
Adding game mode blob (blob) to configuration.
Adding game mode changeling (changeling) to configuration.
Adding game mode traitor+changeling (traitorchan) to configuration.
Adding game mode double agents (double_agents) to configuration.
Adding game mode traitor (traitor) to configuration.
Adding game mode cult (cult) to configuration.
Adding game mode extended (extended) to configuration.
Adding game mode AI malfunction (malfunction) to configuration.
Adding game mode meteor (meteor) to configuration.
Adding game mode necron (necron) to configuration.
Adding game mode Chaos Assault (nuclear) to configuration.
Adding game mode Memestealer Cult (Meme) to configuration.
Adding game mode sandbox (sandbox) to configuration.
Adding game mode wizard (wizard) to configuration.
Unknown game mode probability configuration definition: revolution.
Saved mode is 'extended'
[23:45:39]ADMIN: Loading Banlistjob
[23:45:39]ADMIN: Loading jobban_rank
[23:45:39]ADMIN: Loading appearance_rank
[23:45:39]ADMIN: appearance_keylist was empty
[23:45:39]ADMIN: Updating jobbanfile!
[23:45:39]ADMIN: Loading Banlist
[23:45:39]ADMIN: Loading RTD lists
[23:46:35]ACCESS: Login: Apple5382/(Apple5382) from 67.164.206.77-2930928390 || BYOND v513
[23:46:36]ACCESS: Login: Bobrossnibba/(Bobrossnibba) from 73.178.13.81-1508471533 || BYOND v513
[23:46:47]ADMIN: Bobrossnibba has started the game.
[23:46:49]ACCESS: Logout: *no key*/(Bobrossnibba)
[23:46:49]ACCESS: Login: Bobrossnibba/(Carson Anderson) from 73.178.13.81-1508471533 || BYOND v513
[23:46:57]ADMIN: Bobrossnibba/(Carson Anderson) set RTD Timer to 1.
[23:46:59]ADMIN: Bobrossnibba/(Carson Anderson) used gibself.
[23:47:01]ACCESS: Logout: *no key*/(Carson Anderson)
[23:47:01]ACCESS: Login: Bobrossnibba/(Carson Anderson) from 73.178.13.81-1508471533 || BYOND v513
[23:47:54]ACCESS: Logout: *no key*/(Carson Anderson)
[23:47:54]ACCESS: Login: Bobrossnibba/(Brother Cadmus) from 73.178.13.81-1508471533 || BYOND v513
[23:47:56]ACCESS: Logout: *no key*/(Apple5382)
[23:47:56]ACCESS: Login: Apple5382/(Sally Bengum) from 67.164.206.77-2930928390 || BYOND v513
[23:48:02]ACCESS: Logout: *no key*/(Sally Bengum)
[23:48:02]ACCESS: Login: Apple5382/(Brother Cephas) from 67.164.206.77-2930928390 || BYOND v513
[23:50:02]EMOTE: monkey (642)/ : <B>The monkey (642)</B> jumps!
[23:50:57]EMOTE: monkey (845)/ : <B>The monkey (845)</B> jumps!
[23:51:03]EMOTE: monkey (451)/ : <B>The monkey (451)</B> jumps!
[23:52:04]ADMIN: Bobrossnibba/(Brother Cadmus) initiated a reboot.
[23:52:09]ACCESS: Logout: Bobrossnibba[DC]/(Brother Cadmus)
[23:52:09]ACCESS: Logout: Apple5382[DC]/(Apothecary Felix)


Starting up. 23:52.22
---------------------
Adding game mode blob (blob) to configuration.
Adding game mode changeling (changeling) to configuration.
Adding game mode traitor+changeling (traitorchan) to configuration.
Adding game mode double agents (double_agents) to configuration.
Adding game mode traitor (traitor) to configuration.
Adding game mode cult (cult) to configuration.
Adding game mode extended (extended) to configuration.
Adding game mode AI malfunction (malfunction) to configuration.
Adding game mode meteor (meteor) to configuration.
Adding game mode necron (necron) to configuration.
Adding game mode Chaos Assault (nuclear) to configuration.
Adding game mode Memestealer Cult (Meme) to configuration.
Adding game mode sandbox (sandbox) to configuration.
Adding game mode wizard (wizard) to configuration.
Unknown game mode probability configuration definition: revolution.
Saved mode is 'extended'
[23:52:22]ADMIN: Loading Banlistjob
[23:52:22]ADMIN: Loading jobban_rank
[23:52:22]ADMIN: Loading appearance_rank
[23:52:22]ADMIN: appearance_keylist was empty
[23:52:22]ADMIN: Updating jobbanfile!
[23:52:22]ADMIN: Loading Banlist
[23:52:22]ADMIN: Loading RTD lists
[23:53:18]ACCESS: Login: Apple5382/(Apple5382) from 67.164.206.77-2930928390 || BYOND v513
[23:53:18]ACCESS: Login: Bobrossnibba/(Bobrossnibba) from 73.178.13.81-1508471533 || BYOND v513
[23:53:26]ACCESS: Logout: *no key*/(Apple5382)
[23:53:26]ACCESS: Login: Apple5382/(Sally Bengum) from 67.164.206.77-2930928390 || BYOND v513
[23:54:24]ADMIN: Bobrossnibba has started the game.
[23:54:26]ACCESS: Logout: *no key*/(Bobrossnibba)
[23:54:26]ACCESS: Login: Bobrossnibba/(Carson Anderson) from 73.178.13.81-1508471533 || BYOND v513
[23:54:33]ADMIN: Bobrossnibba/(Carson Anderson) set RTD Timer to 1.
[23:54:35]EMOTE: monkey (293)/ : <B>The monkey (293)</B> jumps!
[23:54:35]ADMIN: Bobrossnibba/(Carson Anderson) used gibself.
[23:54:36]ACCESS: Logout: *no key*/(Carson Anderson)
[23:54:36]ACCESS: Login: Bobrossnibba/(Carson Anderson) from 73.178.13.81-1508471533 || BYOND v513
[23:55:29]ACCESS: Logout: *no key*/(Carson Anderson)
[23:55:29]ACCESS: Login: Bobrossnibba/(Brother Benedictus) from 73.178.13.81-1508471533 || BYOND v513
[23:56:43]EMOTE: monkey (579)/ : <B>The monkey (579)</B> jumps!
[23:57:05]ADMIN: Bobrossnibba/(Brother Benedictus) used gibself.
[23:57:06]ACCESS: Logout: *no key*/(Brother Benedictus)
[23:57:06]ACCESS: Login: Bobrossnibba/(Brother Benedictus) from 73.178.13.81-1508471533 || BYOND v513
[23:57:47]ADMIN: Bobrossnibba/(Brother Benedictus) jumped to the Bar
[23:57:53]ACCESS: Logout: *no key*/(Sally Bengum)
[23:57:53]ACCESS: Login: Apple5382/(Brother Drusus) from 67.164.206.77-2930928390 || BYOND v513
[23:58:03]EMOTE: monkey (281)/ : <B>The monkey (281)</B> jumps!
[23:59:26]ADMIN: Bobrossnibba/(Brother Benedictus) initiated a reboot.
[23:59:31]ACCESS: Logout: Bobrossnibba[DC]/(Brother Benedictus)
[23:59:31]ACCESS: Logout: Apple5382[DC]/(Brother Drusus)


Starting up. 23:59.43
---------------------
Adding game mode blob (blob) to configuration.
Adding game mode changeling (changeling) to configuration.
Adding game mode traitor+changeling (traitorchan) to configuration.
Adding game mode double agents (double_agents) to configuration.
Adding game mode traitor (traitor) to configuration.
Adding game mode cult (cult) to configuration.
Adding game mode extended (extended) to configuration.
Adding game mode AI malfunction (malfunction) to configuration.
Adding game mode meteor (meteor) to configuration.
Adding game mode necron (necron) to configuration.
Adding game mode Chaos Assault (nuclear) to configuration.
Adding game mode Memestealer Cult (Meme) to configuration.
Adding game mode sandbox (sandbox) to configuration.
Adding game mode wizard (wizard) to configuration.
Unknown game mode probability configuration definition: revolution.
Saved mode is 'extended'
[23:59:43]ADMIN: Loading Banlistjob
[23:59:43]ADMIN: Loading jobban_rank
[23:59:43]ADMIN: Loading appearance_rank
[23:59:43]ADMIN: appearance_keylist was empty
[23:59:43]ADMIN: Updating jobbanfile!
[23:59:43]ADMIN: Loading Banlist
[23:59:43]ADMIN: Loading RTD lists
[00:00:39]ACCESS: Login: Apple5382/(Apple5382) from 67.164.206.77-2930928390 || BYOND v513
[00:00:39]ACCESS: Login: Bobrossnibba/(Bobrossnibba) from 73.178.13.81-1508471533 || BYOND v513
[00:01:04]ADMIN: Bobrossnibba has started the game.
[00:01:06]ACCESS: Logout: *no key*/(Bobrossnibba)
[00:01:06]ACCESS: Login: Bobrossnibba/(Carson Anderson) from 73.178.13.81-1508471533 || BYOND v513
[00:01:12]ADMIN: Bobrossnibba/(Carson Anderson) used gibself.
[00:01:13]ACCESS: Logout: *no key*/(Carson Anderson)
[00:01:13]ACCESS: Login: Bobrossnibba/(Carson Anderson) from 73.178.13.81-1508471533 || BYOND v513
[00:01:18]ADMIN: Bobrossnibba/(Carson Anderson) set RTD Timer to 1.
[00:01:41]ACCESS: Logout: *no key*/(Apple5382)
[00:01:41]ACCESS: Login: Apple5382/(Sally Bengum) from 67.164.206.77-2930928390 || BYOND v513
[00:01:53]EMOTE: monkey (866)/ : <B>The monkey (866)</B> jumps!
[00:02:15]ACCESS: Logout: *no key*/(Carson Anderson)
[00:02:15]ACCESS: Login: Bobrossnibba/(Brother Crasius) from 73.178.13.81-1508471533 || BYOND v513
[00:07:10]EMOTE: monkey (470)/ : <B>The monkey (470)</B> jumps!
[00:07:57]EMOTE: monkey (760)/ : <B>The monkey (760)</B> jumps!
[00:08:51]ACCESS: Logout: *no key*/(Sally Bengum)
[00:08:51]ACCESS: Login: Apple5382/(Brother Cadmus) from 67.164.206.77-2930928390 || BYOND v513
[00:09:09]ADMIN: Bobrossnibba/(Brother Crasius) initiated a reboot.
[00:09:14]ACCESS: Logout: Bobrossnibba[DC]/(Brother Crasius)
[00:09:14]ACCESS: Logout: Apple5382[DC]/(Brother Felix)
