

Starting up. 19:03.48
---------------------


Starting up. 19:42.45
---------------------


Starting up. 20:22.47
---------------------


Starting up. 20:31.49
---------------------


Starting up. 21:47.06
---------------------
[21:51:10]ATTACK: <font color='red'>Brother Drusus(bobrossnibba) shot Brother Augustus(apple5382) with Bolt</font>
[21:52:00]ATTACK: <font color='red'>Brother Augustus(apple5382) attacked Brother Augustus(apple5382) with chainsword(INTENT: HARM) (DAMTYE: BRUTE)</font>
[21:52:01]ATTACK: <font color='red'>Brother Augustus(apple5382) attacked Brother Augustus(apple5382) with chainsword(INTENT: HARM) (DAMTYE: BRUTE)</font>
[21:52:02]ATTACK: <font color='red'>Brother Augustus(apple5382) attacked Brother Augustus(apple5382) with chainsword(INTENT: HARM) (DAMTYE: BRUTE)</font>
[21:52:03]ATTACK: <font color='red'>Brother Augustus(apple5382) attacked Brother Augustus(apple5382) with chainsword(INTENT: HARM) (DAMTYE: BRUTE)</font>
[21:52:04]ATTACK: <font color='red'>Brother Augustus(apple5382) attacked Brother Augustus(apple5382) with chainsword(INTENT: HARM) (DAMTYE: BRUTE)</font>
[21:52:05]ATTACK: <font color='red'>Brother Augustus(apple5382) attacked Brother Augustus(apple5382) with chainsword(INTENT: HARM) (DAMTYE: BRUTE)</font>
[21:52:06]ATTACK: <font color='red'>Brother Augustus(apple5382) attacked Brother Augustus(apple5382) with chainsword(INTENT: HARM) (DAMTYE: BRUTE)</font>
[21:52:06]ATTACK: <font color='red'>Brother Augustus(apple5382) attacked Brother Augustus(apple5382) with chainsword(INTENT: HARM) (DAMTYE: BRUTE)</font>
[21:52:07]ATTACK: <font color='red'>Brother Augustus(apple5382) attacked Brother Augustus(apple5382) with chainsword(INTENT: HARM) (DAMTYE: BRUTE)</font>
[21:52:08]ATTACK: <font color='red'>Brother Augustus(apple5382) attacked Brother Augustus(apple5382) with chainsword(INTENT: HARM) (DAMTYE: BRUTE)</font>
[21:52:09]ATTACK: <font color='red'>Brother Augustus(apple5382) attacked Brother Augustus(apple5382) with chainsword(INTENT: HARM) (DAMTYE: BRUTE)</font>
[21:52:10]ATTACK: <font color='red'>Brother Augustus(apple5382) attacked Brother Augustus(apple5382) with chainsword(INTENT: HARM) (DAMTYE: BRUTE)</font>
[22:02:11]ATTACK: <font color='red'>Brother Felix(apple5382) shot Brother Tias(bobrossnibba) with The freakin missile!</font>


Starting up. 22:11.33
---------------------


Starting up. 22:17.24
---------------------
[22:23:04]ATTACK: <font color='red'>NON-EXISTANT SUBJECT shot Brother Tiberias(bobrossnibba) with The flayer ray</font>
[22:32:04]ATTACK: <font color='red'>Brother Diodorus(apple5382) shot Brother Tiberias(bobrossnibba) with The heavy plasma</font>


Starting up. 22:32.17
---------------------
[22:35:43]ATTACK: <font color='red'>Brother Augustus(apple5382) shot Brother Sabius(bobrossnibba) with The heavy plasma</font>
[22:35:56]ATTACK: <font color='red'>Brother Augustus(apple5382) shot Brother Sabius(bobrossnibba) with The heavy plasma</font>
[22:36:05]ATTACK: <font color='red'>Brother Augustus(apple5382) shot Brother Sabius(bobrossnibba) with The heavy plasma</font>
[22:36:06]ATTACK: <font color='red'>Brother Augustus(apple5382) shot Brother Sabius(bobrossnibba) with The heavy plasma</font>
[22:36:08]ATTACK: <font color='red'>Brother Augustus(apple5382) shot Brother Sabius(bobrossnibba) with The heavy plasma</font>
[22:36:08]ATTACK: <font color='red'>Brother Augustus(apple5382) shot Brother Sabius(bobrossnibba) with The heavy plasma</font>
[22:36:09]ATTACK: <font color='red'>Brother Augustus(apple5382) shot Brother Sabius(bobrossnibba) with The heavy plasma</font>
[22:36:27]ATTACK: <font color='red'>Brother Augustus(apple5382) shot Brother Sabius(bobrossnibba) with The heavy plasma</font>
[22:36:28]ATTACK: <font color='red'>Brother Augustus(apple5382) shot Brother Sabius(bobrossnibba) with The heavy plasma</font>
[22:36:29]ATTACK: <font color='red'>Brother Augustus(apple5382) shot Brother Sabius(bobrossnibba) with The heavy plasma</font>
[22:36:29]ATTACK: <font color='red'>Brother Augustus(apple5382) shot Brother Sabius(bobrossnibba) with The heavy plasma</font>
[22:37:07]ATTACK: <font color='red'>Brother Augustus(apple5382) fed Brother Sabius(bobrossnibba) with tricordrazine(15 units); legecillin(15 units); </font>


Starting up. 22:41.24
---------------------
[22:46:42]ATTACK: <font color='red'>Brother Achilles(apple5382) shot Brother Augustus(bobrossnibba) with The heavy plasma</font>
[22:46:44]ATTACK: <font color='red'>Brother Achilles(apple5382) shot Brother Augustus(bobrossnibba) with The heavy plasma</font>
[22:46:46]ATTACK: <font color='red'>Brother Achilles(apple5382) shot Brother Augustus(bobrossnibba) with The heavy plasma</font>
[22:46:50]ATTACK: <font color='red'>Brother Achilles(apple5382) shot Brother Augustus(bobrossnibba) with The heavy plasma</font>
[22:46:53]ATTACK: <font color='red'>Brother Achilles(apple5382) shot Brother Augustus(bobrossnibba) with The heavy plasma</font>
[22:52:12]ATTACK: <font color='red'>Brother Achilles(apple5382) attacked Brother Augustus(bobrossnibba) with mercy chainsword - offhand(INTENT: HELP) (DAMTYE: BRUTE)</font>
[22:52:39]ATTACK: <font color='red'>Brother Achilles(apple5382) hit Brother Achilles(apple5382) with The chainsword</font>
[22:53:00]ATTACK: <font color='red'>Brother Achilles(apple5382) attacked Brother Augustus(bobrossnibba) with mercy chainsword - offhand(INTENT: HELP) (DAMTYE: BRUTE)</font>
[22:57:03]ATTACK: <font color='red'>Brother Achilles(apple5382) shot Brother Augustus(bobrossnibba) with The bullet</font>
[22:57:03]ATTACK: <font color='red'>Brother Achilles(apple5382) shot Brother Augustus(bobrossnibba) with The bullet</font>
[22:57:03]ATTACK: <font color='red'>Brother Achilles(apple5382) shot Brother Augustus(bobrossnibba) with The bullet</font>
[22:57:03]ATTACK: <font color='red'>Brother Achilles(apple5382) shot Brother Augustus(bobrossnibba) with The bullet</font>
[22:57:03]ATTACK: <font color='red'>Brother Achilles(apple5382) shot Brother Augustus(bobrossnibba) with The bullet</font>
[22:57:03]ATTACK: <font color='red'>Brother Achilles(apple5382) shot Brother Augustus(bobrossnibba) with The bullet</font>
[22:57:03]ATTACK: <font color='red'>Brother Achilles(apple5382) shot Brother Augustus(bobrossnibba) with The bullet</font>
[22:57:03]ATTACK: <font color='red'>Brother Achilles(apple5382) shot Brother Augustus(bobrossnibba) with The bullet</font>
[22:57:03]ATTACK: <font color='red'>Brother Achilles(apple5382) shot Brother Augustus(bobrossnibba) with The bullet</font>
[22:57:03]ATTACK: <font color='red'>Brother Achilles(apple5382) shot Brother Augustus(bobrossnibba) with The bullet</font>
[22:57:03]ATTACK: <font color='red'>Brother Achilles(apple5382) shot Brother Augustus(bobrossnibba) with The bullet</font>
[22:57:03]ATTACK: <font color='red'>Brother Achilles(apple5382) shot Brother Augustus(bobrossnibba) with The bullet</font>
[22:57:03]ATTACK: <font color='red'>Brother Achilles(apple5382) shot Brother Augustus(bobrossnibba) with The bullet</font>
[22:57:03]ATTACK: <font color='red'>Brother Achilles(apple5382) shot Brother Augustus(bobrossnibba) with The bullet</font>
[22:57:03]ATTACK: <font color='red'>Brother Achilles(apple5382) shot Brother Augustus(bobrossnibba) with The bullet</font>
[22:57:03]ATTACK: <font color='red'>Brother Achilles(apple5382) shot Brother Augustus(bobrossnibba) with The bullet</font>
[22:57:03]ATTACK: <font color='red'>Brother Achilles(apple5382) shot Brother Augustus(bobrossnibba) with The bullet</font>
[22:57:03]ATTACK: <font color='red'>Brother Achilles(apple5382) shot Brother Augustus(bobrossnibba) with The bullet</font>
[22:57:03]ATTACK: <font color='red'>Brother Achilles(apple5382) shot Brother Augustus(bobrossnibba) with The bullet</font>
[22:57:03]ATTACK: <font color='red'>Brother Achilles(apple5382) shot Brother Augustus(bobrossnibba) with The bullet</font>
[22:57:03]ATTACK: <font color='red'>Brother Achilles(apple5382) shot Brother Augustus(bobrossnibba) with The bullet</font>
[22:57:03]ATTACK: <font color='red'>Brother Achilles(apple5382) shot Brother Augustus(bobrossnibba) with The bullet</font>
[22:57:03]ATTACK: <font color='red'>Brother Achilles(apple5382) shot Brother Augustus(bobrossnibba) with The bullet</font>
[22:57:03]ATTACK: <font color='red'>Brother Achilles(apple5382) shot Brother Augustus(bobrossnibba) with The bullet</font>
[22:57:03]ATTACK: <font color='red'>Brother Achilles(apple5382) shot Brother Augustus(bobrossnibba) with The bullet</font>
[22:57:43]ATTACK: <font color='red'>Brother Achilles(apple5382) shot Brother Augustus(bobrossnibba) with The bullet</font>
[22:57:43]ATTACK: <font color='red'>Brother Achilles(apple5382) shot Brother Augustus(bobrossnibba) with The bullet</font>
[22:57:43]ATTACK: <font color='red'>Brother Achilles(apple5382) shot Brother Augustus(bobrossnibba) with The bullet</font>
[22:57:43]ATTACK: <font color='red'>Brother Achilles(apple5382) shot Brother Augustus(bobrossnibba) with The bullet</font>
[22:57:43]ATTACK: <font color='red'>Brother Achilles(apple5382) shot Brother Augustus(bobrossnibba) with The bullet</font>
[22:57:43]ATTACK: <font color='red'>Brother Achilles(apple5382) shot Brother Augustus(bobrossnibba) with The bullet</font>
[22:57:43]ATTACK: <font color='red'>Brother Achilles(apple5382) shot Brother Augustus(bobrossnibba) with The bullet</font>
[22:57:43]ATTACK: <font color='red'>Brother Achilles(apple5382) shot Brother Augustus(bobrossnibba) with The bullet</font>
[22:57:43]ATTACK: <font color='red'>Brother Achilles(apple5382) shot Brother Augustus(bobrossnibba) with The bullet</font>
[22:57:43]ATTACK: <font color='red'>Brother Achilles(apple5382) shot Brother Augustus(bobrossnibba) with The bullet</font>
[22:57:43]ATTACK: <font color='red'>Brother Achilles(apple5382) shot Brother Augustus(bobrossnibba) with The bullet</font>
[22:57:43]ATTACK: <font color='red'>Brother Achilles(apple5382) shot Brother Augustus(bobrossnibba) with The bullet</font>
[22:57:43]ATTACK: <font color='red'>Brother Achilles(apple5382) shot Brother Augustus(bobrossnibba) with The bullet</font>
[22:59:20]ATTACK: <font color='red'>Brother Achilles(apple5382) shot Brother Augustus(bobrossnibba) with The bullet</font>
[22:59:20]ATTACK: <font color='red'>Brother Achilles(apple5382) shot Brother Augustus(bobrossnibba) with The bullet</font>
[22:59:20]ATTACK: <font color='red'>Brother Achilles(apple5382) shot Brother Augustus(bobrossnibba) with The bullet</font>
[22:59:20]ATTACK: <font color='red'>Brother Achilles(apple5382) shot Brother Augustus(bobrossnibba) with The bullet</font>
[22:59:20]ATTACK: <font color='red'>Brother Achilles(apple5382) shot Brother Augustus(bobrossnibba) with The bullet</font>
[22:59:20]ATTACK: <font color='red'>Brother Achilles(apple5382) shot Brother Augustus(bobrossnibba) with The bullet</font>
[22:59:20]ATTACK: <font color='red'>Brother Achilles(apple5382) shot Brother Augustus(bobrossnibba) with The bullet</font>
[23:04:08]ATTACK: <font color='red'>Brother Achilles(apple5382) shaked Brother Erastus(bobrossnibba) </font>
[23:05:29]ATTACK: <font color='red'>Brother Achilles(apple5382) attacked Brother Erastus(@bobrossnibba) with chainsword(INTENT: HARM) (DAMTYE: BRUTE)</font>


Starting up. 23:06.03
---------------------
[23:20:48]ATTACK: <font color='red'>Brother Marcus(apple5382) shot Brother Benedictus with The liquad death</font>
[23:20:49]ATTACK: <font color='red'>Brother Marcus(apple5382) shot Brother Benedictus with The liquad death</font>
[23:20:49]ATTACK: <font color='red'>Brother Marcus(apple5382) shot Brother Benedictus with The liquad death</font>
[23:20:49]ATTACK: <font color='red'>Brother Marcus(apple5382) shot Brother Benedictus with The liquad death</font>
[23:20:49]ATTACK: <font color='red'>Brother Marcus(apple5382) shot Brother Benedictus with The liquad death</font>
[23:20:57]ATTACK: <font color='red'>Brother Marcus(apple5382) shot Brother Benedictus with The liquad death</font>
[23:20:57]ATTACK: <font color='red'>Brother Marcus(apple5382) shot Brother Benedictus with The liquad death</font>
[23:20:57]ATTACK: <font color='red'>Brother Marcus(apple5382) shot Brother Benedictus with The liquad death</font>
[23:20:57]ATTACK: <font color='red'>Brother Marcus(apple5382) shot Brother Benedictus with The liquad death</font>
[23:20:57]ATTACK: <font color='red'>Brother Marcus(apple5382) shot Brother Benedictus with The liquad death</font>
[23:21:01]ATTACK: <font color='red'>Brother Marcus(apple5382) shot Brother Benedictus with The liquad death</font>
[23:21:01]ATTACK: <font color='red'>Brother Marcus(apple5382) shot Brother Benedictus with The liquad death</font>
[23:21:01]ATTACK: <font color='red'>Brother Marcus(apple5382) shot Brother Benedictus with The liquad death</font>
[23:21:02]ATTACK: <font color='red'>Brother Marcus(apple5382) shot Brother Benedictus with The liquad death</font>
[23:21:02]ATTACK: <font color='red'>Brother Marcus(apple5382) shot Brother Benedictus with The liquad death</font>
[23:21:02]ATTACK: <font color='red'>Brother Marcus(apple5382) shot Brother Benedictus with The liquad death</font>
[23:21:02]ATTACK: <font color='red'>Brother Marcus(apple5382) shot Brother Benedictus with The liquad death</font>
[23:21:02]ATTACK: <font color='red'>Brother Marcus(apple5382) shot Brother Benedictus with The liquad death</font>
[23:21:02]ATTACK: <font color='red'>Brother Marcus(apple5382) shot Brother Benedictus with The liquad death</font>
[23:21:02]ATTACK: <font color='red'>Brother Marcus(apple5382) shot Brother Benedictus with The liquad death</font>
[23:21:02]ATTACK: <font color='red'>Brother Marcus(apple5382) shot Brother Benedictus with The liquad death</font>
[23:21:02]ATTACK: <font color='red'>Brother Marcus(apple5382) shot Brother Benedictus with The liquad death</font>
[23:21:02]ATTACK: <font color='red'>Brother Marcus(apple5382) shot Brother Benedictus with The liquad death</font>
[23:21:02]ATTACK: <font color='red'>Brother Marcus(apple5382) shot Brother Benedictus with The liquad death</font>
[23:21:02]ATTACK: <font color='red'>Brother Marcus(apple5382) shot Brother Benedictus with The liquad death</font>
[23:21:02]ATTACK: <font color='red'>Brother Marcus(apple5382) shot Brother Benedictus with The liquad death</font>
[23:21:02]ATTACK: <font color='red'>Brother Marcus(apple5382) shot Brother Benedictus with The liquad death</font>
[23:21:02]ATTACK: <font color='red'>Brother Marcus(apple5382) shot Brother Benedictus with The liquad death</font>
[23:21:02]ATTACK: <font color='red'>Brother Marcus(apple5382) shot Brother Benedictus with The liquad death</font>
[23:21:02]ATTACK: <font color='red'>Brother Marcus(apple5382) shot Brother Benedictus with The liquad death</font>
[23:21:02]ATTACK: <font color='red'>Brother Marcus(apple5382) shot Brother Benedictus with The liquad death</font>
[23:21:02]ATTACK: <font color='red'>Brother Marcus(apple5382) shot Brother Benedictus with The liquad death</font>
[23:21:02]ATTACK: <font color='red'>Brother Marcus(apple5382) shot Brother Benedictus with The liquad death</font>
[23:21:02]ATTACK: <font color='red'>Brother Marcus(apple5382) shot Brother Benedictus with The liquad death</font>
[23:21:29]ATTACK: <font color='red'>Brother Marcus(apple5382) shot Unknown with The liquad death</font>
[23:21:29]ATTACK: <font color='red'>Brother Marcus(apple5382) shot Unknown with The liquad death</font>
[23:21:29]ATTACK: <font color='red'>Brother Marcus(apple5382) shot Unknown with The liquad death</font>
[23:21:29]ATTACK: <font color='red'>Brother Marcus(apple5382) shot Unknown with The liquad death</font>
[23:21:29]ATTACK: <font color='red'>Brother Marcus(apple5382) shot Unknown with The liquad death</font>
[23:21:29]ATTACK: <font color='red'>Brother Marcus(apple5382) shot Unknown with The liquad death</font>
[23:21:29]ATTACK: <font color='red'>Brother Marcus(apple5382) shot Unknown with The liquad death</font>
[23:21:29]ATTACK: <font color='red'>Brother Marcus(apple5382) shot Unknown with The liquad death</font>
[23:21:29]ATTACK: <font color='red'>Brother Marcus(apple5382) shot Unknown with The liquad death</font>
[23:21:29]ATTACK: <font color='red'>Brother Marcus(apple5382) shot Unknown with The liquad death</font>
[23:21:29]ATTACK: <font color='red'>Brother Marcus(apple5382) shot Unknown with The liquad death</font>
[23:21:29]ATTACK: <font color='red'>Brother Marcus(apple5382) shot Unknown with The liquad death</font>
[23:21:32]ATTACK: <font color='red'>Brother Marcus(apple5382) attacked Unknown with offhand(INTENT: HELP) (DAMTYE: BRUTE)</font>
[23:21:35]ATTACK: <font color='red'>Brother Marcus(apple5382) shot Unknown with The liquad death</font>
[23:21:35]ATTACK: <font color='red'>Brother Marcus(apple5382) shot Unknown with The liquad death</font>
[23:21:35]ATTACK: <font color='red'>Brother Marcus(apple5382) shot Unknown with The liquad death</font>


Starting up. 23:22.01
---------------------


Starting up. 23:29.47
---------------------


Starting up. 23:37.44
---------------------


Starting up. 23:45.39
---------------------


Starting up. 23:52.22
---------------------


Starting up. 23:59.43
---------------------
