

Starting up. 00:04.01
---------------------
Adding game mode blob (blob) to configuration.
Adding game mode changeling (changeling) to configuration.
Adding game mode traitor+changeling (traitorchan) to configuration.
Adding game mode double agents (double_agents) to configuration.
Adding game mode traitor (traitor) to configuration.
Adding game mode cult (cult) to configuration.
Adding game mode extended (extended) to configuration.
Adding game mode AI malfunction (malfunction) to configuration.
Adding game mode meteor (meteor) to configuration.
Adding game mode necron (necron) to configuration.
Adding game mode Chaos Assault (nuclear) to configuration.
Adding game mode Memestealer Cult (Meme) to configuration.
Adding game mode sandbox (sandbox) to configuration.
Adding game mode wizard (wizard) to configuration.
Unknown game mode probability configuration definition: revolution.
Saved mode is 'extended'
[00:04:01]ADMIN: Loading Banlistjob
[00:04:01]ADMIN: Loading jobban_rank
[00:04:01]ADMIN: Loading appearance_rank
[00:04:01]ADMIN: appearance_keylist was empty
[00:04:01]ADMIN: Updating jobbanfile!
[00:04:01]ADMIN: Loading Banlist
[00:04:01]ADMIN: Loading RTD lists
[00:04:56]ACCESS: Login: Bobrossnibba/(Bobrossnibba) from 73.178.13.81-1508471533 || BYOND v513
[00:05:07]ADMIN: Bobrossnibba has started the game.
[00:05:09]ACCESS: Logout: *no key*/(Bobrossnibba)
[00:05:09]ACCESS: Login: Bobrossnibba/(Sage Ali) from 73.178.13.81-1508471533 || BYOND v513
[00:06:40]EMOTE: monkey (623)/ : <B>The monkey (623)</B> jumps!
[00:10:05]EMOTE: monkey (621)/ : <B>The monkey (621)</B> jumps!
[00:10:09]EMOTE: monkey (281)/ : <B>The monkey (281)</B> jumps!
[00:12:04]EMOTE: monkey (623)/ : <B>The monkey (623)</B> jumps!
[00:12:59]EMOTE: monkey (623)/ : <B>The monkey (623)</B> jumps!
[00:14:04]EMOTE: monkey (281)/ : <B>The monkey (281)</B> jumps!
[00:14:30]EMOTE: monkey (206)/ : <B>The monkey (206)</B> jumps!
[00:15:11]EMOTE: monkey (281)/ : <B>The monkey (281)</B> jumps!
[00:18:48]EMOTE: monkey (621)/ : <B>The monkey (621)</B> jumps!
[00:20:35]EMOTE: monkey (262)/ : <B>The monkey (262)</B> jumps!
[00:20:39]EMOTE: monkey (621)/ : <B>The monkey (621)</B> jumps!
[00:21:28]EMOTE: monkey (262)/ : <B>The monkey (262)</B> jumps!
[00:22:03]SAY: grey baby slime (468)/ : Lonely...
[00:22:24]EMOTE: monkey (262)/ : <B>The monkey (262)</B> jumps!
[00:22:28]ADMIN: Bobrossnibba/(Sage Ali) initiated a reboot.
[00:22:33]ACCESS: Logout: Bobrossnibba[DC]/(Sage Ali)


Starting up. 00:22.46
---------------------
Adding game mode blob (blob) to configuration.
Adding game mode changeling (changeling) to configuration.
Adding game mode traitor+changeling (traitorchan) to configuration.
Adding game mode double agents (double_agents) to configuration.
Adding game mode traitor (traitor) to configuration.
Adding game mode cult (cult) to configuration.
Adding game mode extended (extended) to configuration.
Adding game mode AI malfunction (malfunction) to configuration.
Adding game mode meteor (meteor) to configuration.
Adding game mode necron (necron) to configuration.
Adding game mode Chaos Assault (nuclear) to configuration.
Adding game mode Memestealer Cult (Meme) to configuration.
Adding game mode sandbox (sandbox) to configuration.
Adding game mode wizard (wizard) to configuration.
Unknown game mode probability configuration definition: revolution.
Saved mode is 'extended'
[00:22:46]ADMIN: Loading Banlistjob
[00:22:46]ADMIN: Loading jobban_rank
[00:22:46]ADMIN: Loading appearance_rank
[00:22:46]ADMIN: appearance_keylist was empty
[00:22:46]ADMIN: Updating jobbanfile!
[00:22:46]ADMIN: Loading Banlist
[00:22:46]ADMIN: Loading RTD lists
[00:23:42]ACCESS: Login: Bobrossnibba/(Bobrossnibba) from 73.178.13.81-1508471533 || BYOND v513
[00:23:52]ADMIN: Bobrossnibba has started the game.
[00:23:54]ACCESS: Logout: *no key*/(Bobrossnibba)
[00:23:54]ACCESS: Login: Bobrossnibba/(Sage Ali) from 73.178.13.81-1508471533 || BYOND v513
[00:24:23]EMOTE: monkey (470)/ : <B>The monkey (470)</B> jumps!
[00:24:27]SAY: mouse/ : Squeek?
[00:27:32]EMOTE: monkey (312)/ : <B>The monkey (312)</B> jumps!
[00:28:56]EMOTE: monkey (14)/ : <B>The monkey (14)</B> jumps!
[00:32:38]EMOTE: monkey (14)/ : <B>The monkey (14)</B> jumps!
[00:33:23]SAY: mouse/ : Squeek?
[00:33:55]ACCESS: Logout: Bobrossnibba[DC]/(Sage Ali)


Starting up. 01:38.12
---------------------
Adding game mode blob (blob) to configuration.
Adding game mode changeling (changeling) to configuration.
Adding game mode traitor+changeling (traitorchan) to configuration.
Adding game mode double agents (double_agents) to configuration.
Adding game mode traitor (traitor) to configuration.
Adding game mode cult (cult) to configuration.
Adding game mode extended (extended) to configuration.
Adding game mode AI malfunction (malfunction) to configuration.
Adding game mode meteor (meteor) to configuration.
Adding game mode necron (necron) to configuration.
Adding game mode Chaos Assault (nuclear) to configuration.
Adding game mode Memestealer Cult (Meme) to configuration.
Adding game mode sandbox (sandbox) to configuration.
Adding game mode wizard (wizard) to configuration.
Unknown game mode probability configuration definition: revolution.
Saved mode is 'extended'
[01:38:12]ADMIN: Loading Banlistjob
[01:38:12]ADMIN: Loading jobban_rank
[01:38:12]ADMIN: Loading appearance_rank
[01:38:12]ADMIN: appearance_keylist was empty
[01:38:12]ADMIN: Updating jobbanfile!
[01:38:12]ADMIN: Loading Banlist
[01:38:12]ADMIN: Loading RTD lists
[01:40:46]ACCESS: Login: Bobrossnibba/(Bobrossnibba) from 73.178.13.81-1508471533 || BYOND v513
[01:43:21]ADMIN: Bobrossnibba has started the game.
[01:43:22]ACCESS: Logout: *no key*/(Bobrossnibba)
[01:43:22]ACCESS: Login: Bobrossnibba/(Sage Ali) from 73.178.13.81-1508471533 || BYOND v513
[01:44:38]SAY: mouse/ : Squeek?
[01:45:10]ACCESS: Logout: Bobrossnibba[DC]/(Sage Ali)


Starting up. 01:46.14
---------------------
Adding game mode blob (blob) to configuration.
Adding game mode changeling (changeling) to configuration.
Adding game mode traitor+changeling (traitorchan) to configuration.
Adding game mode double agents (double_agents) to configuration.
Adding game mode traitor (traitor) to configuration.
Adding game mode cult (cult) to configuration.
Adding game mode extended (extended) to configuration.
Adding game mode AI malfunction (malfunction) to configuration.
Adding game mode meteor (meteor) to configuration.
Adding game mode necron (necron) to configuration.
Adding game mode Chaos Assault (nuclear) to configuration.
Adding game mode Memestealer Cult (Meme) to configuration.
Adding game mode sandbox (sandbox) to configuration.
Adding game mode wizard (wizard) to configuration.
Unknown game mode probability configuration definition: revolution.
Saved mode is 'extended'
[01:46:14]ADMIN: Loading Banlistjob
[01:46:14]ADMIN: Loading jobban_rank
[01:46:14]ADMIN: Loading appearance_rank
[01:46:14]ADMIN: appearance_keylist was empty
[01:46:14]ADMIN: Updating jobbanfile!
[01:46:14]ADMIN: Loading Banlist
[01:46:14]ADMIN: Loading RTD lists
[01:48:00]ACCESS: Login: Bobrossnibba/(Bobrossnibba) from 73.178.13.81-1508471533 || BYOND v513
[01:49:14]ADMIN: Bobrossnibba has started the game.
[01:49:16]ACCESS: Logout: *no key*/(Bobrossnibba)
[01:49:16]ACCESS: Login: Bobrossnibba/(Sage Ali) from 73.178.13.81-1508471533 || BYOND v513
[01:49:21]SAY: mouse/ : Squeek?
[01:49:30]ADMIN: Bobrossnibba/(Sage Ali) toggled respawn to On.
[01:49:32]ADMIN: Bobrossnibba/(Sage Ali) used gibself.
[01:49:34]ACCESS: Logout: *no key*/(Sage Ali)
[01:49:34]ACCESS: Login: Bobrossnibba/(Sage Ali) from 73.178.13.81-1508471533 || BYOND v513
[01:49:46]EMOTE: monkey (740)/ : <B>The monkey (740)</B> jumps!
[01:49:55]GAME: Sage Ali/Bobrossnibba used abandon mob.
[01:49:55]ACCESS: Logout: *no key*/(Sage Ali)
[01:49:55]ACCESS: Login: Bobrossnibba/(new player) from 73.178.13.81-1508471533 || BYOND v513
[01:49:58]ACCESS: Logout: *no key*/(new player)
[01:49:58]ACCESS: Login: Bobrossnibba/(Sage Ali) from 73.178.13.81-1508471533 || BYOND v513
[01:50:47]SAY: grey baby slime (664)/ : Blorble...
[01:51:13]EMOTE: monkey (625)/ : <B>The monkey (625)</B> jumps!
[01:52:29]EMOTE: monkey (403)/ : <B>The monkey (403)</B> jumps!
[01:52:31]EMOTE: monkey (240)/ : <B>The monkey (240)</B> jumps!
[01:52:35]SAY: grey baby slime (77)/ : Blop...
[01:54:24]ADMIN: Bobrossnibba/(Sage Ali) initiated a reboot.
[01:54:29]ACCESS: Logout: Bobrossnibba[DC]/(Sage Ali)


Starting up. 01:54.40
---------------------
Adding game mode blob (blob) to configuration.
Adding game mode changeling (changeling) to configuration.
Adding game mode traitor+changeling (traitorchan) to configuration.
Adding game mode double agents (double_agents) to configuration.
Adding game mode traitor (traitor) to configuration.
Adding game mode cult (cult) to configuration.
Adding game mode extended (extended) to configuration.
Adding game mode AI malfunction (malfunction) to configuration.
Adding game mode meteor (meteor) to configuration.
Adding game mode necron (necron) to configuration.
Adding game mode Chaos Assault (nuclear) to configuration.
Adding game mode Memestealer Cult (Meme) to configuration.
Adding game mode sandbox (sandbox) to configuration.
Adding game mode wizard (wizard) to configuration.
Unknown game mode probability configuration definition: revolution.
Saved mode is 'extended'
[01:54:40]ADMIN: Loading Banlistjob
[01:54:40]ADMIN: Loading jobban_rank
[01:54:40]ADMIN: Loading appearance_rank
[01:54:40]ADMIN: appearance_keylist was empty
[01:54:40]ADMIN: Updating jobbanfile!
[01:54:40]ADMIN: Loading Banlist
[01:54:40]ADMIN: Loading RTD lists
[01:55:33]ACCESS: Login: Bobrossnibba/(Bobrossnibba) from 73.178.13.81-1508471533 || BYOND v513
[01:56:04]ADMIN: Bobrossnibba has started the game.
[01:56:06]ACCESS: Logout: *no key*/(Bobrossnibba)
[01:56:06]ACCESS: Login: Bobrossnibba/(Sage Ali) from 73.178.13.81-1508471533 || BYOND v513
[01:56:52]EMOTE: monkey (305)/ : <B>The monkey (305)</B> jumps!
[01:59:45]ACCESS: Logout: Bobrossnibba[DC]/(Sage Ali)


Starting up. 02:00.39
---------------------
Adding game mode blob (blob) to configuration.
Adding game mode changeling (changeling) to configuration.
Adding game mode traitor+changeling (traitorchan) to configuration.
Adding game mode double agents (double_agents) to configuration.
Adding game mode traitor (traitor) to configuration.
Adding game mode cult (cult) to configuration.
Adding game mode extended (extended) to configuration.
Adding game mode AI malfunction (malfunction) to configuration.
Adding game mode meteor (meteor) to configuration.
Adding game mode necron (necron) to configuration.
Adding game mode Chaos Assault (nuclear) to configuration.
Adding game mode Memestealer Cult (Meme) to configuration.
Adding game mode sandbox (sandbox) to configuration.
Adding game mode wizard (wizard) to configuration.
Unknown game mode probability configuration definition: revolution.
Saved mode is 'extended'
[02:00:39]ADMIN: Loading Banlistjob
[02:00:39]ADMIN: Loading jobban_rank
[02:00:39]ADMIN: Loading appearance_rank
[02:00:39]ADMIN: appearance_keylist was empty
[02:00:39]ADMIN: Updating jobbanfile!
[02:00:39]ADMIN: Loading Banlist
[02:00:39]ADMIN: Loading RTD lists
[02:02:37]ACCESS: Login: Bobrossnibba/(Bobrossnibba) from 73.178.13.81-1508471533 || BYOND v513
[02:02:52]ADMIN: Bobrossnibba has started the game.
[02:02:53]ACCESS: Logout: *no key*/(Bobrossnibba)
[02:02:53]ACCESS: Login: Bobrossnibba/(Sage Ali) from 73.178.13.81-1508471533 || BYOND v513
[02:03:00]EMOTE: monkey (677)/ : <B>The monkey (677)</B> jumps!
[02:03:37]ACCESS: Logout: Bobrossnibba[DC]/(Sage Ali)


Starting up. 12:26.39
---------------------
Adding game mode blob (blob) to configuration.
Adding game mode changeling (changeling) to configuration.
Adding game mode traitor+changeling (traitorchan) to configuration.
Adding game mode double agents (double_agents) to configuration.
Adding game mode traitor (traitor) to configuration.
Adding game mode cult (cult) to configuration.
Adding game mode extended (extended) to configuration.
Adding game mode AI malfunction (malfunction) to configuration.
Adding game mode meteor (meteor) to configuration.
Adding game mode necron (necron) to configuration.
Adding game mode Chaos Assault (nuclear) to configuration.
Adding game mode Memestealer Cult (Meme) to configuration.
Adding game mode sandbox (sandbox) to configuration.
Adding game mode wizard (wizard) to configuration.
Unknown game mode probability configuration definition: revolution.
Saved mode is 'extended'
[12:26:39]ADMIN: Loading Banlistjob
[12:26:39]ADMIN: Loading jobban_rank
[12:26:39]ADMIN: Loading appearance_rank
[12:26:39]ADMIN: appearance_keylist was empty
[12:26:39]ADMIN: Updating jobbanfile!
[12:26:39]ADMIN: Loading Banlist
[12:26:39]ADMIN: Loading RTD lists
[12:28:37]ACCESS: Login: Bobrossnibba/(Bobrossnibba) from 73.178.13.81-1508471533 || BYOND v513
[12:30:05]ACCESS: Logout: *no key*/(Bobrossnibba)
[12:30:05]ACCESS: Login: Bobrossnibba/(Sage Ali) from 73.178.13.81-1508471533 || BYOND v513
[12:31:14]SAY: grey baby slime (131)/ : Blorble...
[12:31:20]ADMIN: Bobrossnibba/(Sage Ali) set RTD Timer to 1.
[12:31:22]ADMIN: Bobrossnibba/(Sage Ali) used gibself.
[12:31:24]ACCESS: Logout: *no key*/(Sage Ali)
[12:31:24]ACCESS: Login: Bobrossnibba/(Sage Ali) from 73.178.13.81-1508471533 || BYOND v513
[12:31:28]ACCESS: Logout: *no key*/(Sage Ali)
[12:31:28]ACCESS: Login: Bobrossnibba/(Brother Augustus) from 73.178.13.81-1508471533 || BYOND v513
[12:32:49]EMOTE: monkey (737)/ : <B>The monkey (737)</B> jumps!
[12:33:04]ADMIN: Bobrossnibba/(Brother Augustus) used gibself.
[12:33:06]ACCESS: Logout: *no key*/(Brother Augustus)
[12:33:06]ACCESS: Login: Bobrossnibba/(Brother Augustus) from 73.178.13.81-1508471533 || BYOND v513
[12:33:15]ACCESS: Logout: *no key*/(Brother Augustus)
[12:33:15]ACCESS: Login: Bobrossnibba/(Brother Erastus) from 73.178.13.81-1508471533 || BYOND v513
[12:33:34]EMOTE: monkey (514)/ : <B>The monkey (514)</B> jumps!
[12:33:34]EMOTE: monkey (737)/ : <B>The monkey (737)</B> jumps!
[12:33:43]ADMIN: Bobrossnibba/(Brother Erastus) used gibself.
[12:33:45]ACCESS: Logout: *no key*/(Brother Erastus)
[12:33:45]ACCESS: Login: Bobrossnibba/(Brother Erastus) from 73.178.13.81-1508471533 || BYOND v513
[12:33:53]ACCESS: Logout: *no key*/(Brother Erastus)
[12:33:53]ACCESS: Login: Bobrossnibba/(Brother Roman) from 73.178.13.81-1508471533 || BYOND v513
[12:34:20]ADMIN: Bobrossnibba/(Brother Roman) used gibself.
[12:34:22]ACCESS: Logout: *no key*/(Brother Roman)
[12:34:22]ACCESS: Login: Bobrossnibba/(Brother Roman) from 73.178.13.81-1508471533 || BYOND v513
[12:34:24]ACCESS: Logout: *no key*/(Brother Roman)
[12:34:24]ACCESS: Login: Bobrossnibba/(Brother Drusus) from 73.178.13.81-1508471533 || BYOND v513
[12:34:37]EMOTE: monkey (255)/ : <B>The monkey (255)</B> jumps!
[12:35:53]ACCESS: Logout: Bobrossnibba[DC]/(Brother Drusus)


Starting up. 12:41.57
---------------------
Adding game mode blob (blob) to configuration.
Adding game mode changeling (changeling) to configuration.
Adding game mode traitor+changeling (traitorchan) to configuration.
Adding game mode double agents (double_agents) to configuration.
Adding game mode traitor (traitor) to configuration.
Adding game mode cult (cult) to configuration.
Adding game mode extended (extended) to configuration.
Adding game mode AI malfunction (malfunction) to configuration.
Adding game mode meteor (meteor) to configuration.
Adding game mode necron (necron) to configuration.
Adding game mode Chaos Assault (nuclear) to configuration.
Adding game mode Memestealer Cult (Meme) to configuration.
Adding game mode sandbox (sandbox) to configuration.
Adding game mode wizard (wizard) to configuration.
Unknown game mode probability configuration definition: revolution.
Saved mode is 'extended'
[12:41:57]ADMIN: Loading Banlistjob
[12:41:57]ADMIN: Loading jobban_rank
[12:41:57]ADMIN: Loading appearance_rank
[12:41:57]ADMIN: appearance_keylist was empty
[12:41:57]ADMIN: Updating jobbanfile!
[12:41:57]ADMIN: Loading Banlist
[12:41:57]ADMIN: Loading RTD lists
[12:43:42]ACCESS: Login: Bobrossnibba/(Bobrossnibba) from 73.178.13.81-1508471533 || BYOND v513
[12:43:59]ADMIN: Bobrossnibba has started the game.
[12:44:01]ACCESS: Logout: *no key*/(Bobrossnibba)
[12:44:01]ACCESS: Login: Bobrossnibba/(Sage Ali) from 73.178.13.81-1508471533 || BYOND v513
[12:44:16]EMOTE: monkey (888)/ : <B>The monkey (888)</B> jumps!
[12:44:23]EMOTE: monkey (888)/ : <B>The monkey (888)</B> jumps!
[12:44:41]EMOTE: monkey (888)/ : <B>The monkey (888)</B> jumps!
[12:45:38]EMOTE: monkey (416)/ : <B>The monkey (416)</B> jumps!
[12:46:19]ADMIN: Bobrossnibba/(Sage Ali) used gibself.
[12:46:20]ACCESS: Logout: *no key*/(Sage Ali)
[12:46:20]ACCESS: Login: Bobrossnibba/(Sage Ali) from 73.178.13.81-1508471533 || BYOND v513
[12:46:25]EMOTE: monkey (368)/ : <B>The monkey (368)</B> jumps!
[12:46:41]ADMIN: Bobrossnibba/(Sage Ali) set RTD Timer to 1.
[12:46:45]ACCESS: Logout: *no key*/(Sage Ali)
[12:46:45]ACCESS: Login: Bobrossnibba/(Brother Lukas) from 73.178.13.81-1508471533 || BYOND v513
[12:47:09]ADMIN: Bobrossnibba/(Brother Lukas) used gibself.
[12:47:10]ACCESS: Logout: *no key*/(Brother Lukas)
[12:47:10]ACCESS: Login: Bobrossnibba/(Brother Lukas) from 73.178.13.81-1508471533 || BYOND v513
[12:47:15]ACCESS: Logout: *no key*/(Brother Lukas)
[12:47:15]ACCESS: Login: Bobrossnibba/(Shas San Kas) from 73.178.13.81-1508471533 || BYOND v513
[12:48:26]EMOTE: monkey (255)/ : <B>The monkey (255)</B> jumps!
[12:48:54]EMOTE: monkey (57)/ : <B>The monkey (57)</B> jumps!
[12:49:13]EMOTE: monkey (422)/ : <B>The monkey (422)</B> jumps!
[12:50:20]EMOTE: monkey (255)/ : <B>The monkey (255)</B> jumps!
[12:50:49]EMOTE: monkey (280)/ : <B>The monkey (280)</B> jumps!
[12:51:50]EMOTE: monkey (494)/ : <B>The monkey (494)</B> jumps!
[12:52:49]ADMIN: Bobrossnibba/(Shas San Kas) initiated a reboot.
[12:52:54]ACCESS: Logout: Bobrossnibba[DC]/(Shas San Kas)


Starting up. 12:53.06
---------------------
Adding game mode blob (blob) to configuration.
Adding game mode changeling (changeling) to configuration.
Adding game mode traitor+changeling (traitorchan) to configuration.
Adding game mode double agents (double_agents) to configuration.
Adding game mode traitor (traitor) to configuration.
Adding game mode cult (cult) to configuration.
Adding game mode extended (extended) to configuration.
Adding game mode AI malfunction (malfunction) to configuration.
Adding game mode meteor (meteor) to configuration.
Adding game mode necron (necron) to configuration.
Adding game mode Chaos Assault (nuclear) to configuration.
Adding game mode Memestealer Cult (Meme) to configuration.
Adding game mode sandbox (sandbox) to configuration.
Adding game mode wizard (wizard) to configuration.
Unknown game mode probability configuration definition: revolution.
Saved mode is 'extended'
[12:53:06]ADMIN: Loading Banlistjob
[12:53:06]ADMIN: Loading jobban_rank
[12:53:06]ADMIN: Loading appearance_rank
[12:53:06]ADMIN: appearance_keylist was empty
[12:53:06]ADMIN: Updating jobbanfile!
[12:53:06]ADMIN: Loading Banlist
[12:53:06]ADMIN: Loading RTD lists
[12:53:58]ACCESS: Login: Bobrossnibba/(Bobrossnibba) from 73.178.13.81-1508471533 || BYOND v513
[12:54:30]ADMIN: Bobrossnibba has started the game.
[12:54:32]ACCESS: Logout: *no key*/(Bobrossnibba)
[12:54:32]ACCESS: Login: Bobrossnibba/(Sage Ali) from 73.178.13.81-1508471533 || BYOND v513
[12:54:37]ADMIN: Bobrossnibba/(Sage Ali) used gibself.
[12:54:39]ACCESS: Logout: *no key*/(Sage Ali)
[12:54:39]ACCESS: Login: Bobrossnibba/(Sage Ali) from 73.178.13.81-1508471533 || BYOND v513
[12:54:41]EMOTE: monkey (445)/ : <B>The monkey (445)</B> jumps!
[12:54:58]ADMIN: Bobrossnibba/(Sage Ali) set RTD Timer to 1.
[12:55:20]EMOTE: monkey (163)/ : <B>The monkey (163)</B> jumps!
[12:55:42]ACCESS: Logout: *no key*/(Sage Ali)
[12:55:42]ACCESS: Login: Bobrossnibba/(Gretchin (512)) from 73.178.13.81-1508471533 || BYOND v513
[12:55:53]ADMIN: Bobrossnibba/(Gretchin (512)) moved the orkshuttle
[12:55:58]EMOTE: monkey (725)/ : <B>The monkey (725)</B> jumps!
[12:56:04]ACCESS: Logout: Bobrossnibba[DC]/(Gretchin (512))


Starting up. 13:26.00
---------------------
Adding game mode blob (blob) to configuration.
Adding game mode changeling (changeling) to configuration.
Adding game mode traitor+changeling (traitorchan) to configuration.
Adding game mode double agents (double_agents) to configuration.
Adding game mode traitor (traitor) to configuration.
Adding game mode cult (cult) to configuration.
Adding game mode extended (extended) to configuration.
Adding game mode AI malfunction (malfunction) to configuration.
Adding game mode meteor (meteor) to configuration.
Adding game mode necron (necron) to configuration.
Adding game mode Chaos Assault (nuclear) to configuration.
Adding game mode Memestealer Cult (Meme) to configuration.
Adding game mode sandbox (sandbox) to configuration.
Adding game mode wizard (wizard) to configuration.
Unknown game mode probability configuration definition: revolution.
Saved mode is 'extended'
[13:26:00]ADMIN: Loading Banlistjob
[13:26:00]ADMIN: Loading jobban_rank
[13:26:00]ADMIN: Loading appearance_rank
[13:26:00]ADMIN: appearance_keylist was empty
[13:26:00]ADMIN: Updating jobbanfile!
[13:26:00]ADMIN: Loading Banlist
[13:26:00]ADMIN: Loading RTD lists
[13:28:09]ACCESS: Login: Bobrossnibba/(Bobrossnibba) from 73.178.13.81-1508471533 || BYOND v513
[13:28:39]ADMIN: Bobrossnibba has started the game.
[13:28:40]ACCESS: Logout: *no key*/(Bobrossnibba)
[13:28:40]ACCESS: Login: Bobrossnibba/(Sage Ali) from 73.178.13.81-1508471533 || BYOND v513
[13:29:23]ACCESS: Logout: Bobrossnibba[DC]/(Sage Ali)


Starting up. 15:05.59
---------------------
Adding game mode blob (blob) to configuration.
Adding game mode changeling (changeling) to configuration.
Adding game mode traitor+changeling (traitorchan) to configuration.
Adding game mode double agents (double_agents) to configuration.
Adding game mode traitor (traitor) to configuration.
Adding game mode cult (cult) to configuration.
Adding game mode extended (extended) to configuration.
Adding game mode AI malfunction (malfunction) to configuration.
Adding game mode meteor (meteor) to configuration.
Adding game mode necron (necron) to configuration.
Adding game mode Chaos Assault (nuclear) to configuration.
Adding game mode Memestealer Cult (Meme) to configuration.
Adding game mode sandbox (sandbox) to configuration.
Adding game mode wizard (wizard) to configuration.
Unknown game mode probability configuration definition: revolution.
Saved mode is 'extended'
[15:05:59]ADMIN: Loading Banlistjob
[15:05:59]ADMIN: Loading jobban_rank
[15:05:59]ADMIN: Loading appearance_rank
[15:05:59]ADMIN: appearance_keylist was empty
[15:05:59]ADMIN: Updating jobbanfile!
[15:05:59]ADMIN: Loading Banlist
[15:05:59]ADMIN: Loading RTD lists
[15:07:46]ACCESS: Login: Bobrossnibba/(Bobrossnibba) from 73.178.13.81-1508471533 || BYOND v513
[15:07:53]ADMIN: Bobrossnibba has started the game.
[15:07:55]ACCESS: Logout: *no key*/(Bobrossnibba)
[15:07:55]ACCESS: Login: Bobrossnibba/(Sage Ali) from 73.178.13.81-1508471533 || BYOND v513
[15:08:01]ADMIN: Bobrossnibba/(Sage Ali) used gibself.
[15:08:02]ACCESS: Logout: *no key*/(Sage Ali)
[15:08:02]ACCESS: Login: Bobrossnibba/(Sage Ali) from 73.178.13.81-1508471533 || BYOND v513
[15:08:14]ADMIN: Bobrossnibba/(Sage Ali) summoned SOB.
[15:09:01]EMOTE: monkey (718)/ : <B>The monkey (718)</B> jumps!
[15:09:03]ADMIN: Bobrossnibba/(Sage Ali) initiated a reboot.
[15:09:08]ACCESS: Logout: Bobrossnibba[DC]/(Sage Ali)


Starting up. 15:09.20
---------------------
Adding game mode blob (blob) to configuration.
Adding game mode changeling (changeling) to configuration.
Adding game mode traitor+changeling (traitorchan) to configuration.
Adding game mode double agents (double_agents) to configuration.
Adding game mode traitor (traitor) to configuration.
Adding game mode cult (cult) to configuration.
Adding game mode extended (extended) to configuration.
Adding game mode AI malfunction (malfunction) to configuration.
Adding game mode meteor (meteor) to configuration.
Adding game mode necron (necron) to configuration.
Adding game mode Chaos Assault (nuclear) to configuration.
Adding game mode Memestealer Cult (Meme) to configuration.
Adding game mode sandbox (sandbox) to configuration.
Adding game mode wizard (wizard) to configuration.
Unknown game mode probability configuration definition: revolution.
Saved mode is 'extended'
[15:09:20]ADMIN: Loading Banlistjob
[15:09:20]ADMIN: Loading jobban_rank
[15:09:20]ADMIN: Loading appearance_rank
[15:09:20]ADMIN: appearance_keylist was empty
[15:09:20]ADMIN: Updating jobbanfile!
[15:09:20]ADMIN: Loading Banlist
[15:09:20]ADMIN: Loading RTD lists
[15:10:15]ACCESS: Login: Bobrossnibba/(Bobrossnibba) from 73.178.13.81-1508471533 || BYOND v513
[15:10:46]ADMIN: Bobrossnibba has started the game.
[15:10:48]ACCESS: Logout: *no key*/(Bobrossnibba)
[15:10:48]ACCESS: Login: Bobrossnibba/(Sage Ali) from 73.178.13.81-1508471533 || BYOND v513
[15:10:53]ADMIN: Bobrossnibba/(Sage Ali) used gibself.
[15:10:55]ACCESS: Logout: *no key*/(Sage Ali)
[15:10:55]ACCESS: Login: Bobrossnibba/(Sage Ali) from 73.178.13.81-1508471533 || BYOND v513
[15:11:15]EMOTE: monkey (839)/ : <B>The monkey (839)</B> jumps!
[15:12:41]EMOTE: monkey (933)/ : <B>The monkey (933)</B> jumps!
[15:15:22]EMOTE: monkey (839)/ : <B>The monkey (839)</B> jumps!
[15:16:21]ADMIN: Bobrossnibba/(Sage Ali) initiated a reboot.
[15:16:26]ACCESS: Logout: Bobrossnibba[DC]/(Sage Ali)


Starting up. 15:16.38
---------------------
Adding game mode blob (blob) to configuration.
Adding game mode changeling (changeling) to configuration.
Adding game mode traitor+changeling (traitorchan) to configuration.
Adding game mode double agents (double_agents) to configuration.
Adding game mode traitor (traitor) to configuration.
Adding game mode cult (cult) to configuration.
Adding game mode extended (extended) to configuration.
Adding game mode AI malfunction (malfunction) to configuration.
Adding game mode meteor (meteor) to configuration.
Adding game mode necron (necron) to configuration.
Adding game mode Chaos Assault (nuclear) to configuration.
Adding game mode Memestealer Cult (Meme) to configuration.
Adding game mode sandbox (sandbox) to configuration.
Adding game mode wizard (wizard) to configuration.
Unknown game mode probability configuration definition: revolution.
Saved mode is 'extended'
[15:16:38]ADMIN: Loading Banlistjob
[15:16:38]ADMIN: Loading jobban_rank
[15:16:38]ADMIN: Loading appearance_rank
[15:16:38]ADMIN: appearance_keylist was empty
[15:16:38]ADMIN: Updating jobbanfile!
[15:16:38]ADMIN: Loading Banlist
[15:16:38]ADMIN: Loading RTD lists
[15:17:31]ACCESS: Login: Bobrossnibba/(Bobrossnibba) from 73.178.13.81-1508471533 || BYOND v513
[15:18:08]ADMIN: Bobrossnibba has started the game.
[15:18:10]ACCESS: Logout: *no key*/(Bobrossnibba)
[15:18:10]ACCESS: Login: Bobrossnibba/(Sage Ali) from 73.178.13.81-1508471533 || BYOND v513
[15:19:57]EMOTE: monkey (458)/ : <B>The monkey (458)</B> jumps!
[15:20:38]EMOTE: monkey (458)/ : <B>The monkey (458)</B> jumps!
[15:20:42]EMOTE: monkey (985)/ : <B>The monkey (985)</B> jumps!
[15:24:20]EMOTE: monkey (5)/ : <B>The monkey (5)</B> jumps!
[15:24:34]EMOTE: monkey (458)/ : <B>The monkey (458)</B> jumps!
[15:25:23]ADMIN: Bobrossnibba/(Sage Ali) initiated a reboot.
[15:25:28]ACCESS: Logout: Bobrossnibba[DC]/(Sage Ali)


Starting up. 15:25.39
---------------------
Adding game mode blob (blob) to configuration.
Adding game mode changeling (changeling) to configuration.
Adding game mode traitor+changeling (traitorchan) to configuration.
Adding game mode double agents (double_agents) to configuration.
Adding game mode traitor (traitor) to configuration.
Adding game mode cult (cult) to configuration.
Adding game mode extended (extended) to configuration.
Adding game mode AI malfunction (malfunction) to configuration.
Adding game mode meteor (meteor) to configuration.
Adding game mode necron (necron) to configuration.
Adding game mode Chaos Assault (nuclear) to configuration.
Adding game mode Memestealer Cult (Meme) to configuration.
Adding game mode sandbox (sandbox) to configuration.
Adding game mode wizard (wizard) to configuration.
Unknown game mode probability configuration definition: revolution.
Saved mode is 'extended'
[15:25:39]ADMIN: Loading Banlistjob
[15:25:39]ADMIN: Loading jobban_rank
[15:25:39]ADMIN: Loading appearance_rank
[15:25:39]ADMIN: appearance_keylist was empty
[15:25:39]ADMIN: Updating jobbanfile!
[15:25:39]ADMIN: Loading Banlist
[15:25:39]ADMIN: Loading RTD lists
[15:26:32]ACCESS: Login: Bobrossnibba/(Bobrossnibba) from 73.178.13.81-1508471533 || BYOND v513
[15:27:36]ADMIN: Bobrossnibba has started the game.
[15:27:37]ACCESS: Logout: *no key*/(Bobrossnibba)
[15:27:37]ACCESS: Login: Bobrossnibba/(Sage Ali) from 73.178.13.81-1508471533 || BYOND v513
[15:27:41]ADMIN: Bobrossnibba/(Sage Ali) used gibself.
[15:27:42]ACCESS: Logout: *no key*/(Sage Ali)
[15:27:42]ACCESS: Login: Bobrossnibba/(Sage Ali) from 73.178.13.81-1508471533 || BYOND v513
[15:27:56]ADMIN: Bobrossnibba/(Sage Ali) summoned Goosemarines.
[15:28:14]SAY: grey baby slime (916)/ : Blorble...
[15:30:24]EMOTE: monkey (527)/ : <B>The monkey (527)</B> jumps!
[15:31:18]EMOTE: monkey (370)/ : <B>The monkey (370)</B> jumps!
[15:32:02]ADMIN: Bobrossnibba/(Sage Ali) initiated a reboot.
[15:32:06]EMOTE: monkey (1000)/ : <B>The monkey (1000)</B> jumps!
[15:32:07]ACCESS: Logout: Bobrossnibba[DC]/(Sage Ali)


Starting up. 15:32.19
---------------------
Adding game mode blob (blob) to configuration.
Adding game mode changeling (changeling) to configuration.
Adding game mode traitor+changeling (traitorchan) to configuration.
Adding game mode double agents (double_agents) to configuration.
Adding game mode traitor (traitor) to configuration.
Adding game mode cult (cult) to configuration.
Adding game mode extended (extended) to configuration.
Adding game mode AI malfunction (malfunction) to configuration.
Adding game mode meteor (meteor) to configuration.
Adding game mode necron (necron) to configuration.
Adding game mode Chaos Assault (nuclear) to configuration.
Adding game mode Memestealer Cult (Meme) to configuration.
Adding game mode sandbox (sandbox) to configuration.
Adding game mode wizard (wizard) to configuration.
Unknown game mode probability configuration definition: revolution.
Saved mode is 'extended'
[15:32:19]ADMIN: Loading Banlistjob
[15:32:19]ADMIN: Loading jobban_rank
[15:32:19]ADMIN: Loading appearance_rank
[15:32:19]ADMIN: appearance_keylist was empty
[15:32:19]ADMIN: Updating jobbanfile!
[15:32:19]ADMIN: Loading Banlist
[15:32:19]ADMIN: Loading RTD lists
[15:33:11]ACCESS: Login: Bobrossnibba/(Bobrossnibba) from 73.178.13.81-1508471533 || BYOND v513
[15:33:23]ADMIN: Bobrossnibba has started the game.
[15:33:26]ACCESS: Logout: *no key*/(Bobrossnibba)
[15:33:26]ACCESS: Login: Bobrossnibba/(Sage Ali) from 73.178.13.81-1508471533 || BYOND v513
[15:33:31]ADMIN: Bobrossnibba/(Sage Ali) summoned a Genestealer cult.
[15:33:35]ADMIN: Bobrossnibba/(Sage Ali) used gibself.
[15:33:37]ACCESS: Logout: *no key*/(Sage Ali)
[15:33:37]ACCESS: Login: Bobrossnibba/(Sage Ali) from 73.178.13.81-1508471533 || BYOND v513
[15:33:38]ADMIN: Bobrossnibba/(Sage Ali) summoned a Genestealer cult.
[15:33:58]EMOTE: monkey (596)/ : <B>The monkey (596)</B> jumps!
[15:34:08]ACCESS: Logout: *no key*/(Sage Ali)
[15:34:08]ACCESS: Login: Bobrossnibba/(genestealer (593)) from 73.178.13.81-1508471533 || BYOND v513
[15:34:24]SAY: grey baby slime (174)/ : Lonely...
[15:34:46]SAY: grey baby slime (915)/ : Blop...
[15:36:30]SAY: grey baby slime (174)/ : Blorble...
[15:37:27]EMOTE: monkey (150)/ : <B>The monkey (150)</B> jumps!
[15:38:43]EMOTE: monkey (959)/ : <B>The monkey (959)</B> jumps!
[15:39:19]EMOTE: monkey (546)/ : <B>The monkey (546)</B> jumps!
[15:39:28]EMOTE: monkey (546)/ : <B>The monkey (546)</B> jumps!
[15:39:48]SAY: grey baby slime (915)/ : Rawr...
[15:40:35]SAY: grey baby slime (174)/ : Lonely...
[15:40:45]EMOTE: monkey (830)/ : <B>The monkey (830)</B> jumps!
[15:40:46]ACCESS: Logout: Bobrossnibba[DC]/(genestealer (593))


Starting up. 15:42.49
---------------------
Adding game mode blob (blob) to configuration.
Adding game mode changeling (changeling) to configuration.
Adding game mode traitor+changeling (traitorchan) to configuration.
Adding game mode double agents (double_agents) to configuration.
Adding game mode traitor (traitor) to configuration.
Adding game mode cult (cult) to configuration.
Adding game mode extended (extended) to configuration.
Adding game mode AI malfunction (malfunction) to configuration.
Adding game mode meteor (meteor) to configuration.
Adding game mode necron (necron) to configuration.
Adding game mode Chaos Assault (nuclear) to configuration.
Adding game mode Memestealer Cult (Meme) to configuration.
Adding game mode sandbox (sandbox) to configuration.
Adding game mode wizard (wizard) to configuration.
Unknown game mode probability configuration definition: revolution.
Saved mode is 'extended'
[15:42:49]ADMIN: Loading Banlistjob
[15:42:49]ADMIN: Loading jobban_rank
[15:42:49]ADMIN: Loading appearance_rank
[15:42:49]ADMIN: appearance_keylist was empty
[15:42:49]ADMIN: Updating jobbanfile!
[15:42:49]ADMIN: Loading Banlist
[15:42:49]ADMIN: Loading RTD lists
[15:46:31]ACCESS: Login: Bobrossnibba/(Bobrossnibba) from 73.178.13.81-1508471533 || BYOND v513
[15:46:43]ADMIN: Bobrossnibba has started the game.
[15:46:44]ACCESS: Logout: *no key*/(Bobrossnibba)
[15:46:44]ACCESS: Login: Bobrossnibba/(Sage Ali) from 73.178.13.81-1508471533 || BYOND v513
[15:46:48]ADMIN: Bobrossnibba/(Sage Ali) used gibself.
[15:46:50]ACCESS: Logout: *no key*/(Sage Ali)
[15:46:50]ACCESS: Login: Bobrossnibba/(Sage Ali) from 73.178.13.81-1508471533 || BYOND v513
[15:46:52]ADMIN: Bobrossnibba/(Sage Ali) summoned a Genestealer cult.
[15:47:22]ACCESS: Logout: *no key*/(Sage Ali)
[15:47:22]ACCESS: Login: Bobrossnibba/(genestealer (116)) from 73.178.13.81-1508471533 || BYOND v513
[15:48:17]EMOTE: monkey (91)/ : <B>The monkey (91)</B> jumps!
[15:51:24]EMOTE: monkey (416)/ : <B>The monkey (416)</B> jumps!
[15:54:56]EMOTE: monkey (458)/ : <B>The monkey (458)</B> jumps!
[15:55:34]EMOTE: monkey (416)/ : <B>The monkey (416)</B> jumps!
[15:55:47]EMOTE: monkey (656)/ : <B>The monkey (656)</B> jumps!
[15:58:09]EMOTE: monkey (231)/ : <B>The monkey (231)</B> jumps!
[16:00:32]ADMIN: Bobrossnibba/(genestealer (116)) initiated a reboot.
[16:00:37]ACCESS: Logout: Bobrossnibba[DC]/(genestealer (116))


Starting up. 16:00.47
---------------------
Adding game mode blob (blob) to configuration.
Adding game mode changeling (changeling) to configuration.
Adding game mode traitor+changeling (traitorchan) to configuration.
Adding game mode double agents (double_agents) to configuration.
Adding game mode traitor (traitor) to configuration.
Adding game mode cult (cult) to configuration.
Adding game mode extended (extended) to configuration.
Adding game mode AI malfunction (malfunction) to configuration.
Adding game mode meteor (meteor) to configuration.
Adding game mode necron (necron) to configuration.
Adding game mode Chaos Assault (nuclear) to configuration.
Adding game mode Memestealer Cult (Meme) to configuration.
Adding game mode sandbox (sandbox) to configuration.
Adding game mode wizard (wizard) to configuration.
Unknown game mode probability configuration definition: revolution.
Saved mode is 'extended'
[16:00:47]ADMIN: Loading Banlistjob
[16:00:47]ADMIN: Loading jobban_rank
[16:00:47]ADMIN: Loading appearance_rank
[16:00:47]ADMIN: appearance_keylist was empty
[16:00:47]ADMIN: Updating jobbanfile!
[16:00:47]ADMIN: Loading Banlist
[16:00:47]ADMIN: Loading RTD lists
[16:01:52]ACCESS: Login: Bobrossnibba/(Bobrossnibba) from 73.178.13.81-1508471533 || BYOND v513
[16:01:59]ADMIN: Bobrossnibba has started the game.
[16:02:00]ACCESS: Logout: *no key*/(Bobrossnibba)
[16:02:00]ACCESS: Login: Bobrossnibba/(Sage Ali) from 73.178.13.81-1508471533 || BYOND v513
[16:02:24]ADMIN: Bobrossnibba/(Sage Ali) used gibself.
[16:02:26]ACCESS: Logout: *no key*/(Sage Ali)
[16:02:26]ACCESS: Login: Bobrossnibba/(Sage Ali) from 73.178.13.81-1508471533 || BYOND v513
[16:02:32]ADMIN: Bobrossnibba/(Sage Ali) summoned a Genestealer cult.
[16:03:02]ACCESS: Logout: *no key*/(Sage Ali)
[16:03:02]ACCESS: Login: Bobrossnibba/(genestealer (348)) from 73.178.13.81-1508471533 || BYOND v513
[16:04:48]EMOTE: monkey (159)/ : <B>The monkey (159)</B> jumps!
[16:06:09]EMOTE: monkey (363)/ : <B>The monkey (363)</B> jumps!
[16:08:15]EMOTE: monkey (452)/ : <B>The monkey (452)</B> jumps!
[16:08:52]EMOTE: monkey (616)/ : <B>The monkey (616)</B> jumps!
[16:10:02]EMOTE: monkey (670)/ : <B>The monkey (670)</B> jumps!
[16:10:06]SAY: grey baby slime (588)/ : Blorble...
[16:10:55]EMOTE: monkey (832)/ : <B>The monkey (832)</B> jumps!
[16:12:44]EMOTE: monkey (765)/ : <B>The monkey (765)</B> jumps!
[16:14:21]EMOTE: monkey (363)/ : <B>The monkey (363)</B> jumps!
[16:15:00]EMOTE: monkey (601)/ : <B>The monkey (601)</B> jumps!
[16:16:33]EMOTE: monkey (601)/ : <B>The monkey (601)</B> jumps!
[16:17:00]EMOTE: monkey (601)/ : <B>The monkey (601)</B> jumps!
[16:18:39]EMOTE: monkey (832)/ : <B>The monkey (832)</B> jumps!
[16:20:02]EMOTE: monkey (616)/ : <B>The monkey (616)</B> jumps!
[16:21:45]EMOTE: monkey (363)/ : <B>The monkey (363)</B> jumps!
[16:25:20]EMOTE: monkey (159)/ : <B>The monkey (159)</B> jumps!
[16:26:31]EMOTE: monkey (670)/ : <B>The monkey (670)</B> jumps!
[16:27:09]EMOTE: monkey (452)/ : <B>The monkey (452)</B> jumps!
[16:27:13]EMOTE: monkey (765)/ : <B>The monkey (765)</B> jumps!
[16:27:17]EMOTE: monkey (765)/ : <B>The monkey (765)</B> jumps!
[16:27:27]SAY: grey baby slime (812)/ : Lonely...
[16:30:24]EMOTE: monkey (832)/ : <B>The monkey (832)</B> jumps!
[16:33:36]EMOTE: monkey (616)/ : <B>The monkey (616)</B> jumps!
[16:34:17]EMOTE: monkey (832)/ : <B>The monkey (832)</B> jumps!
[16:34:37]EMOTE: monkey (670)/ : <B>The monkey (670)</B> jumps!
[16:34:51]EMOTE: monkey (765)/ : <B>The monkey (765)</B> jumps!
[16:37:55]EMOTE: monkey (601)/ : <B>The monkey (601)</B> jumps!
[16:39:02]EMOTE: monkey (452)/ : <B>The monkey (452)</B> jumps!
[16:40:00]SAY: grey baby slime (588)/ : Lonely...
[16:40:16]EMOTE: monkey (452)/ : <B>The monkey (452)</B> jumps!
[16:42:11]SAY: grey baby slime (812)/ : Blop...
[16:43:58]EMOTE: monkey (159)/ : <B>The monkey (159)</B> jumps!
[16:44:23]EMOTE: monkey (452)/ : <B>The monkey (452)</B> jumps!
[16:44:51]EMOTE: monkey (601)/ : <B>The monkey (601)</B> jumps!
[16:45:21]SAY: grey baby slime (812)/ : Hungry...
[16:47:07]SAY: grey baby slime (588)/ : Rawr...
[16:47:23]EMOTE: monkey (670)/ : <B>The monkey (670)</B> jumps!
[16:48:50]ADMIN: Bobrossnibba/(genestealer (348)) initiated a reboot.
[16:48:55]ACCESS: Logout: Bobrossnibba[DC]/(genestealer (348))


Starting up. 16:49.06
---------------------
Adding game mode blob (blob) to configuration.
Adding game mode changeling (changeling) to configuration.
Adding game mode traitor+changeling (traitorchan) to configuration.
Adding game mode double agents (double_agents) to configuration.
Adding game mode traitor (traitor) to configuration.
Adding game mode cult (cult) to configuration.
Adding game mode extended (extended) to configuration.
Adding game mode AI malfunction (malfunction) to configuration.
Adding game mode meteor (meteor) to configuration.
Adding game mode necron (necron) to configuration.
Adding game mode Chaos Assault (nuclear) to configuration.
Adding game mode Memestealer Cult (Meme) to configuration.
Adding game mode sandbox (sandbox) to configuration.
Adding game mode wizard (wizard) to configuration.
Unknown game mode probability configuration definition: revolution.
Saved mode is 'extended'
[16:49:06]ADMIN: Loading Banlistjob
[16:49:06]ADMIN: Loading jobban_rank
[16:49:06]ADMIN: Loading appearance_rank
[16:49:06]ADMIN: appearance_keylist was empty
[16:49:06]ADMIN: Updating jobbanfile!
[16:49:06]ADMIN: Loading Banlist
[16:49:06]ADMIN: Loading RTD lists
[16:49:58]ACCESS: Login: Bobrossnibba/(Bobrossnibba) from 73.178.13.81-1508471533 || BYOND v513
[16:50:08]ADMIN: Bobrossnibba has started the game.
[16:50:09]ACCESS: Logout: *no key*/(Bobrossnibba)
[16:50:09]ACCESS: Login: Bobrossnibba/(Sage Ali) from 73.178.13.81-1508471533 || BYOND v513
[16:50:14]ADMIN: Bobrossnibba/(Sage Ali) used gibself.
[16:50:15]ACCESS: Logout: *no key*/(Sage Ali)
[16:50:15]ACCESS: Login: Bobrossnibba/(Sage Ali) from 73.178.13.81-1508471533 || BYOND v513
[16:50:20]ADMIN: Bobrossnibba/(Sage Ali) summoned a Genestealer cult.
[16:50:30]EMOTE: monkey (84)/ : <B>The monkey (84)</B> jumps!
[16:50:50]ACCESS: Logout: *no key*/(Sage Ali)
[16:50:50]ACCESS: Login: Bobrossnibba/(genestealer (8)) from 73.178.13.81-1508471533 || BYOND v513
[16:51:44]ACCESS: Logout: *no key*/(genestealer (8))
[16:51:44]ACCESS: Login: Bobrossnibba/(genestealer (8)) from 73.178.13.81-1508471533 || BYOND v513
[16:51:44]ADMIN: *null* used gibself.
[16:51:52]ADMIN: Bobrossnibba/(genestealer (8)) set RTD Timer to 1.
[16:51:56]ACCESS: Logout: *no key*/(genestealer (8))
[16:51:56]ACCESS: Login: Bobrossnibba/(alien larva (14)) from 73.178.13.81-1508471533 || BYOND v513
[16:52:06]ADMIN: Bobrossnibba/(alien larva (14)) modified alien larva (14)'s amount_grown to 200
[16:52:08]ACCESS: Logout: *no key*/(alien larva (14))
[16:52:08]ACCESS: Login: Bobrossnibba/(hormagaunt (268)) from 73.178.13.81-1508471533 || BYOND v513
[16:53:42]ACCESS: Logout: *no key*/(hormagaunt (268))
[16:53:42]ACCESS: Login: Bobrossnibba/(warrior (138)) from 73.178.13.81-1508471533 || BYOND v513
[16:53:58]ACCESS: Logout: Bobrossnibba[DC]/(warrior (138))
[16:55:10]ACCESS: Login: Bobrossnibba/(warrior (138)) from 73.178.13.81-1508471533 || BYOND v513
[16:55:18]ACCESS: Logout: *no key*/(warrior (138))
[16:55:18]ACCESS: Login: Bobrossnibba/(alien larva (14)) from 73.178.13.81-1508471533 || BYOND v513
[16:55:18]ADMIN: *null* used gibself.
[16:55:19]SAY: grey baby slime (756)/ : Blop...
[16:55:22]ADMIN: Bobrossnibba/(alien larva (14)) summoned a Genestealer cult.
[16:55:27]EMOTE: monkey (994)/ : <B>The monkey (994)</B> jumps!
[16:55:29]EMOTE: monkey (813)/ : <B>The monkey (813)</B> jumps!
[16:55:43]EMOTE: monkey (400)/ : <B>The monkey (400)</B> jumps!
[16:55:53]ACCESS: Logout: *no key*/(alien larva (14))
[16:55:53]ACCESS: Login: Bobrossnibba/(genestealer (553)) from 73.178.13.81-1508471533 || BYOND v513
[16:56:14]ADMIN: Bobrossnibba/(genestealer (553)) modified genestealer (553)'s storedPlasma to 3000
[16:57:11]ACCESS: Logout: Bobrossnibba[DC]/(genestealer (553))


Starting up. 20:07.44
---------------------
Adding game mode blob (blob) to configuration.
Adding game mode changeling (changeling) to configuration.
Adding game mode traitor+changeling (traitorchan) to configuration.
Adding game mode double agents (double_agents) to configuration.
Adding game mode traitor (traitor) to configuration.
Adding game mode cult (cult) to configuration.
Adding game mode extended (extended) to configuration.
Adding game mode AI malfunction (malfunction) to configuration.
Adding game mode meteor (meteor) to configuration.
Adding game mode necron (necron) to configuration.
Adding game mode Chaos Assault (nuclear) to configuration.
Adding game mode Memestealer Cult (Meme) to configuration.
Adding game mode sandbox (sandbox) to configuration.
Adding game mode wizard (wizard) to configuration.
Unknown game mode probability configuration definition: revolution.
Saved mode is 'extended'
[20:07:44]ADMIN: Loading Banlistjob
[20:07:44]ADMIN: Loading jobban_rank
[20:07:44]ADMIN: Loading appearance_rank
[20:07:44]ADMIN: appearance_keylist was empty
[20:07:44]ADMIN: Updating jobbanfile!
[20:07:44]ADMIN: Loading Banlist
[20:07:44]ADMIN: Loading RTD lists
[20:10:11]ACCESS: Login: Bobrossnibba/(Bobrossnibba) from 73.178.13.81-1508471533 || BYOND v513
[20:10:53]ADMIN: Bobrossnibba has started the game.
[20:10:55]ACCESS: Logout: *no key*/(Bobrossnibba)
[20:10:55]ACCESS: Login: Bobrossnibba/(Sage Ali) from 73.178.13.81-1508471533 || BYOND v513
[20:11:05]ADMIN: Bobrossnibba/(Sage Ali) used gibself.
[20:11:06]ACCESS: Logout: *no key*/(Sage Ali)
[20:11:06]ACCESS: Login: Bobrossnibba/(Sage Ali) from 73.178.13.81-1508471533 || BYOND v513
[20:11:29]ADMIN: Bobrossnibba/(Sage Ali) toggled respawn to On.
[20:11:39]GAME: Sage Ali/Bobrossnibba used abandon mob.
[20:11:39]ACCESS: Logout: *no key*/(Sage Ali)
[20:11:39]ACCESS: Login: Bobrossnibba/(new player) from 73.178.13.81-1508471533 || BYOND v513
[20:11:45]EMOTE: monkey (594)/ : <B>The monkey (594)</B> jumps!
[20:11:50]ACCESS: Logout: *no key*/(new player)
[20:11:50]ACCESS: Login: Bobrossnibba/(Sage Ali) from 73.178.13.81-1508471533 || BYOND v513
[20:12:05]ACCESS: Logout: Bobrossnibba[DC]/(Sage Ali)


Starting up. 20:46.16
---------------------
Adding game mode blob (blob) to configuration.
Adding game mode changeling (changeling) to configuration.
Adding game mode traitor+changeling (traitorchan) to configuration.
Adding game mode double agents (double_agents) to configuration.
Adding game mode traitor (traitor) to configuration.
Adding game mode cult (cult) to configuration.
Adding game mode extended (extended) to configuration.
Adding game mode AI malfunction (malfunction) to configuration.
Adding game mode meteor (meteor) to configuration.
Adding game mode necron (necron) to configuration.
Adding game mode Chaos Assault (nuclear) to configuration.
Adding game mode Memestealer Cult (Meme) to configuration.
Adding game mode sandbox (sandbox) to configuration.
Adding game mode wizard (wizard) to configuration.
Unknown game mode probability configuration definition: revolution.
Saved mode is 'extended'
[20:46:16]ADMIN: Loading Banlistjob
[20:46:16]ADMIN: Loading jobban_rank
[20:46:16]ADMIN: Loading appearance_rank
[20:46:16]ADMIN: appearance_keylist was empty
[20:46:16]ADMIN: Updating jobbanfile!
[20:46:16]ADMIN: Loading Banlist
[20:46:16]ADMIN: Loading RTD lists
[20:48:00]ACCESS: Login: Bobrossnibba/(Bobrossnibba) from 73.178.13.81-1508471533 || BYOND v513
[20:48:22]ADMIN: Bobrossnibba has started the game.
[20:48:23]ACCESS: Logout: *no key*/(Bobrossnibba)
[20:48:23]ACCESS: Login: Bobrossnibba/(Sage Ali) from 73.178.13.81-1508471533 || BYOND v513
[20:49:30]ADMIN: Bobrossnibba/(Sage Ali) jumped to the Bar
[20:50:05]ACCESS: Logout: Bobrossnibba[DC]/(Sage Ali)


Starting up. 21:00.01
---------------------
Adding game mode blob (blob) to configuration.
Adding game mode changeling (changeling) to configuration.
Adding game mode traitor+changeling (traitorchan) to configuration.
Adding game mode double agents (double_agents) to configuration.
Adding game mode traitor (traitor) to configuration.
Adding game mode cult (cult) to configuration.
Adding game mode extended (extended) to configuration.
Adding game mode AI malfunction (malfunction) to configuration.
Adding game mode meteor (meteor) to configuration.
Adding game mode necron (necron) to configuration.
Adding game mode Chaos Assault (nuclear) to configuration.
Adding game mode Memestealer Cult (Meme) to configuration.
Adding game mode sandbox (sandbox) to configuration.
Adding game mode wizard (wizard) to configuration.
Unknown game mode probability configuration definition: revolution.
Saved mode is 'extended'
[21:00:02]ADMIN: Loading Banlistjob
[21:00:02]ADMIN: Loading jobban_rank
[21:00:02]ADMIN: Loading appearance_rank
[21:00:02]ADMIN: appearance_keylist was empty
[21:00:02]ADMIN: Updating jobbanfile!
[21:00:02]ADMIN: Loading Banlist
[21:00:02]ADMIN: Loading RTD lists
[21:01:57]ACCESS: Login: Bobrossnibba/(Bobrossnibba) from 73.178.13.81-1508471533 || BYOND v513
[21:02:30]ADMIN: Bobrossnibba has started the game.
[21:02:31]ACCESS: Logout: *no key*/(Bobrossnibba)
[21:02:31]ACCESS: Login: Bobrossnibba/(Sage Ali) from 73.178.13.81-1508471533 || BYOND v513
[21:05:40]EMOTE: monkey (469)/ : <B>The monkey (469)</B> jumps!
[21:05:58]EMOTE: monkey (218)/ : <B>The monkey (218)</B> jumps!
[21:07:01]ADMIN: Bobrossnibba/(Sage Ali) initiated a reboot.
[21:07:06]ACCESS: Logout: Bobrossnibba[DC]/(Sage Ali)


Starting up. 21:07.18
---------------------
Adding game mode blob (blob) to configuration.
Adding game mode changeling (changeling) to configuration.
Adding game mode traitor+changeling (traitorchan) to configuration.
Adding game mode double agents (double_agents) to configuration.
Adding game mode traitor (traitor) to configuration.
Adding game mode cult (cult) to configuration.
Adding game mode extended (extended) to configuration.
Adding game mode AI malfunction (malfunction) to configuration.
Adding game mode meteor (meteor) to configuration.
Adding game mode necron (necron) to configuration.
Adding game mode Chaos Assault (nuclear) to configuration.
Adding game mode Memestealer Cult (Meme) to configuration.
Adding game mode sandbox (sandbox) to configuration.
Adding game mode wizard (wizard) to configuration.
Unknown game mode probability configuration definition: revolution.
Saved mode is 'extended'
[21:07:18]ADMIN: Loading Banlistjob
[21:07:18]ADMIN: Loading jobban_rank
[21:07:18]ADMIN: Loading appearance_rank
[21:07:18]ADMIN: appearance_keylist was empty
[21:07:18]ADMIN: Updating jobbanfile!
[21:07:18]ADMIN: Loading Banlist
[21:07:18]ADMIN: Loading RTD lists
[21:08:11]ACCESS: Login: Bobrossnibba/(Bobrossnibba) from 73.178.13.81-1508471533 || BYOND v513
[21:08:23]ADMIN: Bobrossnibba has started the game.
[21:08:24]ACCESS: Logout: *no key*/(Bobrossnibba)
[21:08:24]ACCESS: Login: Bobrossnibba/(Sage Ali) from 73.178.13.81-1508471533 || BYOND v513
[21:09:05]EMOTE: monkey (222)/ : <B>The monkey (222)</B> jumps!
[21:10:27]SAY: grey baby slime (250)/ : Lonely...
[21:11:01]EMOTE: monkey (202)/ : <B>The monkey (202)</B> jumps!
[21:11:40]EMOTE: monkey (45)/ : <B>The monkey (45)</B> jumps!
[21:12:00]SAY: grey baby slime (297)/ : Blop...
[21:12:19]ADMIN: Bobrossnibba/(Sage Ali) used gibself.
[21:12:20]ACCESS: Logout: *no key*/(Sage Ali)
[21:12:20]ACCESS: Login: Bobrossnibba/(Sage Ali) from 73.178.13.81-1508471533 || BYOND v513
[21:12:22]ADMIN: Bobrossnibba/(Sage Ali) set RTD Timer to 1.
[21:12:28]ACCESS: Logout: *no key*/(Sage Ali)
[21:12:28]ACCESS: Login: Bobrossnibba/(alien larva (788)) from 73.178.13.81-1508471533 || BYOND v513
[21:12:35]ADMIN: Bobrossnibba/(alien larva (788)) modified alien larva (788)'s amount_grown to 200
[21:12:37]ACCESS: Logout: *no key*/(alien larva (788))
[21:12:37]ACCESS: Login: Bobrossnibba/(hormagaunt (190)) from 73.178.13.81-1508471533 || BYOND v513
[21:12:45]EMOTE: monkey (132)/ : <B>The monkey (132)</B> jumps!
[21:13:06]ADMIN: Bobrossnibba/(hormagaunt (190)) modified hormagaunt (190)'s storedPlasma to 3000
[21:13:07]EMOTE: monkey (36)/ : <B>The monkey (36)</B> jumps!
[21:13:28]ACCESS: Logout: *no key*/(hormagaunt (190))
[21:13:28]ACCESS: Login: Bobrossnibba/(genestealer (540)) from 73.178.13.81-1508471533 || BYOND v513
[21:13:40]EMOTE: monkey (45)/ : <B>The monkey (45)</B> jumps!
[21:13:58]EMOTE: monkey (45)/ : <B>The monkey (45)</B> jumps!
[21:14:00]EMOTE: monkey (36)/ : <B>The monkey (36)</B> jumps!
[21:14:21]EMOTE: monkey (842)/ : <B>The monkey (842)</B> jumps!
[21:16:23]SAY: grey baby slime (250)/ : Blop...
[21:17:41]SAY: grey baby slime (297)/ : Lonely...
[21:18:49]EMOTE: monkey (202)/ : <B>The monkey (202)</B> jumps!
[21:20:45]EMOTE: monkey (45)/ : <B>The monkey (45)</B> jumps!
[21:20:53]EMOTE: monkey (202)/ : <B>The monkey (202)</B> jumps!
[21:20:57]EMOTE: monkey (429)/ : <B>The monkey (429)</B> jumps!
[21:21:26]EMOTE: monkey (989)/ : <B>The monkey (989)</B> jumps!
[21:21:29]ACCESS: Logout: Bobrossnibba[DC]/(genestealer (540))
