

Starting up. 21:33.26
---------------------
Adding game mode blob (blob) to configuration.
Adding game mode changeling (changeling) to configuration.
Adding game mode traitor+changeling (traitorchan) to configuration.
Adding game mode double agents (double_agents) to configuration.
Adding game mode traitor (traitor) to configuration.
Adding game mode cult (cult) to configuration.
Adding game mode extended (extended) to configuration.
Adding game mode AI malfunction (malfunction) to configuration.
Adding game mode meteor (meteor) to configuration.
Adding game mode necron (necron) to configuration.
Adding game mode Chaos Assault (nuclear) to configuration.
Adding game mode Memestealer Cult (Meme) to configuration.
Adding game mode sandbox (sandbox) to configuration.
Adding game mode wizard (wizard) to configuration.
Unknown game mode probability configuration definition: revolution.
Saved mode is 'extended'
[21:33:26]ADMIN: Loading Banlistjob
[21:33:26]ADMIN: Loading jobban_rank
[21:33:26]ADMIN: Loading appearance_rank
[21:33:26]ADMIN: appearance_keylist was empty
[21:33:26]ADMIN: Updating jobbanfile!
[21:33:26]ADMIN: Loading Banlist
[21:33:26]ADMIN: Loading RTD lists
[21:35:49]ACCESS: Login: Bobrossnibba/(Bobrossnibba) from 73.178.13.81-1508471533 || BYOND v513
[21:35:58]ADMIN: Bobrossnibba has started the game.
[21:35:59]EMOTE: monkey (47)/ : <B>The monkey (47)</B> jumps!
[21:36:00]ACCESS: Logout: *no key*/(Bobrossnibba)
[21:36:00]ACCESS: Login: Bobrossnibba/(Sage Ali) from 73.178.13.81-1508471533 || BYOND v513
[21:36:06]SAY: Sage Ali/Bobrossnibba : poop
[21:36:08]SAY: Sage Ali/Bobrossnibba : wew
[21:36:11]SAY: Sage Ali/Bobrossnibba : test
[21:37:04]EMOTE: monkey (445)/ : <B>The monkey (445)</B> jumps!
[21:38:07]SAY: grey baby slime (528)/ : Blorble...
[21:39:18]EMOTE: monkey (445)/ : <B>The monkey (445)</B> jumps!
[21:40:15]EMOTE: monkey (181)/ : <B>The monkey (181)</B> jumps!
[21:40:29]EMOTE: monkey (330)/ : <B>The monkey (330)</B> jumps!
[21:41:14]EMOTE: monkey (445)/ : <B>The monkey (445)</B> jumps!
[21:41:46]EMOTE: monkey (383)/ : <B>The monkey (383)</B> jumps!
[21:42:15]EMOTE: monkey (445)/ : <B>The monkey (445)</B> jumps!
[21:42:21]SAY: grey baby slime (385)/ : Blorble...
[21:43:51]EMOTE: monkey (86)/ : <B>The monkey (86)</B> jumps!
[21:45:34]EMOTE: monkey (181)/ : <B>The monkey (181)</B> jumps!
[21:46:25]EMOTE: monkey (383)/ : <B>The monkey (383)</B> jumps!
[21:48:27]EMOTE: monkey (330)/ : <B>The monkey (330)</B> jumps!
[21:48:33]EMOTE: monkey (47)/ : <B>The monkey (47)</B> jumps!
[21:50:14]EMOTE: monkey (330)/ : <B>The monkey (330)</B> jumps!
[21:51:14]EMOTE: monkey (445)/ : <B>The monkey (445)</B> jumps!
[21:52:23]SAY: grey baby slime (528)/ : Lonely...
[21:53:10]EMOTE: monkey (845)/ : <B>The monkey (845)</B> jumps!
[21:53:53]EMOTE: monkey (86)/ : <B>The monkey (86)</B> jumps!
[21:57:42]EMOTE: monkey (745)/ : <B>The monkey (745)</B> jumps!
[21:58:35]EMOTE: monkey (47)/ : <B>The monkey (47)</B> jumps!
[21:58:43]EMOTE: monkey (745)/ : <B>The monkey (745)</B> jumps!
[22:02:27]EMOTE: monkey (181)/ : <B>The monkey (181)</B> jumps!
[22:04:15]EMOTE: monkey (330)/ : <B>The monkey (330)</B> jumps!
[22:05:10]SAY: grey baby slime (385)/ : Lonely...
[22:05:14]EMOTE: monkey (181)/ : <B>The monkey (181)</B> jumps!
[22:07:16]EMOTE: monkey (181)/ : <B>The monkey (181)</B> jumps!
[22:08:37]EMOTE: monkey (86)/ : <B>The monkey (86)</B> jumps!
[22:08:41]EMOTE: monkey (845)/ : <B>The monkey (845)</B> jumps!
[22:09:26]EMOTE: monkey (181)/ : <B>The monkey (181)</B> jumps!
[22:09:26]EMOTE: monkey (845)/ : <B>The monkey (845)</B> jumps!
[22:15:15]EMOTE: monkey (845)/ : <B>The monkey (845)</B> jumps!
[22:15:35]EMOTE: monkey (86)/ : <B>The monkey (86)</B> jumps!
[22:16:15]EMOTE: monkey (86)/ : <B>The monkey (86)</B> jumps!
[22:17:50]SAY: grey baby slime (528)/ : Blop...
[22:18:04]EMOTE: monkey (86)/ : <B>The monkey (86)</B> jumps!
[22:18:41]EMOTE: monkey (845)/ : <B>The monkey (845)</B> jumps!
[22:19:21]EMOTE: monkey (181)/ : <B>The monkey (181)</B> jumps!
[22:28:01]EMOTE: monkey (181)/ : <B>The monkey (181)</B> jumps!
[22:30:02]EMOTE: monkey (445)/ : <B>The monkey (445)</B> jumps!
[22:35:25]EMOTE: monkey (181)/ : <B>The monkey (181)</B> jumps!
[22:37:15]EMOTE: monkey (86)/ : <B>The monkey (86)</B> jumps!
[22:37:27]SAY: grey baby slime (385)/ : Blorble...
[22:38:48]SAY: grey baby slime (528)/ : Blorble...
[22:40:20]EMOTE: monkey (383)/ : <B>The monkey (383)</B> jumps!
[22:41:56]EMOTE: monkey (330)/ : <B>The monkey (330)</B> jumps!
[22:42:20]EMOTE: monkey (445)/ : <B>The monkey (445)</B> jumps!
[22:42:46]EMOTE: monkey (845)/ : <B>The monkey (845)</B> jumps!
[22:45:12]SAY: grey baby slime (385)/ : Lonely...
[22:45:47]EMOTE: monkey (47)/ : <B>The monkey (47)</B> jumps!
[22:47:34]EMOTE: monkey (47)/ : <B>The monkey (47)</B> jumps!
[22:48:45]EMOTE: monkey (445)/ : <B>The monkey (445)</B> jumps!
[22:51:16]SAY: grey baby slime (528)/ : Rawr...
[22:52:27]SAY: grey baby slime (385)/ : Blop...
[22:52:59]EMOTE: monkey (181)/ : <B>The monkey (181)</B> jumps!
[22:52:59]EMOTE: monkey (845)/ : <B>The monkey (845)</B> jumps!
[22:54:20]SAY: grey baby slime (385)/ : Rawr...
[22:54:41]EMOTE: monkey (745)/ : <B>The monkey (745)</B> jumps!
[22:55:46]EMOTE: monkey (86)/ : <B>The monkey (86)</B> jumps!
[22:56:32]SAY: grey baby slime (385)/ : Blorble...
[22:56:47]SAY: grey baby slime (385)/ : Lonely...
[22:57:37]SAY: grey baby slime (385)/ : Hungry...
[22:58:44]EMOTE: monkey (181)/ : <B>The monkey (181)</B> jumps!
[22:58:53]EMOTE: monkey (86)/ : <B>The monkey (86)</B> jumps!
[22:59:43]SAY: grey baby slime (528)/ : Lonely...
[23:02:11]EMOTE: monkey (383)/ : <B>The monkey (383)</B> jumps!
[23:02:14]SAY: grey baby slime (385)/ : I want to eat...
[23:03:15]EMOTE: monkey (745)/ : <B>The monkey (745)</B> jumps!
[23:03:23]EMOTE: monkey (181)/ : <B>The monkey (181)</B> jumps!
[23:03:25]SAY: grey baby slime (528)/ : Blorble...
[23:05:29]SAY: grey baby slime (385)/ : Blorble...
[23:06:45]SAY: grey baby slime (385)/ : Hungry...
[23:07:05]SAY: grey baby slime (385)/ : I want to eat...
[23:07:37]EMOTE: monkey (47)/ : <B>The monkey (47)</B> jumps!
[23:07:54]SAY: grey baby slime (528)/ : Blorble...
[23:09:25]EMOTE: monkey (86)/ : <B>The monkey (86)</B> jumps!
[23:09:54]EMOTE: monkey (47)/ : <B>The monkey (47)</B> jumps!
[23:11:07]EMOTE: monkey (86)/ : <B>The monkey (86)</B> jumps!
[23:11:56]EMOTE: monkey (845)/ : <B>The monkey (845)</B> jumps!
[23:12:39]EMOTE: monkey (330)/ : <B>The monkey (330)</B> jumps!
[23:12:55]EMOTE: monkey (330)/ : <B>The monkey (330)</B> jumps!
[23:13:03]EMOTE: monkey (845)/ : <B>The monkey (845)</B> jumps!
[23:13:58]EMOTE: monkey (181)/ : <B>The monkey (181)</B> jumps!
[23:14:35]EMOTE: monkey (47)/ : <B>The monkey (47)</B> jumps!
[23:14:39]SAY: grey baby slime (385)/ : Lonely...
[23:14:45]SAY: grey baby slime (528)/ : Hungry...
[23:15:17]EMOTE: monkey (383)/ : <B>The monkey (383)</B> jumps!
[23:16:05]EMOTE: monkey (383)/ : <B>The monkey (383)</B> jumps!
[23:16:43]SAY: grey baby slime (385)/ : Blorble...
[23:16:46]SAY: grey baby slime (528)/ : Rawr...
[23:17:26]SAY: grey baby slime (385)/ : Lonely...
[23:21:32]EMOTE: monkey (181)/ : <B>The monkey (181)</B> jumps!
[23:21:53]EMOTE: monkey (745)/ : <B>The monkey (745)</B> jumps!
[23:23:18]SAY: grey baby slime (385)/ : Very... hungry...
[23:23:20]EMOTE: monkey (745)/ : <B>The monkey (745)</B> jumps!
[23:24:27]EMOTE: monkey (181)/ : <B>The monkey (181)</B> jumps!
[23:24:29]SAY: grey baby slime (528)/ : So... hungry...
[23:26:23]EMOTE: monkey (383)/ : <B>The monkey (383)</B> jumps!
[23:26:45]SAY: grey baby slime (385)/ : So... hungry...
[23:28:31]SAY: grey baby slime (528)/ : Rawr...
[23:31:23]SAY: grey baby slime (385)/ : Blop...
[23:33:49]EMOTE: monkey (86)/ : <B>The monkey (86)</B> jumps!
[23:37:35]EMOTE: monkey (86)/ : <B>The monkey (86)</B> jumps!
[23:38:32]SAY: grey baby slime (528)/ : Blop...
[23:38:54]SAY: grey baby slime (385)/ : Lonely...
[23:39:28]SAY: grey baby slime (385)/ : Lonely...
[23:39:55]EMOTE: monkey (445)/ : <B>The monkey (445)</B> jumps!
[23:42:00]SAY: grey baby slime (528)/ : Very... hungry...
[23:42:36]EMOTE: monkey (181)/ : <B>The monkey (181)</B> jumps!
[23:43:58]SAY: grey baby slime (528)/ : Rawr...
[23:45:09]EMOTE: monkey (845)/ : <B>The monkey (845)</B> jumps!
[23:46:15]SAY: grey baby slime (385)/ : Rawr...
[23:46:16]EMOTE: monkey (330)/ : <B>The monkey (330)</B> jumps!
[23:50:21]EMOTE: monkey (330)/ : <B>The monkey (330)</B> jumps!
[23:50:57]EMOTE: monkey (47)/ : <B>The monkey (47)</B> jumps!
[23:51:36]EMOTE: monkey (745)/ : <B>The monkey (745)</B> jumps!
[23:52:33]EMOTE: monkey (845)/ : <B>The monkey (845)</B> jumps!
[23:52:47]SAY: grey baby slime (385)/ : Blorble...
[23:53:06]EMOTE: monkey (86)/ : <B>The monkey (86)</B> jumps!
[23:53:24]SAY: grey baby slime (528)/ : Rawr...
[23:53:51]SAY: grey baby slime (385)/ : Rawr...
[23:54:17]SAY: grey baby slime (385)/ : Very... hungry...
[23:54:21]EMOTE: monkey (383)/ : <B>The monkey (383)</B> jumps!
[23:56:44]SAY: grey baby slime (385)/ : Blop...
[23:57:00]EMOTE: monkey (383)/ : <B>The monkey (383)</B> jumps!
[23:57:51]EMOTE: monkey (86)/ : <B>The monkey (86)</B> jumps!
[23:57:53]EMOTE: monkey (845)/ : <B>The monkey (845)</B> jumps!
[23:58:38]SAY: grey baby slime (385)/ : Lonely...
[23:59:59]EMOTE: monkey (86)/ : <B>The monkey (86)</B> jumps!
[00:00:14]SAY: grey baby slime (385)/ : Blop...
[00:03:30]SAY: grey baby slime (528)/ : So... hungry...
[00:03:32]SAY: grey baby slime (385)/ : Must... eat...
[00:03:42]EMOTE: monkey (330)/ : <B>The monkey (330)</B> jumps!
[00:04:03]EMOTE: monkey (181)/ : <B>The monkey (181)</B> jumps!
[00:05:17]EMOTE: monkey (47)/ : <B>The monkey (47)</B> jumps!
[00:07:03]EMOTE: monkey (181)/ : <B>The monkey (181)</B> jumps!
[00:08:36]SAY: grey baby slime (528)/ : Need... food...
[00:10:34]EMOTE: monkey (181)/ : <B>The monkey (181)</B> jumps!
[00:11:21]EMOTE: monkey (445)/ : <B>The monkey (445)</B> jumps!
[00:12:52]EMOTE: monkey (845)/ : <B>The monkey (845)</B> jumps!
[00:13:19]EMOTE: monkey (445)/ : <B>The monkey (445)</B> jumps!
[00:16:22]EMOTE: monkey (383)/ : <B>The monkey (383)</B> jumps!
[00:20:54]EMOTE: monkey (181)/ : <B>The monkey (181)</B> jumps!
[00:24:25]EMOTE: monkey (181)/ : <B>The monkey (181)</B> jumps!
[00:29:16]EMOTE: monkey (86)/ : <B>The monkey (86)</B> jumps!
[00:32:23]EMOTE: monkey (330)/ : <B>The monkey (330)</B> jumps!
[00:34:11]EMOTE: monkey (181)/ : <B>The monkey (181)</B> jumps!
[00:40:28]EMOTE: monkey (383)/ : <B>The monkey (383)</B> jumps!
[00:40:34]EMOTE: monkey (745)/ : <B>The monkey (745)</B> jumps!
[00:41:31]EMOTE: monkey (383)/ : <B>The monkey (383)</B> jumps!
[00:41:35]EMOTE: monkey (445)/ : <B>The monkey (445)</B> jumps!
[00:43:17]EMOTE: monkey (181)/ : <B>The monkey (181)</B> jumps!
[00:43:31]EMOTE: monkey (745)/ : <B>The monkey (745)</B> jumps!
[00:44:03]EMOTE: monkey (86)/ : <B>The monkey (86)</B> jumps!
[00:44:22]EMOTE: monkey (47)/ : <B>The monkey (47)</B> jumps!
[00:46:12]EMOTE: monkey (86)/ : <B>The monkey (86)</B> jumps!
[00:51:27]EMOTE: monkey (330)/ : <B>The monkey (330)</B> jumps!
[00:52:22]EMOTE: monkey (47)/ : <B>The monkey (47)</B> jumps!
[00:55:39]EMOTE: monkey (745)/ : <B>The monkey (745)</B> jumps!
[00:56:05]EMOTE: monkey (47)/ : <B>The monkey (47)</B> jumps!
[00:57:39]EMOTE: monkey (86)/ : <B>The monkey (86)</B> jumps!
[00:59:10]EMOTE: monkey (47)/ : <B>The monkey (47)</B> jumps!
[01:00:48]EMOTE: monkey (181)/ : <B>The monkey (181)</B> jumps!
[01:01:36]EMOTE: monkey (745)/ : <B>The monkey (745)</B> jumps!
[01:02:48]EMOTE: monkey (383)/ : <B>The monkey (383)</B> jumps!
[01:04:24]EMOTE: monkey (383)/ : <B>The monkey (383)</B> jumps!
[01:04:46]EMOTE: monkey (47)/ : <B>The monkey (47)</B> jumps!
[01:05:53]EMOTE: monkey (330)/ : <B>The monkey (330)</B> jumps!
[01:07:15]EMOTE: monkey (745)/ : <B>The monkey (745)</B> jumps!
[01:07:17]EMOTE: monkey (181)/ : <B>The monkey (181)</B> jumps!
[01:08:05]EMOTE: monkey (47)/ : <B>The monkey (47)</B> jumps!
[01:08:26]EMOTE: monkey (181)/ : <B>The monkey (181)</B> jumps!
[01:10:36]EMOTE: monkey (845)/ : <B>The monkey (845)</B> jumps!
[01:10:38]EMOTE: monkey (383)/ : <B>The monkey (383)</B> jumps!
[01:10:49]EMOTE: monkey (845)/ : <B>The monkey (845)</B> jumps!
[01:11:39]EMOTE: monkey (181)/ : <B>The monkey (181)</B> jumps!
[01:13:07]EMOTE: monkey (745)/ : <B>The monkey (745)</B> jumps!
[01:14:14]EMOTE: monkey (845)/ : <B>The monkey (845)</B> jumps!
[01:17:04]EMOTE: monkey (330)/ : <B>The monkey (330)</B> jumps!
[01:19:50]EMOTE: monkey (86)/ : <B>The monkey (86)</B> jumps!
[01:21:05]EMOTE: monkey (445)/ : <B>The monkey (445)</B> jumps!
[01:22:08]EMOTE: monkey (383)/ : <B>The monkey (383)</B> jumps!
[01:22:27]EMOTE: monkey (47)/ : <B>The monkey (47)</B> jumps!
[01:23:03]EMOTE: monkey (181)/ : <B>The monkey (181)</B> jumps!
[01:25:48]EMOTE: monkey (383)/ : <B>The monkey (383)</B> jumps!
[01:32:48]EMOTE: monkey (845)/ : <B>The monkey (845)</B> jumps!
[01:33:06]EMOTE: monkey (745)/ : <B>The monkey (745)</B> jumps!
[01:33:55]EMOTE: monkey (745)/ : <B>The monkey (745)</B> jumps!
[01:34:31]EMOTE: monkey (181)/ : <B>The monkey (181)</B> jumps!
[01:35:22]EMOTE: monkey (47)/ : <B>The monkey (47)</B> jumps!
[01:36:39]EMOTE: monkey (330)/ : <B>The monkey (330)</B> jumps!
[01:37:53]EMOTE: monkey (445)/ : <B>The monkey (445)</B> jumps!
[01:40:03]EMOTE: monkey (845)/ : <B>The monkey (845)</B> jumps!
[01:40:56]EMOTE: monkey (445)/ : <B>The monkey (445)</B> jumps!
[01:45:54]EMOTE: monkey (47)/ : <B>The monkey (47)</B> jumps!
[01:46:18]EMOTE: monkey (845)/ : <B>The monkey (845)</B> jumps!
[01:48:14]EMOTE: monkey (445)/ : <B>The monkey (445)</B> jumps!
[01:49:37]EMOTE: monkey (47)/ : <B>The monkey (47)</B> jumps!
[01:51:15]EMOTE: monkey (383)/ : <B>The monkey (383)</B> jumps!
[01:51:52]EMOTE: monkey (845)/ : <B>The monkey (845)</B> jumps!
[01:53:47]EMOTE: monkey (383)/ : <B>The monkey (383)</B> jumps!
[01:54:30]EMOTE: monkey (330)/ : <B>The monkey (330)</B> jumps!
[01:54:32]EMOTE: monkey (845)/ : <B>The monkey (845)</B> jumps!
[01:55:59]EMOTE: monkey (181)/ : <B>The monkey (181)</B> jumps!
[01:57:09]EMOTE: monkey (445)/ : <B>The monkey (445)</B> jumps!
[02:02:34]EMOTE: monkey (86)/ : <B>The monkey (86)</B> jumps!
[02:09:14]EMOTE: monkey (86)/ : <B>The monkey (86)</B> jumps!
[02:10:30]EMOTE: monkey (330)/ : <B>The monkey (330)</B> jumps!
[02:12:49]EMOTE: monkey (383)/ : <B>The monkey (383)</B> jumps!
[02:14:44]EMOTE: monkey (845)/ : <B>The monkey (845)</B> jumps!
[02:16:12]EMOTE: monkey (445)/ : <B>The monkey (445)</B> jumps!
[02:21:03]EMOTE: monkey (745)/ : <B>The monkey (745)</B> jumps!
[02:22:59]EMOTE: monkey (845)/ : <B>The monkey (845)</B> jumps!
[02:25:22]EMOTE: monkey (181)/ : <B>The monkey (181)</B> jumps!
[02:26:11]EMOTE: monkey (47)/ : <B>The monkey (47)</B> jumps!
[02:28:02]EMOTE: monkey (181)/ : <B>The monkey (181)</B> jumps!
[02:28:06]EMOTE: monkey (181)/ : <B>The monkey (181)</B> jumps!
[02:29:01]EMOTE: monkey (47)/ : <B>The monkey (47)</B> jumps!
[02:31:09]EMOTE: monkey (383)/ : <B>The monkey (383)</B> jumps!
[02:31:32]EMOTE: monkey (181)/ : <B>The monkey (181)</B> jumps!
[02:35:03]EMOTE: monkey (383)/ : <B>The monkey (383)</B> jumps!
[02:35:17]EMOTE: monkey (181)/ : <B>The monkey (181)</B> jumps!
[02:35:39]EMOTE: monkey (86)/ : <B>The monkey (86)</B> jumps!
[02:36:37]EMOTE: monkey (47)/ : <B>The monkey (47)</B> jumps!
[02:37:21]EMOTE: monkey (745)/ : <B>The monkey (745)</B> jumps!
[02:37:38]EMOTE: monkey (86)/ : <B>The monkey (86)</B> jumps!
[02:38:10]EMOTE: monkey (181)/ : <B>The monkey (181)</B> jumps!
[02:39:25]EMOTE: monkey (47)/ : <B>The monkey (47)</B> jumps!
[02:39:38]EMOTE: monkey (745)/ : <B>The monkey (745)</B> jumps!
[02:41:52]EMOTE: monkey (330)/ : <B>The monkey (330)</B> jumps!
[02:41:57]EMOTE: monkey (86)/ : <B>The monkey (86)</B> jumps!
[02:44:19]EMOTE: monkey (745)/ : <B>The monkey (745)</B> jumps!
[02:44:23]EMOTE: monkey (845)/ : <B>The monkey (845)</B> jumps!
[02:45:25]EMOTE: monkey (745)/ : <B>The monkey (745)</B> jumps!
[02:46:40]EMOTE: monkey (47)/ : <B>The monkey (47)</B> jumps!
[02:49:21]EMOTE: monkey (845)/ : <B>The monkey (845)</B> jumps!
[02:50:30]EMOTE: monkey (445)/ : <B>The monkey (445)</B> jumps!
[02:52:00]EMOTE: monkey (383)/ : <B>The monkey (383)</B> jumps!
[02:52:20]EMOTE: monkey (86)/ : <B>The monkey (86)</B> jumps!
[02:52:45]EMOTE: monkey (86)/ : <B>The monkey (86)</B> jumps!
[02:54:49]EMOTE: monkey (845)/ : <B>The monkey (845)</B> jumps!
[02:55:01]EMOTE: monkey (745)/ : <B>The monkey (745)</B> jumps!
[02:55:11]EMOTE: monkey (181)/ : <B>The monkey (181)</B> jumps!
[02:56:42]EMOTE: monkey (845)/ : <B>The monkey (845)</B> jumps!
[02:58:12]EMOTE: monkey (845)/ : <B>The monkey (845)</B> jumps!
[02:58:54]EMOTE: monkey (330)/ : <B>The monkey (330)</B> jumps!
[02:59:37]EMOTE: monkey (86)/ : <B>The monkey (86)</B> jumps!
[03:00:14]EMOTE: monkey (330)/ : <B>The monkey (330)</B> jumps!
[03:02:49]EMOTE: monkey (845)/ : <B>The monkey (845)</B> jumps!
[03:04:25]EMOTE: monkey (383)/ : <B>The monkey (383)</B> jumps!
[03:05:21]EMOTE: monkey (86)/ : <B>The monkey (86)</B> jumps!
[03:07:51]EMOTE: monkey (383)/ : <B>The monkey (383)</B> jumps!
[03:08:42]EMOTE: monkey (745)/ : <B>The monkey (745)</B> jumps!
[03:09:03]EMOTE: monkey (445)/ : <B>The monkey (445)</B> jumps!
[03:10:46]EMOTE: monkey (383)/ : <B>The monkey (383)</B> jumps!
[03:12:54]EMOTE: monkey (383)/ : <B>The monkey (383)</B> jumps!
[03:14:03]EMOTE: monkey (330)/ : <B>The monkey (330)</B> jumps!
[03:16:59]EMOTE: monkey (745)/ : <B>The monkey (745)</B> jumps!
[03:18:00]EMOTE: monkey (330)/ : <B>The monkey (330)</B> jumps!
[03:18:57]EMOTE: monkey (383)/ : <B>The monkey (383)</B> jumps!
[03:20:27]EMOTE: monkey (181)/ : <B>The monkey (181)</B> jumps!
[03:21:08]EMOTE: monkey (47)/ : <B>The monkey (47)</B> jumps!
[03:21:10]EMOTE: monkey (445)/ : <B>The monkey (445)</B> jumps!
[03:22:50]EMOTE: monkey (845)/ : <B>The monkey (845)</B> jumps!
[03:24:42]EMOTE: monkey (745)/ : <B>The monkey (745)</B> jumps!
[03:28:56]EMOTE: monkey (86)/ : <B>The monkey (86)</B> jumps!
[03:31:57]EMOTE: monkey (745)/ : <B>The monkey (745)</B> jumps!
[03:33:43]EMOTE: monkey (86)/ : <B>The monkey (86)</B> jumps!
[03:33:57]EMOTE: monkey (745)/ : <B>The monkey (745)</B> jumps!
[03:34:38]EMOTE: monkey (330)/ : <B>The monkey (330)</B> jumps!
[03:36:36]EMOTE: monkey (86)/ : <B>The monkey (86)</B> jumps!
[03:40:27]EMOTE: monkey (181)/ : <B>The monkey (181)</B> jumps!
[03:40:57]EMOTE: monkey (383)/ : <B>The monkey (383)</B> jumps!
[03:41:46]EMOTE: monkey (330)/ : <B>The monkey (330)</B> jumps!
[03:43:28]EMOTE: monkey (445)/ : <B>The monkey (445)</B> jumps!
[03:44:58]EMOTE: monkey (445)/ : <B>The monkey (445)</B> jumps!
[03:45:57]EMOTE: monkey (745)/ : <B>The monkey (745)</B> jumps!
[03:47:02]EMOTE: monkey (86)/ : <B>The monkey (86)</B> jumps!
[03:47:33]EMOTE: monkey (86)/ : <B>The monkey (86)</B> jumps!
[03:48:22]EMOTE: monkey (383)/ : <B>The monkey (383)</B> jumps!
[03:51:09]EMOTE: monkey (445)/ : <B>The monkey (445)</B> jumps!
[03:55:44]EMOTE: monkey (181)/ : <B>The monkey (181)</B> jumps!
[03:57:12]EMOTE: monkey (745)/ : <B>The monkey (745)</B> jumps!
[03:59:01]EMOTE: monkey (845)/ : <B>The monkey (845)</B> jumps!
[04:01:38]EMOTE: monkey (86)/ : <B>The monkey (86)</B> jumps!
[04:04:27]EMOTE: monkey (445)/ : <B>The monkey (445)</B> jumps!
[04:05:01]EMOTE: monkey (445)/ : <B>The monkey (445)</B> jumps!
[04:05:03]EMOTE: monkey (330)/ : <B>The monkey (330)</B> jumps!
[04:08:00]EMOTE: monkey (47)/ : <B>The monkey (47)</B> jumps!
[04:08:57]EMOTE: monkey (845)/ : <B>The monkey (845)</B> jumps!
[04:11:18]EMOTE: monkey (383)/ : <B>The monkey (383)</B> jumps!
[04:11:58]EMOTE: monkey (86)/ : <B>The monkey (86)</B> jumps!
[04:13:32]EMOTE: monkey (383)/ : <B>The monkey (383)</B> jumps!
[04:14:15]EMOTE: monkey (86)/ : <B>The monkey (86)</B> jumps!
[04:16:30]EMOTE: monkey (745)/ : <B>The monkey (745)</B> jumps!
[04:18:46]EMOTE: monkey (845)/ : <B>The monkey (845)</B> jumps!
[04:19:13]EMOTE: monkey (445)/ : <B>The monkey (445)</B> jumps!
[04:19:46]EMOTE: monkey (330)/ : <B>The monkey (330)</B> jumps!
[04:20:24]EMOTE: monkey (86)/ : <B>The monkey (86)</B> jumps!
[04:21:53]ADMIN: Bobrossnibba/(Sage Ali) initiated a reboot.
[04:21:58]ACCESS: Logout: Bobrossnibba[DC]/(Sage Ali)
